#
# A fatal error has been detected by the Java Runtime Environment:
#
#  EXCEPTION_ACCESS_VIOLATION (0xc0000005) at pc=0x00007ffb08a59ef7, pid=1548, tid=20172
#
# JRE version: Java(TM) SE Runtime Environment (22.0.2+9) (build 22.0.2+9-70)
# Java VM: Java HotSpot(TM) 64-Bit Server VM (22.0.2+9-70, mixed mode, sharing, tiered, compressed oops, compressed class ptrs, g1 gc, windows-amd64)
# Problematic frame:
# V  [jvm.dll+0x369ef7]
#
# No core dump will be written. Minidumps are not enabled by default on client versions of Windows
#
# If you would like to submit a bug report, please visit:
#   https://bugreport.java.com/bugreport/crash.jsp
#

---------------  S U M M A R Y ------------

Command Line: -XX:+ShowCodeDetailsInExceptionMessages -agentlib:jdwp=transport=dt_socket,suspend=y,address=localhost:59171 -javaagent:C:\Users\n.ivanov\Downloads\eclipse-jee-2024-09-R-win32-x86_64\eclipse\configuration\org.eclipse.osgi\446\0\.cp\lib\javaagent-shaded.jar -Dfile.encoding=UTF-8 -Dstdout.encoding=UTF-8 -Dstderr.encoding=UTF-8 app.HangManApp

Host: 11th Gen Intel(R) Core(TM) i5-1135G7 @ 2.40GHz, 8 cores, 15G,  Windows 11 , 64 bit Build 22621 (10.0.22621.3958)
Time: Sun Oct 20 23:28:42 2024 FLE Daylight Time elapsed time: 442.074009 seconds (0d 0h 7m 22s)

---------------  T H R E A D  ---------------

Current thread (0x0000019284082a40):  WorkerThread "GC Thread#5"    [id=20172, stack(0x0000002505400000,0x0000002505500000) (1024K)]

Stack: [0x0000002505400000,0x0000002505500000],  sp=0x00000025054fdfc0,  free space=1015k
Native frames: (J=compiled Java code, j=interpreted, Vv=VM code, C=native code)
V  [jvm.dll+0x369ef7]  (no source info available)
V  [jvm.dll+0x3170f0]  (no source info available)
V  [jvm.dll+0x3176f2]  (no source info available)
V  [jvm.dll+0x317205]  (no source info available)
V  [jvm.dll+0x3f41e5]  (no source info available)
V  [jvm.dll+0x81df76]  (no source info available)
V  [jvm.dll+0x827cf1]  (no source info available)
V  [jvm.dll+0x36a43a]  (no source info available)
V  [jvm.dll+0x36a2ca]  (no source info available)
V  [jvm.dll+0x3728e4]  (no source info available)
V  [jvm.dll+0x372bfb]  (no source info available)
V  [jvm.dll+0x8a4bb7]  (no source info available)
V  [jvm.dll+0x81dc0b]  (no source info available)
V  [jvm.dll+0x6e0d85]  (no source info available)
C  [ucrtbase.dll+0x29333]  (no source info available)
C  [KERNEL32.DLL+0x1257d]  (no source info available)
C  [ntdll.dll+0x5af08]  (no source info available)

JavaThread 0x0000019289dffbd0 (nid = 8552) was being processed
Java frames: (J=compiled Java code, j=interpreted, Vv=VM code)
j  java.lang.invoke.DirectMethodHandle$Holder.newInvokeSpecial(Ljava/lang/Object;Ljava/lang/Object;)Ljava/lang/Object;+16 java.base@22.0.2
J 3357 c1 java.lang.invoke.LambdaForm$MH+0x00000192bf001c00.invoke(Ljava/lang/Object;Ljava/lang/Object;)Ljava/lang/Object; java.base@22.0.2 (35 bytes) @ 0x00000192a72b8314 [0x00000192a72b7de0+0x0000000000000534]
J 9657 c2 java.lang.reflect.Constructor.newInstanceWithCaller([Ljava/lang/Object;ZLjava/lang/Class;)Ljava/lang/Object; java.base@22.0.2 (51 bytes) @ 0x00000192ae727c14 [0x00000192ae7279c0+0x0000000000000254]
J 3529 c1 org.springframework.beans.BeanUtils.instantiateClass(Ljava/lang/reflect/Constructor;[Ljava/lang/Object;)Ljava/lang/Object; (208 bytes) @ 0x00000192a733d3a4 [0x00000192a733c6c0+0x0000000000000ce4]
j  org.springframework.beans.factory.support.SimpleInstantiationStrategy.instantiate(Lorg/springframework/beans/factory/support/RootBeanDefinition;Ljava/lang/String;Lorg/springframework/beans/factory/BeanFactory;Ljava/lang/reflect/Constructor;[Ljava/lang/Object;)Ljava/lang/Object;+11
j  org.springframework.beans.factory.support.ConstructorResolver.instantiate(Ljava/lang/String;Lorg/springframework/beans/factory/support/RootBeanDefinition;Ljava/lang/reflect/Constructor;[Ljava/lang/Object;)Ljava/lang/Object;+20
j  org.springframework.beans.factory.support.ConstructorResolver.autowireConstructor(Ljava/lang/String;Lorg/springframework/beans/factory/support/RootBeanDefinition;[Ljava/lang/reflect/Constructor;[Ljava/lang/Object;)Lorg/springframework/beans/BeanWrapper;+900
j  org.springframework.beans.factory.support.AbstractAutowireCapableBeanFactory.autowireConstructor(Ljava/lang/String;Lorg/springframework/beans/factory/support/RootBeanDefinition;[Ljava/lang/reflect/Constructor;[Ljava/lang/Object;)Lorg/springframework/beans/BeanWrapper;+13
J 8968 c1 org.springframework.beans.factory.support.AbstractAutowireCapableBeanFactory.createBeanInstance(Ljava/lang/String;Lorg/springframework/beans/factory/support/RootBeanDefinition;[Ljava/lang/Object;)Lorg/springframework/beans/BeanWrapper; (245 bytes) @ 0x00000192a7c5024c [0x00000192a7c4ede0+0x000000000000146c]
J 6756 c1 org.springframework.beans.factory.support.AbstractAutowireCapableBeanFactory.doCreateBean(Ljava/lang/String;Lorg/springframework/beans/factory/support/RootBeanDefinition;[Ljava/lang/Object;)Ljava/lang/Object; (469 bytes) @ 0x00000192a7787cd4 [0x00000192a77877a0+0x0000000000000534]
j  org.springframework.beans.factory.support.AbstractAutowireCapableBeanFactory.createBean(Ljava/lang/String;Lorg/springframework/beans/factory/support/RootBeanDefinition;[Ljava/lang/Object;)Ljava/lang/Object;+153
j  org.springframework.beans.factory.support.AbstractBeanFactory.lambda$doGetBean$0(Ljava/lang/String;Lorg/springframework/beans/factory/support/RootBeanDefinition;[Ljava/lang/Object;)Ljava/lang/Object;+4
J 9853 c1 org.springframework.beans.factory.support.AbstractBeanFactory$$Lambda+0x00000192bf264268.getObject()Ljava/lang/Object; (20 bytes) @ 0x00000192a6cc1e6c [0x00000192a6cc1dc0+0x00000000000000ac]
j  org.springframework.beans.factory.support.DefaultSingletonBeanRegistry.getSingleton(Ljava/lang/String;Lorg/springframework/beans/factory/ObjectFactory;)Ljava/lang/Object;+114
J 3154 c1 org.springframework.beans.factory.support.AbstractBeanFactory.doGetBean(Ljava/lang/String;Ljava/lang/Class;[Ljava/lang/Object;Z)Ljava/lang/Object; (787 bytes) @ 0x00000192a72279f4 [0x00000192a72257e0+0x0000000000002214]
J 6612 c1 org.springframework.beans.factory.support.AbstractBeanFactory.getBean(Ljava/lang/String;)Ljava/lang/Object; (9 bytes) @ 0x00000192a7625f6c [0x00000192a7625e40+0x000000000000012c]
j  org.springframework.beans.factory.support.DefaultListableBeanFactory.preInstantiateSingletons()V+152
j  org.springframework.context.support.AbstractApplicationContext.finishBeanFactoryInitialization(Lorg/springframework/beans/factory/config/ConfigurableListableBeanFactory;)V+173
j  org.springframework.context.support.AbstractApplicationContext.refresh()V+94
j  org.springframework.boot.web.servlet.context.ServletWebServerApplicationContext.refresh()V+1
j  org.springframework.boot.SpringApplication.refresh(Lorg/springframework/context/ConfigurableApplicationContext;)V+1
j  org.springframework.boot.SpringApplication.refreshContext(Lorg/springframework/context/ConfigurableApplicationContext;)V+16
j  org.springframework.boot.SpringApplication.run([Ljava/lang/String;)Lorg/springframework/context/ConfigurableApplicationContext;+110
j  org.springframework.boot.SpringApplication.run([Ljava/lang/Class;[Ljava/lang/String;)Lorg/springframework/context/ConfigurableApplicationContext;+9
j  org.springframework.boot.SpringApplication.run(Ljava/lang/Class;[Ljava/lang/String;)Lorg/springframework/context/ConfigurableApplicationContext;+9
j  app.HangManApp.main([Ljava/lang/String;)V+3
j  java.lang.invoke.LambdaForm$DMH+0x00000192bf0b9000.invokeStatic(Ljava/lang/Object;Ljava/lang/Object;)V+10 java.base@22.0.2
j  java.lang.invoke.LambdaForm$MH+0x00000192bf0ba000.invoke(Ljava/lang/Object;Ljava/lang/Object;Ljava/lang/Object;)Ljava/lang/Object;+33 java.base@22.0.2
J 7814 c2 java.lang.reflect.Method.invoke(Ljava/lang/Object;[Ljava/lang/Object;)Ljava/lang/Object; java.base@22.0.2 (108 bytes) @ 0x00000192aec233e0 [0x00000192aec22f40+0x00000000000004a0]
j  org.springframework.boot.devtools.restart.RestartLauncher.run()V+47
v  ~StubRoutines::call_stub 0x00000192ae0e100d

siginfo: EXCEPTION_ACCESS_VIOLATION (0xc0000005), reading address 0x000019929e8d2594


Registers:
RAX=0x000007ffffffffff, RBX=0x0000002504ffe0c8, RCX=0x0000000000000015, RDX=0x000001929e887ed0
RSP=0x00000025054fdfc0, RBP=0x00000025054fe150, RSI=0x000001928c2bd0d8, RDI=0x000001928c2bd0d8
R8 =0x00007ffb090e9530, R9 =0x000019929e8d2594, R10=0xfffffffffffffff7, R11=0x00000025054fe1b8
R12=0x00000192ffa8a920, R13=0x00000192ffa8ad08, R14=0x0000000000000000, R15=0x00000192ffa8a930
RIP=0x00007ffb08a59ef7, EFLAGS=0x0000000000010212


Register to memory mapping:

RAX=0x000007ffffffffff is an unknown value
RBX=0x0000002504ffe0c8 is pointing into the stack for thread: 0x0000019289dffbd0
RCX=0x0000000000000015 is an unknown value
RDX=0x000001929e887ed0 points into unknown readable memory: 0x00007ffb090dfdb0 | b0 fd 0d 09 fb 7f 00 00
RSP=0x00000025054fdfc0 points into unknown readable memory: 0x00000025054fe010 | 10 e0 4f 05 25 00 00 00
RBP=0x00000025054fe150 points into unknown readable memory: 0x0000000000000000 | 00 00 00 00 00 00 00 00
RSI=0x000001928c2bd0d8 points into unknown readable memory: 0x00007ffb090e9530 | 30 95 0e 09 fb 7f 00 00
RDI=0x000001928c2bd0d8 points into unknown readable memory: 0x00007ffb090e9530 | 30 95 0e 09 fb 7f 00 00
R8 =0x00007ffb090e9530 jvm.dll
R9 =0x000019929e8d2594 is an unknown value
R10=0xfffffffffffffff7 is an unknown value
R11=0x00000025054fe1b8 points into unknown readable memory: 0x00007ffb08a07205 | 05 72 a0 08 fb 7f 00 00
R12=0x00000192ffa8a920 points into unknown readable memory: 0x0000000000000000 | 00 00 00 00 00 00 00 00
R13=0x00000192ffa8ad08 points into unknown readable memory: 0x8a000b92411fb89f | 9f b8 1f 41 92 0b 00 8a
R14=0x0 is null
R15=0x00000192ffa8a930 points into unknown readable memory: 0x00000192ffa8a950 | 50 a9 a8 ff 92 01 00 00

Top of Stack: (sp=0x00000025054fdfc0)
0x00000025054fdfc0:   00000025054fe010 000001928c2bd0d8
0x00000025054fdfd0:   0000000000000000 0000000000000000
0x00000025054fdfe0:   00000025054fe2f0 00007ffb08a070f0
0x00000025054fdff0:   00000025054fe0d8 000001928c2bd0d8
0x00000025054fe000:   0000000000000000 0000000000000000
0x00000025054fe010:   00000192be504fe0 0000001300000001
0x00000025054fe020:   0000000000000044 000000010000000c
0x00000025054fe030:   00000192be440090 0000000000000000
0x00000025054fe040:   0000000000000000 00007ffb08a076f2
0x00000025054fe050:   0000002504ffe0c8 0000019284071ad0
0x00000025054fe060:   0000019284071ad0 0000000000000000
0x00000025054fe070:   0000001000000001 00000192be099960
0x00000025054fe080:   0000019284082a40 0000019200000004
0x00000025054fe090:   00000192be504fe0 00000000000003d8
0x00000025054fe0a0:   00000192be6efdb8 00000000000000b8
0x00000025054fe0b0:   00000192be099960 0000000000000000
0x00000025054fe0c0:   0000000000000000 0000000000000000
0x00000025054fe0d0:   0000000000000000 00000192be504fe0
0x00000025054fe0e0:   0000000000000063 0000000000000000
0x00000025054fe0f0:   000001928c2bd0d8 0000000000000002
0x00000025054fe100:   00000025054fe2f0 00000192be504fe0
0x00000025054fe110:   000000000000000e 0000000000000000
0x00000025054fe120:   0000000000000003 0000000000000000
0x00000025054fe130:   0000000000000000 0000000000000000
0x00000025054fe140:   0000000000000000 0000000000000000
0x00000025054fe150:   0000000000000000 0000000000000000
0x00000025054fe160:   0000000000000000 0000000000000000
0x00000025054fe170:   0000ed2a0ff87857 0000000000000000
0x00000025054fe180:   00000192840078b0 00000000000003d8
0x00000025054fe190:   00000192ffa8ad08 000001928c2bd0d8
0x00000025054fe1a0:   0000000000000000 000001928c2bd180
0x00000025054fe1b0:   000001928c2bd0d8 00007ffb08a07205 

Instructions: (pc=0x00007ffb08a59ef7)
0x00007ffb08a59df7:   8b 17 0f b6 c2 24 03 3c 03 75 06 48 83 e2 fc eb
0x00007ffb08a59e07:   2a 0f b7 44 24 38 4c 8b ca 48 8b 4b 10 48 8d 54
0x00007ffb08a59e17:   24 40 66 89 44 24 40 4c 8b c7 0f b6 44 24 3a 88
0x00007ffb08a59e27:   44 24 42 e8 71 0d ff ff 48 8b d0 48 2b 15 9f 26
0x00007ffb08a59e37:   87 00 8b 0d a1 26 87 00 48 d3 ea 89 16 eb 5e 3c
0x00007ffb08a59e47:   fd 75 3b 41 8b 88 18 02 00 00 48 8b d7 49 8b 80
0x00007ffb08a59e57:   10 02 00 00 48 d3 e0 8b 0d 5c ab 8d 00 48 2b d0
0x00007ffb08a59e67:   48 d3 ea 8b c2 48 8d 0c 40 49 8b 80 a8 05 00 00
0x00007ffb08a59e77:   80 7c 01 01 fd 75 17 c6 44 01 01 ff eb 10 3c fc
0x00007ffb08a59e87:   75 0c 48 8b 4b 10 48 8b d6 e8 4b f1 ff ff 8b 53
0x00007ffb08a59e97:   18 4c 8b c7 48 8b 4b 28 e8 fc 2b fb ff 48 8b 4b
0x00007ffb08a59ea7:   10 e8 93 e6 fe ff 48 8b 7c 24 30 48 8b 5c 24 48
0x00007ffb08a59eb7:   48 83 c4 20 5e c3 cc cc cc 48 89 5c 24 08 57 48
0x00007ffb08a59ec7:   83 ec 20 4c 8b 12 48 8b da 48 8b f9 4d 85 d2 0f
0x00007ffb08a59ed7:   84 cf 00 00 00 48 8b 51 08 49 8b c2 8b 8a c8 05
0x00007ffb08a59ee7:   00 00 48 d3 e8 4c 8d 0c 40 4c 03 8a b8 05 00 00
0x00007ffb08a59ef7:   41 0f b7 01 66 89 44 24 38 41 0f b6 41 02 88 44
0x00007ffb08a59f07:   24 3a 0f b6 44 24 39 84 c0 78 44 49 8b 0a 0f b6
0x00007ffb08a59f17:   c1 24 03 3c 03 75 09 48 83 e1 fc 48 89 0b eb 7b
0x00007ffb08a59f27:   0f b7 44 24 38 48 8d 54 24 40 66 89 44 24 40 4c
0x00007ffb08a59f37:   8b c9 0f b6 44 24 3a 4d 8b c2 48 8b 4f 10 88 44
0x00007ffb08a59f47:   24 42 e8 52 0c ff ff 48 8b c8 48 89 03 eb 4c 3c
0x00007ffb08a59f57:   fd 75 38 8b 8a 18 02 00 00 48 8b 82 10 02 00 00
0x00007ffb08a59f67:   48 d3 e0 8b 0d 50 aa 8d 00 4c 2b d0 49 d3 ea 41
0x00007ffb08a59f77:   8b c2 48 8d 0c 40 48 8b 82 a8 05 00 00 80 7c 01
0x00007ffb08a59f87:   01 fd 75 17 c6 44 01 01 ff eb 10 3c fc 75 0c 48
0x00007ffb08a59f97:   8b 4f 10 48 8b d3 e8 de ef ff ff 48 8b 4f 10 e8
0x00007ffb08a59fa7:   95 e5 fe ff 48 8b 5c 24 30 48 83 c4 20 5f c3 cc
0x00007ffb08a59fb7:   cc cc cc cc cc cc cc cc cc 48 89 5c 24 08 57 48
0x00007ffb08a59fc7:   83 ec 20 8b 02 48 8b fa 48 8b d9 85 c0 0f 84 eb
0x00007ffb08a59fd7:   00 00 00 8b 0d 00 25 87 00 44 8b c0 4c 8b 4b 08
0x00007ffb08a59fe7:   49 d3 e0 4c 03 05 e7 24 87 00 49 8b c0 41 8b 89 


Stack slot to memory mapping:

stack at sp + 0 slots: 0x00000025054fe010 points into unknown readable memory: 0x00000192be504fe0 | e0 4f 50 be 92 01 00 00
stack at sp + 1 slots: 0x000001928c2bd0d8 points into unknown readable memory: 0x00007ffb090e9530 | 30 95 0e 09 fb 7f 00 00
stack at sp + 2 slots: 0x0 is null
stack at sp + 3 slots: 0x0 is null
stack at sp + 4 slots: 0x00000025054fe2f0 points into unknown readable memory: 0x0000002504ffe0b8 | b8 e0 ff 04 25 00 00 00
stack at sp + 5 slots: 0x00007ffb08a070f0 jvm.dll
stack at sp + 6 slots: 0x00000025054fe0d8 points into unknown readable memory: 0x00000192be504fe0 | e0 4f 50 be 92 01 00 00
stack at sp + 7 slots: 0x000001928c2bd0d8 points into unknown readable memory: 0x00007ffb090e9530 | 30 95 0e 09 fb 7f 00 00


---------------  P R O C E S S  ---------------

Threads class SMR info:
_java_thread_list=0x000001928a27cf90, length=23, elements={
0x00000192bd7fcbe0, 0x00000192bd7fdbf0, 0x00000192bd804c90, 0x00000192bd807f90,
0x00000192bd80a220, 0x00000192bd80f470, 0x00000192bd8166e0, 0x00000192bd819960,
0x00000192bda25770, 0x00000192bdb73050, 0x00000192bdc018c0, 0x00000192bdbab850,
0x00000192ff8deaa0, 0x0000019288dc1440, 0x0000019289dfdb00, 0x0000019286c7fbb0,
0x0000019286c80240, 0x0000019289df9960, 0x0000019289dffbd0, 0x0000019289dfd470,
0x0000019289dfc0c0, 0x0000019289dfad10, 0x0000019289dff540
}

Java Threads: ( => current thread )
  0x00000192bd7fcbe0 JavaThread "Reference Handler"          daemon [_thread_blocked, id=7532, stack(0x0000002504100000,0x0000002504200000) (1024K)]
  0x00000192bd7fdbf0 JavaThread "Finalizer"                  daemon [_thread_blocked, id=5272, stack(0x0000002504200000,0x0000002504300000) (1024K)]
  0x00000192bd804c90 JavaThread "Signal Dispatcher"          daemon [_thread_blocked, id=19232, stack(0x0000002504300000,0x0000002504400000) (1024K)]
  0x00000192bd807f90 JavaThread "Attach Listener"            daemon [_thread_blocked, id=6452, stack(0x0000002504400000,0x0000002504500000) (1024K)]
  0x00000192bd80a220 JavaThread "Service Thread"             daemon [_thread_blocked, id=6408, stack(0x0000002504500000,0x0000002504600000) (1024K)]
  0x00000192bd80f470 JavaThread "Monitor Deflation Thread"   daemon [_thread_blocked, id=12772, stack(0x0000002504600000,0x0000002504700000) (1024K)]
  0x00000192bd8166e0 JavaThread "C2 CompilerThread0"         daemon [_thread_blocked, id=17460, stack(0x0000002504700000,0x0000002504800000) (1024K)]
  0x00000192bd819960 JavaThread "C1 CompilerThread0"         daemon [_thread_blocked, id=13116, stack(0x0000002504800000,0x0000002504900000) (1024K)]
  0x00000192bda25770 JavaThread "Common-Cleaner"             daemon [_thread_blocked, id=17964, stack(0x0000002504900000,0x0000002504a00000) (1024K)]
  0x00000192bdb73050 JavaThread "JDWP Transport Listener: dt_socket" daemon [_thread_blocked, id=21916, stack(0x0000002504b00000,0x0000002504c00000) (1024K)]
  0x00000192bdc018c0 JavaThread "JDWP Event Helper Thread"   daemon [_thread_blocked, id=20756, stack(0x0000002504c00000,0x0000002504d00000) (1024K)]
  0x00000192bdbab850 JavaThread "JDWP Command Reader"        daemon [_thread_in_native, id=11996, stack(0x0000002504d00000,0x0000002504e00000) (1024K)]
  0x00000192ff8deaa0 JavaThread "Notification Thread"        daemon [_thread_blocked, id=18696, stack(0x0000002504e00000,0x0000002504f00000) (1024K)]
  0x0000019288dc1440 JavaThread "Live Reload Server"         daemon [_thread_in_native, id=16136, stack(0x0000002506200000,0x0000002506300000) (1024K)]
  0x0000019289dfdb00 JavaThread "DestroyJavaVM"                     [_thread_blocked, id=19692, stack(0x0000002503900000,0x0000002503a00000) (1024K)]
  0x0000019286c7fbb0 JavaThread "Thread-5"                          [_thread_blocked, id=11844, stack(0x0000002503600000,0x0000002503700000) (1024K)]
  0x0000019286c80240 JavaThread "File Watcher"               daemon [_thread_blocked, id=12160, stack(0x0000002503700000,0x0000002503800000) (1024K)]
  0x0000019289df9960 JavaThread "File Watcher"               daemon [_thread_blocked, id=3668, stack(0x0000002504a00000,0x0000002504b00000) (1024K)]
  0x0000019289dffbd0 JavaThread "restartedMain"                     [_thread_blocked, id=8552, stack(0x0000002504f00000,0x0000002505000000) (1024K)]
  0x0000019289dfd470 JavaThread "Catalina-utility-1"                [_thread_blocked, id=16852, stack(0x0000002505900000,0x0000002505a00000) (1024K)]
  0x0000019289dfc0c0 JavaThread "Catalina-utility-2"                [_thread_blocked, id=4304, stack(0x0000002505b00000,0x0000002505c00000) (1024K)]
  0x0000019289dfad10 JavaThread "container-2"                       [_thread_blocked, id=16520, stack(0x0000002505c00000,0x0000002505d00000) (1024K)]
  0x0000019289dff540 JavaThread "HikariPool-4 housekeeper"   daemon [_thread_blocked, id=7052, stack(0x0000002505e00000,0x0000002505f00000) (1024K)]
Total: 23

Other Threads:
  0x00000192bd7e47c0 VMThread "VM Thread"                           [id=10244, stack(0x0000002504000000,0x0000002504100000) (1024K)]
  0x00000192bd7c88e0 WatcherThread "VM Periodic Task Thread"        [id=21828, stack(0x0000002503f00000,0x0000002504000000) (1024K)]
  0x000001929e8de620 WorkerThread "GC Thread#0"                     [id=12164, stack(0x0000002503a00000,0x0000002503b00000) (1024K)]
  0x000001928413edd0 WorkerThread "GC Thread#1"                     [id=11328, stack(0x0000002505000000,0x0000002505100000) (1024K)]
  0x000001928413f180 WorkerThread "GC Thread#2"                     [id=10920, stack(0x0000002505100000,0x0000002505200000) (1024K)]
  0x000001928413f530 WorkerThread "GC Thread#3"                     [id=9912, stack(0x0000002505200000,0x0000002505300000) (1024K)]
  0x0000019284082280 WorkerThread "GC Thread#4"                     [id=16244, stack(0x0000002505300000,0x0000002505400000) (1024K)]
=>0x0000019284082a40 WorkerThread "GC Thread#5"                     [id=20172, stack(0x0000002505400000,0x0000002505500000) (1024K)]
  0x00000192ff92bac0 WorkerThread "GC Thread#6"                     [id=4056, stack(0x0000002505500000,0x0000002505600000) (1024K)]
  0x0000019284182ce0 WorkerThread "GC Thread#7"                     [id=16696, stack(0x0000002505600000,0x0000002505700000) (1024K)]
  0x000001929e8efaf0 ConcurrentGCThread "G1 Main Marker"            [id=6384, stack(0x0000002503b00000,0x0000002503c00000) (1024K)]
  0x000001929e8f0600 WorkerThread "G1 Conc#0"                       [id=17756, stack(0x0000002503c00000,0x0000002503d00000) (1024K)]
  0x00000192870eec10 WorkerThread "G1 Conc#1"                       [id=10764, stack(0x0000002505a00000,0x0000002505b00000) (1024K)]
  0x00000192bd69a280 ConcurrentGCThread "G1 Refine#0"               [id=16628, stack(0x0000002503d00000,0x0000002503e00000) (1024K)]
  0x00000192bd69aab0 ConcurrentGCThread "G1 Service"                [id=10060, stack(0x0000002503e00000,0x0000002503f00000) (1024K)]
Total: 15

Threads with active compile tasks:
Total: 0

VM state: at safepoint (normal execution)

VM Mutex/Monitor currently owned by a thread:  ([mutex/lock_event])
[0x00007ffb0935cb80] Threads_lock - owner thread: 0x00000192bd7e47c0
[0x00007ffb0935cc80] Heap_lock - owner thread: 0x0000019286c80240

Heap address: 0x0000000704600000, size: 4026 MB, Compressed Oops mode: Zero based, Oop shift amount: 3

CDS archive(s) mapped at: [0x00000192be000000-0x00000192bec60000-0x00000192bec60000), size 12976128, SharedBaseAddress: 0x00000192be000000, ArchiveRelocationMode: 1.
Compressed class space mapped at: 0x00000192bf000000-0x00000192ff000000, reserved size: 1073741824
Narrow klass base: 0x00000192be000000, Narrow klass shift: 0, Narrow klass range: 0x41000000

GC Precious Log:
 CardTable entry size: 512
 Card Set container configuration: InlinePtr #cards 4 size 8 Array Of Cards #cards 16 size 48 Howl #buckets 8 coarsen threshold 3686 Howl Bitmap #cards 512 size 80 coarsen threshold 460 Card regions per heap region 1 cards per card region 4096
 CPUs: 8 total, 8 available
 Memory: 16103M
 Large Page Support: Disabled
 NUMA Support: Disabled
 Compressed Oops: Enabled (Zero based)
 Heap Region Size: 2M
 Heap Min Capacity: 8M
 Heap Initial Capacity: 252M
 Heap Max Capacity: 4026M
 Pre-touch: Disabled
 Parallel Workers: 8
 Concurrent Workers: 2
 Concurrent Refinement Workers: 8
 Periodic GC: Disabled

Heap:
 garbage-first heap   total reserved 4122624K, committed 122880K, used 104034K [0x0000000704600000, 0x0000000800000000)
  region size 2048K, 37 young (75776K), 3 survivors (6144K)
 Metaspace       used 86683K, committed 87488K, reserved 1179648K
  class space    used 11266K, committed 11648K, reserved 1048576K

Heap Regions: E=young(eden), S=young(survivor), O=old, HS=humongous(starts), HC=humongous(continues), CS=collection set, F=free, TAMS=top-at-mark-start, PB=parsable bottom
|   0|0x0000000704600000, 0x0000000704800000, 0x0000000704800000|100%| O|  |TAMS 0x0000000704600000| PB 0x0000000704600000| Untracked |  0
|   1|0x0000000704800000, 0x0000000704a00000, 0x0000000704a00000|100%| O|  |TAMS 0x0000000704800000| PB 0x0000000704800000| Untracked |  0
|   2|0x0000000704a00000, 0x0000000704bfffe0, 0x0000000704c00000| 99%| O|  |TAMS 0x0000000704a00000| PB 0x0000000704a00000| Untracked |  0
|   3|0x0000000704c00000, 0x0000000704e00000, 0x0000000704e00000|100%| O|  |TAMS 0x0000000704c00000| PB 0x0000000704c00000| Untracked |  0
|   4|0x0000000704e00000, 0x0000000705000000, 0x0000000705000000|100%| O|  |TAMS 0x0000000704e00000| PB 0x0000000704e00000| Untracked |  0
|   5|0x0000000705000000, 0x00000007051fffe8, 0x0000000705200000| 99%| O|  |TAMS 0x0000000705000000| PB 0x0000000705000000| Untracked |  0
|   6|0x0000000705200000, 0x00000007053ffd78, 0x0000000705400000| 99%| O|  |TAMS 0x0000000705200000| PB 0x0000000705200000| Untracked |  0
|   7|0x0000000705400000, 0x00000007055ffff8, 0x0000000705600000| 99%| O|  |TAMS 0x0000000705400000| PB 0x0000000705400000| Untracked |  0
|   8|0x0000000705600000, 0x00000007057e6dd8, 0x0000000705800000| 95%| O|  |TAMS 0x0000000705600000| PB 0x0000000705600000| Untracked |  0
|   9|0x0000000705800000, 0x0000000705a00000, 0x0000000705a00000|100%| O|  |TAMS 0x0000000705800000| PB 0x0000000705800000| Untracked |  0
|  10|0x0000000705a00000, 0x0000000705bfffb0, 0x0000000705c00000| 99%| O|  |TAMS 0x0000000705a00000| PB 0x0000000705a00000| Untracked |  0
|  11|0x0000000705c00000, 0x0000000705df8c50, 0x0000000705e00000| 98%| O|  |TAMS 0x0000000705c00000| PB 0x0000000705c00000| Untracked |  0
|  12|0x0000000705e00000, 0x0000000705f56220, 0x0000000706000000| 66%| O|  |TAMS 0x0000000705e00000| PB 0x0000000705e00000| Untracked |  0
|  13|0x0000000706000000, 0x00000007061689d8, 0x0000000706200000| 70%| O|  |TAMS 0x0000000706000000| PB 0x0000000706000000| Untracked |  0
|  14|0x0000000706200000, 0x00000007063ffff0, 0x0000000706400000| 99%| O|  |TAMS 0x0000000706200000| PB 0x0000000706200000| Untracked |  0
|  15|0x0000000706400000, 0x00000007065ffff0, 0x0000000706600000| 99%| O|  |TAMS 0x0000000706400000| PB 0x0000000706400000| Untracked |  0
|  16|0x0000000706600000, 0x0000000706610c70, 0x0000000706800000|  3%| O|  |TAMS 0x0000000706600000| PB 0x0000000706600000| Untracked |  0
|  17|0x0000000706800000, 0x0000000706800000, 0x0000000706a00000|  0%| F|  |TAMS 0x0000000706800000| PB 0x0000000706800000| Untracked |  0
|  18|0x0000000706a00000, 0x0000000706a00000, 0x0000000706c00000|  0%| F|  |TAMS 0x0000000706a00000| PB 0x0000000706a00000| Untracked |  0
|  19|0x0000000706c00000, 0x0000000706c0f2e0, 0x0000000706e00000|  2%| O|CS|TAMS 0x0000000706c00000| PB 0x0000000706c00000| Complete |  0
|  20|0x0000000706e00000, 0x0000000706ea7d60, 0x0000000707000000| 32%| O|  |TAMS 0x0000000706e00000| PB 0x0000000706e00000| Untracked |  0
|  21|0x0000000707000000, 0x00000007071a66f8, 0x0000000707200000| 82%| S|  |TAMS 0x0000000707000000| PB 0x0000000707000000| Complete |  0
|  22|0x0000000707200000, 0x0000000707400000, 0x0000000707400000|100%| S|  |TAMS 0x0000000707200000| PB 0x0000000707200000| Complete |  0
|  23|0x0000000707400000, 0x0000000707600000, 0x0000000707600000|100%| S|  |TAMS 0x0000000707400000| PB 0x0000000707400000| Complete |  0
|  24|0x0000000707600000, 0x00000007076436c0, 0x0000000707800000| 13%| E|CS|TAMS 0x0000000707600000| PB 0x0000000707600000| Complete |  0
|  25|0x0000000707800000, 0x0000000707a00000, 0x0000000707a00000|100%| E|CS|TAMS 0x0000000707800000| PB 0x0000000707800000| Complete |  0
|  26|0x0000000707a00000, 0x0000000707c00000, 0x0000000707c00000|100%| E|CS|TAMS 0x0000000707a00000| PB 0x0000000707a00000| Complete |  0
|  27|0x0000000707c00000, 0x0000000707e00000, 0x0000000707e00000|100%| E|CS|TAMS 0x0000000707c00000| PB 0x0000000707c00000| Complete |  0
|  28|0x0000000707e00000, 0x0000000708000000, 0x0000000708000000|100%| E|CS|TAMS 0x0000000707e00000| PB 0x0000000707e00000| Complete |  0
|  29|0x0000000708000000, 0x0000000708200000, 0x0000000708200000|100%| E|CS|TAMS 0x0000000708000000| PB 0x0000000708000000| Complete |  0
|  30|0x0000000708200000, 0x0000000708400000, 0x0000000708400000|100%| E|CS|TAMS 0x0000000708200000| PB 0x0000000708200000| Complete |  0
|  31|0x0000000708400000, 0x0000000708600000, 0x0000000708600000|100%| E|CS|TAMS 0x0000000708400000| PB 0x0000000708400000| Complete |  0
|  32|0x0000000708600000, 0x0000000708800000, 0x0000000708800000|100%| E|CS|TAMS 0x0000000708600000| PB 0x0000000708600000| Complete |  0
|  33|0x0000000708800000, 0x0000000708a00000, 0x0000000708a00000|100%| E|CS|TAMS 0x0000000708800000| PB 0x0000000708800000| Complete |  0
|  34|0x0000000708a00000, 0x0000000708c00000, 0x0000000708c00000|100%| E|CS|TAMS 0x0000000708a00000| PB 0x0000000708a00000| Complete |  0
|  35|0x0000000708c00000, 0x0000000708e00000, 0x0000000708e00000|100%| E|CS|TAMS 0x0000000708c00000| PB 0x0000000708c00000| Complete |  0
|  36|0x0000000708e00000, 0x0000000709000000, 0x0000000709000000|100%| E|CS|TAMS 0x0000000708e00000| PB 0x0000000708e00000| Complete |  0
|  37|0x0000000709000000, 0x0000000709200000, 0x0000000709200000|100%| E|CS|TAMS 0x0000000709000000| PB 0x0000000709000000| Complete |  0
|  38|0x0000000709200000, 0x0000000709400000, 0x0000000709400000|100%| E|CS|TAMS 0x0000000709200000| PB 0x0000000709200000| Complete |  0
|  39|0x0000000709400000, 0x0000000709600000, 0x0000000709600000|100%| E|CS|TAMS 0x0000000709400000| PB 0x0000000709400000| Complete |  0
|  40|0x0000000709600000, 0x0000000709800000, 0x0000000709800000|100%| E|CS|TAMS 0x0000000709600000| PB 0x0000000709600000| Complete |  0
|  41|0x0000000709800000, 0x0000000709a00000, 0x0000000709a00000|100%| E|CS|TAMS 0x0000000709800000| PB 0x0000000709800000| Complete |  0
|  42|0x0000000709a00000, 0x0000000709c00000, 0x0000000709c00000|100%| E|CS|TAMS 0x0000000709a00000| PB 0x0000000709a00000| Complete |  0
|  43|0x0000000709c00000, 0x0000000709e00000, 0x0000000709e00000|100%| E|CS|TAMS 0x0000000709c00000| PB 0x0000000709c00000| Complete |  0
|  44|0x0000000709e00000, 0x000000070a000000, 0x000000070a000000|100%| E|CS|TAMS 0x0000000709e00000| PB 0x0000000709e00000| Complete |  0
|  45|0x000000070a000000, 0x000000070a200000, 0x000000070a200000|100%| E|CS|TAMS 0x000000070a000000| PB 0x000000070a000000| Complete |  0
|  46|0x000000070a200000, 0x000000070a400000, 0x000000070a400000|100%| E|CS|TAMS 0x000000070a200000| PB 0x000000070a200000| Complete |  0
|  47|0x000000070a400000, 0x000000070a600000, 0x000000070a600000|100%| E|CS|TAMS 0x000000070a400000| PB 0x000000070a400000| Complete |  0
|  48|0x000000070a600000, 0x000000070a800000, 0x000000070a800000|100%| E|CS|TAMS 0x000000070a600000| PB 0x000000070a600000| Complete |  0
|  49|0x000000070a800000, 0x000000070aa00000, 0x000000070aa00000|100%| E|CS|TAMS 0x000000070a800000| PB 0x000000070a800000| Complete |  0
|  50|0x000000070aa00000, 0x000000070ac00000, 0x000000070ac00000|100%| E|CS|TAMS 0x000000070aa00000| PB 0x000000070aa00000| Complete |  0
|  51|0x000000070ac00000, 0x000000070ae00000, 0x000000070ae00000|100%| E|CS|TAMS 0x000000070ac00000| PB 0x000000070ac00000| Complete |  0
|  52|0x000000070ae00000, 0x000000070b000000, 0x000000070b000000|100%| E|CS|TAMS 0x000000070ae00000| PB 0x000000070ae00000| Complete |  0
|  53|0x000000070b000000, 0x000000070b200000, 0x000000070b200000|100%| E|CS|TAMS 0x000000070b000000| PB 0x000000070b000000| Complete |  0
|  54|0x000000070b200000, 0x000000070b400000, 0x000000070b400000|100%| E|CS|TAMS 0x000000070b200000| PB 0x000000070b200000| Complete |  0
|  55|0x000000070b400000, 0x000000070b600000, 0x000000070b600000|100%| E|CS|TAMS 0x000000070b400000| PB 0x000000070b400000| Complete |  0
|  56|0x000000070b600000, 0x000000070b800000, 0x000000070b800000|100%| E|CS|TAMS 0x000000070b600000| PB 0x000000070b600000| Complete |  0
|  57|0x000000070b800000, 0x000000070ba00000, 0x000000070ba00000|100%| E|CS|TAMS 0x000000070b800000| PB 0x000000070b800000| Complete |  0
|  58|0x000000070ba00000, 0x000000070bc00000, 0x000000070bc00000|100%| E|CS|TAMS 0x000000070ba00000| PB 0x000000070ba00000| Complete |  0
| 125|0x0000000714000000, 0x0000000714200000, 0x0000000714200000|100%| E|CS|TAMS 0x0000000714000000| PB 0x0000000714000000| Complete |  0

Card table byte_map: [0x00000192b66e0000,0x00000192b6ec0000] _byte_map_base: 0x00000192b2ebd000

Marking Bits: (CMBitMap*) 0x000001929e8ded30
 Bits: [0x00000192b6ec0000, 0x00000192bada8000)

Polling page: 0x000001929c820000

Metaspace:

Usage:
  Non-class:     73.65 MB used.
      Class:     11.00 MB used.
       Both:     84.65 MB used.

Virtual space:
  Non-class space:      128.00 MB reserved,      74.06 MB ( 58%) committed,  2 nodes.
      Class space:        1.00 GB reserved,      11.38 MB (  1%) committed,  1 nodes.
             Both:        1.12 GB reserved,      85.44 MB (  7%) committed. 

Chunk freelists:
   Non-Class:  5.77 MB
       Class:  4.67 MB
        Both:  10.44 MB

MaxMetaspaceSize: unlimited
CompressedClassSpaceSize: 1.00 GB
Initial GC threshold: 21.00 MB
Current GC threshold: 140.25 MB
CDS: on
 - commit_granule_bytes: 65536.
 - commit_granule_words: 8192.
 - virtual_space_node_default_size: 8388608.
 - enlarge_chunks_in_place: 1.
 - use_allocation_guard: 0.


Internal statistics:

num_allocs_failed_limit: 9.
num_arena_births: 1076.
num_arena_deaths: 12.
num_vsnodes_births: 3.
num_vsnodes_deaths: 0.
num_space_committed: 1367.
num_space_uncommitted: 0.
num_chunks_returned_to_freelist: 23.
num_chunks_taken_from_freelist: 4240.
num_chunk_merges: 8.
num_chunk_splits: 3042.
num_chunks_enlarged: 2407.
num_inconsistent_stats: 0.

CodeHeap 'non-profiled nmethods': size=120000Kb used=7387Kb max_used=7387Kb free=112612Kb
 bounds [0x00000192ae680000, 0x00000192aedc0000, 0x00000192b5bb0000]
CodeHeap 'profiled nmethods': size=120000Kb used=18756Kb max_used=18756Kb free=101243Kb
 bounds [0x00000192a6bb0000, 0x00000192a7e10000, 0x00000192ae0e0000]
CodeHeap 'non-nmethods': size=5760Kb used=2081Kb max_used=2174Kb free=3678Kb
 bounds [0x00000192ae0e0000, 0x00000192ae350000, 0x00000192ae680000]
 total_blobs=9370 nmethods=8577 adapters=695
 compilation: enabled
              stopped_count=0, restarted_count=0
 full_count=0

Compilation events (20 events):
Event: 320.910 Thread 0x00000192bd819960 nmethod 11026 0x00000192a7e04a90 code [0x00000192a7e04cc0, 0x00000192a7e05470]
Event: 320.920 Thread 0x00000192bd8166e0 nmethod 11024 0x00000192aedaca90 code [0x00000192aedaccc0, 0x00000192aedad6e8]
Event: 346.141 Thread 0x00000192bd8166e0 11028       4       java.io.File::listFiles (52 bytes)
Event: 346.149 Thread 0x00000192bd8166e0 nmethod 11028 0x00000192aedadc10 code [0x00000192aedade00, 0x00000192aedae690]
Event: 346.389 Thread 0x00000192bd8166e0 11029       4       org.springframework.boot.devtools.filewatch.DirectorySnapshot::collectFiles (99 bytes)
Event: 346.460 Thread 0x00000192bd8166e0 nmethod 11029 0x00000192aedaeb90 code [0x00000192aedaf160, 0x00000192aedb3568]
Event: 350.528 Thread 0x00000192bd819960 11030       3       java.util.concurrent.atomic.AtomicIntegerFieldUpdater$AtomicIntegerFieldUpdaterImpl::accessCheck (17 bytes)
Event: 350.528 Thread 0x00000192bd819960 nmethod 11030 0x00000192a7e05790 code [0x00000192a7e05940, 0x00000192a7e05b08]
Event: 374.850 Thread 0x00000192bd8166e0 11031       4       java.util.LinkedHashMap::entrySet (5 bytes)
Event: 374.852 Thread 0x00000192bd8166e0 nmethod 11031 0x00000192aedb5e10 code [0x00000192aedb5fa0, 0x00000192aedb61b8]
Event: 375.227 Thread 0x00000192bd8166e0 11032       4       java.util.LinkedHashMap$LinkedEntrySet::iterator (16 bytes)
Event: 375.231 Thread 0x00000192bd8166e0 nmethod 11032 0x00000192aedb6310 code [0x00000192aedb64a0, 0x00000192aedb66f8]
Event: 378.716 Thread 0x00000192bd819960 11033       3       java.util.LinkedHashMap$LinkedKeySet::contains (9 bytes)
Event: 378.716 Thread 0x00000192bd819960 nmethod 11033 0x00000192a7e05c10 code [0x00000192a7e05dc0, 0x00000192a7e05fb0]
Event: 380.370 Thread 0x00000192bd819960 11034       3       java.lang.Thread::interrupted (7 bytes)
Event: 380.370 Thread 0x00000192bd819960 nmethod 11034 0x00000192a7e06090 code [0x00000192a7e06240, 0x00000192a7e064a8]
Event: 424.776 Thread 0x00000192bd8166e0 11035       4       java.util.HashSet::size (8 bytes)
Event: 424.777 Thread 0x00000192bd8166e0 nmethod 11035 0x00000192aedb6890 code [0x00000192aedb6a00, 0x00000192aedb6aa8]
Event: 430.453 Thread 0x00000192bd819960 11036       1       org.apache.catalina.core.ContainerBase::getBackgroundProcessorDelay (5 bytes)
Event: 430.453 Thread 0x00000192bd819960 nmethod 11036 0x00000192aedb6b90 code [0x00000192aedb6d20, 0x00000192aedb6de8]

GC Heap History (20 events):
Event: 5.934 GC heap after
{Heap after GC invocations=18 (full 0):
 garbage-first heap   total reserved 4122624K, committed 108544K, used 28673K [0x0000000704600000, 0x0000000800000000)
  region size 2048K, 3 young (6144K), 3 survivors (6144K)
 Metaspace       used 59200K, committed 59904K, reserved 1114112K
  class space    used 7996K, committed 8320K, reserved 1048576K
}
Event: 5.971 GC heap before
{Heap before GC invocations=18 (full 0):
 garbage-first heap   total reserved 4122624K, committed 108544K, used 32769K [0x0000000704600000, 0x0000000800000000)
  region size 2048K, 6 young (12288K), 3 survivors (6144K)
 Metaspace       used 59653K, committed 60288K, reserved 1114112K
  class space    used 8034K, committed 8320K, reserved 1048576K
}
Event: 5.975 GC heap after
{Heap after GC invocations=19 (full 0):
 garbage-first heap   total reserved 4122624K, committed 108544K, used 29148K [0x0000000704600000, 0x0000000800000000)
  region size 2048K, 3 young (6144K), 3 survivors (6144K)
 Metaspace       used 59653K, committed 60288K, reserved 1114112K
  class space    used 8034K, committed 8320K, reserved 1048576K
}
Event: 6.421 GC heap before
{Heap before GC invocations=20 (full 0):
 garbage-first heap   total reserved 4122624K, committed 102400K, used 84444K [0x0000000704600000, 0x0000000800000000)
  region size 2048K, 30 young (61440K), 3 survivors (6144K)
 Metaspace       used 64178K, committed 64832K, reserved 1114112K
  class space    used 8800K, committed 9088K, reserved 1048576K
}
Event: 6.426 GC heap after
{Heap after GC invocations=21 (full 0):
 garbage-first heap   total reserved 4122624K, committed 102400K, used 31526K [0x0000000704600000, 0x0000000800000000)
  region size 2048K, 3 young (6144K), 3 survivors (6144K)
 Metaspace       used 64178K, committed 64832K, reserved 1114112K
  class space    used 8800K, committed 9088K, reserved 1048576K
}
Event: 6.881 GC heap before
{Heap before GC invocations=21 (full 0):
 garbage-first heap   total reserved 4122624K, committed 102400K, used 86822K [0x0000000704600000, 0x0000000800000000)
  region size 2048K, 30 young (61440K), 3 survivors (6144K)
 Metaspace       used 67925K, committed 68672K, reserved 1114112K
  class space    used 9444K, committed 9792K, reserved 1048576K
}
Event: 6.888 GC heap after
{Heap after GC invocations=22 (full 0):
 garbage-first heap   total reserved 4122624K, committed 102400K, used 33940K [0x0000000704600000, 0x0000000800000000)
  region size 2048K, 4 young (8192K), 4 survivors (8192K)
 Metaspace       used 67925K, committed 68672K, reserved 1114112K
  class space    used 9444K, committed 9792K, reserved 1048576K
}
Event: 7.354 GC heap before
{Heap before GC invocations=22 (full 0):
 garbage-first heap   total reserved 4122624K, committed 102400K, used 85140K [0x0000000704600000, 0x0000000800000000)
  region size 2048K, 29 young (59392K), 4 survivors (8192K)
 Metaspace       used 72181K, committed 72896K, reserved 1114112K
  class space    used 10020K, committed 10368K, reserved 1048576K
}
Event: 7.360 GC heap after
{Heap after GC invocations=23 (full 0):
 garbage-first heap   total reserved 4122624K, committed 102400K, used 35755K [0x0000000704600000, 0x0000000800000000)
  region size 2048K, 3 young (6144K), 3 survivors (6144K)
 Metaspace       used 72181K, committed 72896K, reserved 1114112K
  class space    used 10020K, committed 10368K, reserved 1048576K
}
Event: 7.776 GC heap before
{Heap before GC invocations=23 (full 0):
 garbage-first heap   total reserved 4122624K, committed 102400K, used 86955K [0x0000000704600000, 0x0000000800000000)
  region size 2048K, 29 young (59392K), 3 survivors (6144K)
 Metaspace       used 77114K, committed 77824K, reserved 1179648K
  class space    used 10448K, committed 10752K, reserved 1048576K
}
Event: 7.780 GC heap after
{Heap after GC invocations=24 (full 0):
 garbage-first heap   total reserved 4122624K, committed 122880K, used 37493K [0x0000000704600000, 0x0000000800000000)
  region size 2048K, 2 young (4096K), 2 survivors (4096K)
 Metaspace       used 77114K, committed 77824K, reserved 1179648K
  class space    used 10448K, committed 10752K, reserved 1048576K
}
Event: 16.222 GC heap before
{Heap before GC invocations=25 (full 0):
 garbage-first heap   total reserved 4122624K, committed 122880K, used 105077K [0x0000000704600000, 0x0000000800000000)
  region size 2048K, 36 young (73728K), 2 survivors (4096K)
 Metaspace       used 82711K, committed 83520K, reserved 1179648K
  class space    used 10989K, committed 11328K, reserved 1048576K
}
Event: 16.227 GC heap after
{Heap after GC invocations=26 (full 0):
 garbage-first heap   total reserved 4122624K, committed 122880K, used 38768K [0x0000000704600000, 0x0000000800000000)
  region size 2048K, 3 young (6144K), 3 survivors (6144K)
 Metaspace       used 82711K, committed 83520K, reserved 1179648K
  class space    used 10989K, committed 11328K, reserved 1048576K
}
Event: 215.119 GC heap before
{Heap before GC invocations=26 (full 0):
 garbage-first heap   total reserved 4122624K, committed 122880K, used 73584K [0x0000000704600000, 0x0000000800000000)
  region size 2048K, 22 young (45056K), 3 survivors (6144K)
 Metaspace       used 84341K, committed 85120K, reserved 1179648K
  class space    used 11126K, committed 11456K, reserved 1048576K
}
Event: 215.162 GC heap after
{Heap after GC invocations=27 (full 1):
 garbage-first heap   total reserved 4122624K, committed 122880K, used 32084K [0x0000000704600000, 0x0000000800000000)
  region size 2048K, 0 young (0K), 0 survivors (0K)
 Metaspace       used 84286K, committed 85120K, reserved 1179648K
  class space    used 11120K, committed 11456K, reserved 1048576K
}
Event: 310.694 GC heap before
{Heap before GC invocations=27 (full 1):
 garbage-first heap   total reserved 4122624K, committed 122880K, used 105812K [0x0000000704600000, 0x0000000800000000)
  region size 2048K, 36 young (73728K), 0 survivors (0K)
 Metaspace       used 85307K, committed 86080K, reserved 1179648K
  class space    used 11198K, committed 11584K, reserved 1048576K
}
Event: 310.695 GC heap after
{Heap after GC invocations=28 (full 1):
 garbage-first heap   total reserved 4122624K, committed 122880K, used 34243K [0x0000000704600000, 0x0000000800000000)
  region size 2048K, 2 young (4096K), 2 survivors (4096K)
 Metaspace       used 85307K, committed 86080K, reserved 1179648K
  class space    used 11198K, committed 11584K, reserved 1048576K
}
Event: 320.114 GC heap before
{Heap before GC invocations=29 (full 1):
 garbage-first heap   total reserved 4122624K, committed 122880K, used 101827K [0x0000000704600000, 0x0000000800000000)
  region size 2048K, 36 young (73728K), 2 survivors (4096K)
 Metaspace       used 85997K, committed 86848K, reserved 1179648K
  class space    used 11232K, committed 11584K, reserved 1048576K
}
Event: 320.117 GC heap after
{Heap after GC invocations=30 (full 1):
 garbage-first heap   total reserved 4122624K, committed 122880K, used 34402K [0x0000000704600000, 0x0000000800000000)
  region size 2048K, 2 young (4096K), 2 survivors (4096K)
 Metaspace       used 85997K, committed 86848K, reserved 1179648K
  class space    used 11232K, committed 11584K, reserved 1048576K
}
Event: 442.048 GC heap before
{Heap before GC invocations=30 (full 1):
 garbage-first heap   total reserved 4122624K, committed 122880K, used 101986K [0x0000000704600000, 0x0000000800000000)
  region size 2048K, 36 young (73728K), 2 survivors (4096K)
 Metaspace       used 86683K, committed 87488K, reserved 1179648K
  class space    used 11266K, committed 11648K, reserved 1048576K
}

Dll operation events (14 events):
Event: 0.011 Loaded shared library C:\Program Files\Java\jdk-22\bin\java.dll
Event: 0.044 Loaded shared library C:\Program Files\Java\jdk-22\bin\jsvml.dll
Event: 0.210 Loaded shared library C:\Program Files\Java\jdk-22\bin\zip.dll
Event: 0.213 Loaded shared library C:\Program Files\Java\jdk-22\bin\instrument.dll
Event: 0.216 Loaded shared library C:\Program Files\Java\jdk-22\bin\net.dll
Event: 0.217 Loaded shared library C:\Program Files\Java\jdk-22\bin\nio.dll
Event: 0.219 Loaded shared library C:\Program Files\Java\jdk-22\bin\zip.dll
Event: 0.335 Loaded shared library C:\Program Files\Java\jdk-22\bin\jimage.dll
Event: 0.371 Loaded shared library C:\Program Files\Java\jdk-22\bin\verify.dll
Event: 0.670 Loaded shared library C:\Program Files\Java\jdk-22\bin\management.dll
Event: 0.673 Loaded shared library C:\Program Files\Java\jdk-22\bin\management_ext.dll
Event: 1.237 Loaded shared library C:\Program Files\Java\jdk-22\bin\le.dll
Event: 1.675 Loaded shared library C:\Program Files\Java\jdk-22\bin\sunmscapi.dll
Event: 4.747 Loaded shared library C:\Program Files\Java\jdk-22\bin\extnet.dll

Deoptimization events (20 events):
Event: 320.640 Thread 0x0000019289dffbd0 DEOPT PACKING pc=0x00000192a742696c sp=0x0000002504ff96b0
Event: 320.640 Thread 0x0000019289dffbd0 DEOPT UNPACKING pc=0x00000192ae1388e2 sp=0x0000002504ff8c10 mode 1
Event: 320.640 Thread 0x0000019289dffbd0 DEOPT PACKING pc=0x00000192a7786424 sp=0x0000002504ff97d0
Event: 320.640 Thread 0x0000019289dffbd0 DEOPT UNPACKING pc=0x00000192ae1388e2 sp=0x0000002504ff8ca0 mode 1
Event: 320.640 Thread 0x0000019289dffbd0 DEOPT PACKING pc=0x00000192a742696c sp=0x0000002504ff96a0
Event: 320.640 Thread 0x0000019289dffbd0 DEOPT UNPACKING pc=0x00000192ae1388e2 sp=0x0000002504ff8c18 mode 1
Event: 320.642 Thread 0x0000019289dffbd0 DEOPT PACKING pc=0x00000192a742696c sp=0x0000002504ffb730
Event: 320.642 Thread 0x0000019289dffbd0 DEOPT UNPACKING pc=0x00000192ae1388e2 sp=0x0000002504ffac90 mode 1
Event: 320.642 Thread 0x0000019289dffbd0 DEOPT PACKING pc=0x00000192a7786424 sp=0x0000002504ffb850
Event: 320.642 Thread 0x0000019289dffbd0 DEOPT UNPACKING pc=0x00000192ae1388e2 sp=0x0000002504ffad20 mode 1
Event: 320.642 Thread 0x0000019289dffbd0 DEOPT PACKING pc=0x00000192a742696c sp=0x0000002504ffb720
Event: 320.642 Thread 0x0000019289dffbd0 DEOPT UNPACKING pc=0x00000192ae1388e2 sp=0x0000002504ffac98 mode 1
Event: 320.642 Thread 0x0000019289dffbd0 DEOPT PACKING pc=0x00000192a71aab19 sp=0x0000002504ffaeb0
Event: 320.642 Thread 0x0000019289dffbd0 DEOPT UNPACKING pc=0x00000192ae1388e2 sp=0x0000002504ffa388 mode 1
Event: 320.642 Thread 0x0000019289dffbd0 DEOPT PACKING pc=0x00000192a71a8ffc sp=0x0000002504ffaf40
Event: 320.642 Thread 0x0000019289dffbd0 DEOPT UNPACKING pc=0x00000192ae1388e2 sp=0x0000002504ffa4f0 mode 1
Event: 320.642 Thread 0x0000019289dffbd0 DEOPT PACKING pc=0x00000192a71a6534 sp=0x0000002504ffb0b0
Event: 320.642 Thread 0x0000019289dffbd0 DEOPT UNPACKING pc=0x00000192ae1388e2 sp=0x0000002504ffa650 mode 1
Event: 374.114 Thread 0x0000019289dffbd0 DEOPT PACKING pc=0x00000192ae890fa0 sp=0x0000002504ffe100
Event: 374.115 Thread 0x0000019289dffbd0 DEOPT UNPACKING pc=0x00000192ae1388e2 sp=0x0000002504ffd578 mode 0

Classes loaded (20 events):
Event: 215.683 Loading class java/io/ObjectInputStream$HandleTable
Event: 215.684 Loading class java/io/ObjectInputStream$HandleTable done
Event: 215.684 Loading class java/io/ObjectInputStream$HandleTable$HandleList
Event: 215.684 Loading class java/io/ObjectInputStream$HandleTable$HandleList done
Event: 215.684 Loading class java/io/ObjectInputStream$ValidationList
Event: 215.684 Loading class java/io/ObjectInputStream$ValidationList done
Event: 215.684 Loading class java/io/ObjectInputFilter$Config
Event: 215.684 Loading class java/io/ObjectInputFilter$Config done
Event: 215.684 Loading class java/io/ObjectInputFilter
Event: 215.684 Loading class java/io/ObjectInputFilter done
Event: 215.684 Loading class java/io/ObjectInputFilter$Config$BuiltinFilterFactory
Event: 215.684 Loading class java/io/ObjectInputFilter$Config$BuiltinFilterFactory done
Event: 215.684 Loading class jdk/internal/access/JavaObjectInputFilterAccess
Event: 215.685 Loading class jdk/internal/access/JavaObjectInputFilterAccess done
Event: 215.685 Loading class jdk/internal/event/DeserializationEvent
Event: 215.685 Loading class jdk/internal/event/DeserializationEvent done
Event: 215.686 Loading class java/io/ObjectInputStream$FieldValues
Event: 215.686 Loading class java/io/ObjectInputStream$GetField
Event: 215.686 Loading class java/io/ObjectInputStream$GetField done
Event: 215.686 Loading class java/io/ObjectInputStream$FieldValues done

Classes unloaded (6 events):
Event: 215.130 Thread 0x00000192bd7e47c0 Unloading class 0x00000192bfb28000 'org/apache/jsp/WEB_002dINF/views/multiPlayer_jsp'
Event: 215.130 Thread 0x00000192bd7e47c0 Unloading class 0x00000192bfb10800 'org/apache/jsp/WEB_002dINF/views/multiPlayer_jsp'
Event: 215.130 Thread 0x00000192bd7e47c0 Unloading class 0x00000192bfb10000 'org/apache/jsp/WEB_002dINF/views/error_jsp'
Event: 215.130 Thread 0x00000192bd7e47c0 Unloading class 0x00000192bfb08000 'org/apache/jsp/WEB_002dINF/views/word_002dguesser_jsp'
Event: 215.130 Thread 0x00000192bd7e47c0 Unloading class 0x00000192bfae8800 'org/apache/jsp/WEB_002dINF/views/word_002dgiver_jsp'
Event: 215.130 Thread 0x00000192bd7e47c0 Unloading class 0x00000192bfae8000 'org/apache/jsp/WEB_002dINF/views/welcomePage_jsp'

Classes redefined (0 events):
No events

Internal exceptions (20 events):
Event: 310.620 Thread 0x0000019286c808d0 Exception <a 'sun/nio/fs/WindowsException'{0x0000000707ba6c98}> (0x0000000707ba6c98) 
thrown [s\open\src\hotspot\share\prims\jni.cpp, line 520]
Event: 311.022 Thread 0x0000019286c808d0 Exception <a 'java/lang/NoClassDefFoundError'{0x000000070aa48f98}: org/flywaydb/core/Flyway> (0x000000070aa48f98) 
thrown [s\open\src\hotspot\share\oops\constantPool.cpp, line 872]
Event: 311.023 Thread 0x0000019286c808d0 Exception <a 'java/lang/NoClassDefFoundError'{0x000000070aa495f8}: liquibase/integration/spring/SpringLiquibase> (0x000000070aa495f8) 
thrown [s\open\src\hotspot\share\oops\constantPool.cpp, line 872]
Event: 311.029 Thread 0x0000019286c808d0 Exception <a 'java/lang/NoClassDefFoundError'{0x000000070aa9a698}: org/jooq/DSLContext> (0x000000070aa9a698) 
thrown [s\open\src\hotspot\share\oops\constantPool.cpp, line 872]
Event: 311.031 Thread 0x0000019286c808d0 Exception <a 'java/lang/NoClassDefFoundError'{0x000000070aaa3b38}: org/springframework/batch/core/repository/JobRepository> (0x000000070aaa3b38) 
thrown [s\open\src\hotspot\share\oops\constantPool.cpp, line 872]
Event: 311.032 Thread 0x0000019286c808d0 Exception <a 'java/lang/NoClassDefFoundError'{0x000000070aaa4190}: org/quartz/Scheduler> (0x000000070aaa4190) 
thrown [s\open\src\hotspot\share\oops\constantPool.cpp, line 872]
Event: 311.033 Thread 0x0000019286c808d0 Exception <a 'java/lang/NoClassDefFoundError'{0x000000070aaa4810}: org/springframework/session/jdbc/JdbcIndexedSessionRepository> (0x000000070aaa4810) 
thrown [s\open\src\hotspot\share\oops\constantPool.cpp, line 872]
Event: 311.102 Thread 0x0000019286c808d0 Exception <a 'java/io/FileNotFoundException'{0x000000070a317b08}> (0x000000070a317b08) 
thrown [s\open\src\hotspot\share\prims\jni.cpp, line 520]
Event: 311.365 Thread 0x0000019286c808d0 Exception <a 'java/lang/NoClassDefFoundError'{0x00000007086edcc0}: ServletException> (0x00000007086edcc0) 
thrown [s\open\src\hotspot\share\classfile\systemDictionary.cpp, line 302]
Event: 311.384 Thread 0x0000019289dfeeb0 Exception <a 'java/lang/InterruptedException'{0x00000007087497c8}: sleep interrupted> (0x00000007087497c8) 
thrown [s\open\src\hotspot\share\prims\jvm.cpp, line 3093]
Event: 311.388 Thread 0x0000019286c808d0 Exception <a 'java/lang/NoClassDefFoundError'{0x0000000708783a58}: jakarta/validation/ValidationException> (0x0000000708783a58) 
thrown [s\open\src\hotspot\share\classfile\systemDictionary.cpp, line 302]
Event: 311.388 Thread 0x0000019286c808d0 Exception <a 'java/lang/NoClassDefFoundError'{0x0000000708785918}: liquibase/exception/ChangeLogParseException> (0x0000000708785918) 
thrown [s\open\src\hotspot\share\classfile\systemDictionary.cpp, line 302]
Event: 319.991 Thread 0x0000019289dffbd0 Exception <a 'sun/nio/fs/WindowsException'{0x000000070850b420}> (0x000000070850b420) 
thrown [s\open\src\hotspot\share\prims\jni.cpp, line 520]
Event: 320.242 Thread 0x0000019289dffbd0 Exception <a 'java/lang/NoClassDefFoundError'{0x000000070b38fcc8}: org/flywaydb/core/Flyway> (0x000000070b38fcc8) 
thrown [s\open\src\hotspot\share\oops\constantPool.cpp, line 872]
Event: 320.243 Thread 0x0000019289dffbd0 Exception <a 'java/lang/NoClassDefFoundError'{0x000000070b390328}: liquibase/integration/spring/SpringLiquibase> (0x000000070b390328) 
thrown [s\open\src\hotspot\share\oops\constantPool.cpp, line 872]
Event: 320.247 Thread 0x0000019289dffbd0 Exception <a 'java/lang/NoClassDefFoundError'{0x000000070b3e1910}: org/jooq/DSLContext> (0x000000070b3e1910) 
thrown [s\open\src\hotspot\share\oops\constantPool.cpp, line 872]
Event: 320.248 Thread 0x0000019289dffbd0 Exception <a 'java/lang/NoClassDefFoundError'{0x000000070b3ead90}: org/springframework/batch/core/repository/JobRepository> (0x000000070b3ead90) 
thrown [s\open\src\hotspot\share\oops\constantPool.cpp, line 872]
Event: 320.248 Thread 0x0000019289dffbd0 Exception <a 'java/lang/NoClassDefFoundError'{0x000000070b3eb3e8}: org/quartz/Scheduler> (0x000000070b3eb3e8) 
thrown [s\open\src\hotspot\share\oops\constantPool.cpp, line 872]
Event: 320.249 Thread 0x0000019289dffbd0 Exception <a 'java/lang/NoClassDefFoundError'{0x000000070b3eba68}: org/springframework/session/jdbc/JdbcIndexedSessionRepository> (0x000000070b3eba68) 
thrown [s\open\src\hotspot\share\oops\constantPool.cpp, line 872]
Event: 320.308 Thread 0x0000019289dffbd0 Exception <a 'java/io/FileNotFoundException'{0x000000070a858700}> (0x000000070a858700) 
thrown [s\open\src\hotspot\share\prims\jni.cpp, line 520]

ZGC Phase Switch (0 events):
No events

VM Operations (20 events):
Event: 374.270 Executing VM operation: get/set locals done
Event: 374.271 Executing VM operation: get/set locals
Event: 374.271 Executing VM operation: get/set locals done
Event: 374.271 Executing VM operation: get/set locals
Event: 374.271 Executing VM operation: get/set locals done
Event: 374.272 Executing VM operation: get/set locals
Event: 374.272 Executing VM operation: get/set locals done
Event: 374.273 Executing VM operation: get/set locals
Event: 374.273 Executing VM operation: get/set locals done
Event: 374.273 Executing VM operation: get/set locals
Event: 374.273 Executing VM operation: get/set locals done
Event: 374.274 Executing VM operation: get/set locals
Event: 374.274 Executing VM operation: get/set locals done
Event: 374.274 Executing VM operation: get/set locals
Event: 374.274 Executing VM operation: get/set locals done
Event: 374.275 Executing VM operation: get/set locals
Event: 374.275 Executing VM operation: get/set locals done
Event: 374.275 Executing VM operation: get/set locals
Event: 374.275 Executing VM operation: get/set locals done
Event: 442.048 Executing VM operation: G1CollectForAllocation (G1 Evacuation Pause)

Memory protections (0 events):
No events

Nmethod flushes (20 events):
Event: 310.737 Thread 0x00000192bd7e47c0 flushing  nmethod 0x00000192a721f410
Event: 310.737 Thread 0x00000192bd7e47c0 flushing  nmethod 0x00000192a7221510
Event: 310.737 Thread 0x00000192bd7e47c0 flushing  nmethod 0x00000192a7222d10
Event: 310.737 Thread 0x00000192bd7e47c0 flushing  nmethod 0x00000192a7224310
Event: 310.737 Thread 0x00000192bd7e47c0 flushing  nmethod 0x00000192a7344b90
Event: 310.737 Thread 0x00000192bd7e47c0 flushing  nmethod 0x00000192a734eb90
Event: 310.737 Thread 0x00000192bd7e47c0 flushing  nmethod 0x00000192a7481810
Event: 310.737 Thread 0x00000192bd7e47c0 flushing  nmethod 0x00000192a7481d90
Event: 310.738 Thread 0x00000192bd7e47c0 flushing  nmethod 0x00000192a7483d90
Event: 310.738 Thread 0x00000192bd7e47c0 flushing  nmethod 0x00000192a7485b10
Event: 310.738 Thread 0x00000192bd7e47c0 flushing  nmethod 0x00000192a7623e90
Event: 310.738 Thread 0x00000192bd7e47c0 flushing  nmethod 0x00000192a7649d10
Event: 310.738 Thread 0x00000192bd7e47c0 flushing  nmethod 0x00000192a7653a10
Event: 310.738 Thread 0x00000192bd7e47c0 flushing  nmethod 0x00000192a76b1210
Event: 310.738 Thread 0x00000192bd7e47c0 flushing  nmethod 0x00000192a76be990
Event: 310.738 Thread 0x00000192bd7e47c0 flushing  nmethod 0x00000192a77e5a90
Event: 310.738 Thread 0x00000192bd7e47c0 flushing  nmethod 0x00000192a77e6010
Event: 310.738 Thread 0x00000192bd7e47c0 flushing  nmethod 0x00000192a77e8410
Event: 310.738 Thread 0x00000192bd7e47c0 flushing  nmethod 0x00000192a77e8790
Event: 310.738 Thread 0x00000192bd7e47c0 flushing  nmethod 0x00000192a785e390

Events (20 events):
Event: 311.384 Thread 0x0000019289dfeeb0 Thread exited: 0x0000019289dfeeb0
Event: 311.384 Thread 0x0000019289dff540 Thread exited: 0x0000019289dff540
Event: 311.384 Thread 0x0000019286c7f520 Thread exited: 0x0000019286c7f520
Event: 311.392 Thread 0x0000019286c808d0 Thread exited: 0x0000019286c808d0
Event: 311.392 Thread 0x0000019286c7fbb0 Thread added: 0x0000019289df9960
Event: 316.401 Thread 0x00000192ff9083f0 Thread exited: 0x00000192ff9083f0
Event: 319.187 Thread 0x00000192ff907d20 Thread exited: 0x00000192ff907d20
Event: 319.978 Thread 0x0000019286c7fbb0 Thread added: 0x0000019289dffbd0
Event: 319.995 Thread 0x00000192bd819960 Thread added: 0x00000192ff907d20
Event: 320.041 Thread 0x0000019289dffbd0 Thread added: 0x0000019289dfeeb0
Event: 320.061 Thread 0x0000019289dfeeb0 Thread exited: 0x0000019289dfeeb0
Event: 320.195 Thread 0x00000192bd8166e0 Thread added: 0x00000192ff9083f0
Event: 320.361 Thread 0x0000019289dffbd0 Thread added: 0x0000019289dfd470
Event: 320.361 Thread 0x0000019289dffbd0 Thread added: 0x0000019289dfc0c0
Event: 320.362 Thread 0x0000019289dffbd0 Thread added: 0x0000019289dfad10
Event: 320.412 Thread 0x0000019289dffbd0 Thread added: 0x0000019289dff540
Event: 320.525 Thread 0x0000019289dff540 Thread added: 0x0000019289dfba30
Event: 320.860 Thread 0x00000192ff9083f0 Thread exited: 0x00000192ff9083f0
Event: 320.860 Thread 0x00000192ff907d20 Thread exited: 0x00000192ff907d20
Event: 325.966 Thread 0x0000019289dfba30 Thread exited: 0x0000019289dfba30


Dynamic libraries:
0x00007ff719090000 - 0x00007ff7190a0000 	C:\Program Files\Java\jdk-22\bin\javaw.exe
0x00007ffb8e090000 - 0x00007ffb8e2a7000 	C:\Windows\SYSTEM32\ntdll.dll
0x00007ffb8d200000 - 0x00007ffb8d2c4000 	C:\Windows\System32\KERNEL32.DLL
0x00007ffb8b770000 - 0x00007ffb8bb27000 	C:\Windows\System32\KERNELBASE.dll
0x00007ffb8b5b0000 - 0x00007ffb8b6c1000 	C:\Windows\System32\ucrtbase.dll
0x00007ffb84f90000 - 0x00007ffb84fa7000 	C:\Program Files\Java\jdk-22\bin\jli.dll
0x00007ffb81700000 - 0x00007ffb8171b000 	C:\Program Files\Java\jdk-22\bin\VCRUNTIME140.dll
0x00007ffb8d550000 - 0x00007ffb8d6ff000 	C:\Windows\System32\USER32.dll
0x00007ffb8bb60000 - 0x00007ffb8bb86000 	C:\Windows\System32\win32u.dll
0x00007ffb8cb40000 - 0x00007ffb8cb69000 	C:\Windows\System32\GDI32.dll
0x00007ffb8b420000 - 0x00007ffb8b538000 	C:\Windows\System32\gdi32full.dll
0x00007ffb76a00000 - 0x00007ffb76c93000 	C:\Windows\WinSxS\amd64_microsoft.windows.common-controls_6595b64144ccf1df_6.0.22621.3672_none_2713b9d173822955\COMCTL32.dll
0x00007ffb8b6d0000 - 0x00007ffb8b76a000 	C:\Windows\System32\msvcp_win.dll
0x00007ffb8d2d0000 - 0x00007ffb8d377000 	C:\Windows\System32\msvcrt.dll
0x00007ffb8cdf0000 - 0x00007ffb8ce21000 	C:\Windows\System32\IMM32.DLL
0x00007ffb82a20000 - 0x00007ffb82a2c000 	C:\Program Files\Java\jdk-22\bin\vcruntime140_1.dll
0x00007ffb78740000 - 0x00007ffb787ce000 	C:\Program Files\Java\jdk-22\bin\msvcp140.dll
0x00007ffb086f0000 - 0x00007ffb09439000 	C:\Program Files\Java\jdk-22\bin\server\jvm.dll
0x00007ffb8ce30000 - 0x00007ffb8cee2000 	C:\Windows\System32\ADVAPI32.dll
0x00007ffb8d700000 - 0x00007ffb8d7a8000 	C:\Windows\System32\sechost.dll
0x00007ffb8bb30000 - 0x00007ffb8bb58000 	C:\Windows\System32\bcrypt.dll
0x00007ffb8d0e0000 - 0x00007ffb8d1f4000 	C:\Windows\System32\RPCRT4.dll
0x00007ffb8d050000 - 0x00007ffb8d0c1000 	C:\Windows\System32\WS2_32.dll
0x00007ffb8a210000 - 0x00007ffb8a25d000 	C:\Windows\SYSTEM32\POWRPROF.dll
0x00007ffb81cb0000 - 0x00007ffb81ce4000 	C:\Windows\SYSTEM32\WINMM.dll
0x00007ffb7d750000 - 0x00007ffb7d75a000 	C:\Windows\SYSTEM32\VERSION.dll
0x00007ffb8a1f0000 - 0x00007ffb8a203000 	C:\Windows\SYSTEM32\UMPDC.dll
0x00007ffb8a4a0000 - 0x00007ffb8a4b8000 	C:\Windows\SYSTEM32\kernel.appcore.dll
0x00007ffb816f0000 - 0x00007ffb816fa000 	C:\Program Files\Java\jdk-22\bin\jimage.dll
0x00007ffb88c00000 - 0x00007ffb88e32000 	C:\Windows\SYSTEM32\DBGHELP.DLL
0x00007ffb8d840000 - 0x00007ffb8dbce000 	C:\Windows\System32\combase.dll
0x00007ffb8bf40000 - 0x00007ffb8c017000 	C:\Windows\System32\OLEAUT32.dll
0x00007ffb67300000 - 0x00007ffb67332000 	C:\Windows\SYSTEM32\dbgcore.DLL
0x00007ffb8b3a0000 - 0x00007ffb8b41b000 	C:\Windows\System32\bcryptPrimitives.dll
0x00007ffb81260000 - 0x00007ffb8129c000 	C:\Program Files\Java\jdk-22\bin\jdwp.dll
0x00007ffb81300000 - 0x00007ffb8130f000 	C:\Program Files\Java\jdk-22\bin\instrument.dll
0x00007ffb812e0000 - 0x00007ffb812fe000 	C:\Program Files\Java\jdk-22\bin\java.dll
0x00007ffb8c100000 - 0x00007ffb8c969000 	C:\Windows\System32\SHELL32.dll
0x00007ffb8cbe0000 - 0x00007ffb8cd85000 	C:\Windows\System32\ole32.dll
0x00007ffb89220000 - 0x00007ffb89b1f000 	C:\Windows\SYSTEM32\windows.storage.dll
0x00007ffb890e0000 - 0x00007ffb8921f000 	C:\Windows\SYSTEM32\wintypes.dll
0x00007ffb8bdc0000 - 0x00007ffb8beb9000 	C:\Windows\System32\SHCORE.dll
0x00007ffb8c0a0000 - 0x00007ffb8c0fe000 	C:\Windows\System32\shlwapi.dll
0x00007ffb8b2d0000 - 0x00007ffb8b2f7000 	C:\Windows\SYSTEM32\profapi.dll
0x00007ffb78660000 - 0x00007ffb78737000 	C:\Program Files\Java\jdk-22\bin\jsvml.dll
0x00007ffb81250000 - 0x00007ffb8125c000 	C:\Program Files\Java\jdk-22\bin\dt_socket.dll
0x00007ffb89c40000 - 0x00007ffb89c6d000 	C:\Windows\SYSTEM32\IPHLPAPI.DLL
0x00007ffb8a900000 - 0x00007ffb8a969000 	C:\Windows\system32\mswsock.dll
0x00007ffb89c70000 - 0x00007ffb89d72000 	C:\Windows\SYSTEM32\DNSAPI.dll
0x00007ffb8cb30000 - 0x00007ffb8cb39000 	C:\Windows\System32\NSI.dll
0x00007ffb81bb0000 - 0x00007ffb81bba000 	C:\Windows\System32\rasadhlp.dll
0x00007ffb82df0000 - 0x00007ffb82e73000 	C:\Windows\System32\fwpuclnt.dll
0x00007ffb79440000 - 0x00007ffb79457000 	C:\Program Files\Java\jdk-22\bin\zip.dll
0x00007ffb79430000 - 0x00007ffb79440000 	C:\Program Files\Java\jdk-22\bin\net.dll
0x00007ffb79410000 - 0x00007ffb79426000 	C:\Program Files\Java\jdk-22\bin\nio.dll
0x00007ffb79400000 - 0x00007ffb79410000 	C:\Program Files\Java\jdk-22\bin\verify.dll
0x00007ffb793f0000 - 0x00007ffb793fa000 	C:\Program Files\Java\jdk-22\bin\management.dll
0x00007ffb793e0000 - 0x00007ffb793eb000 	C:\Program Files\Java\jdk-22\bin\management_ext.dll
0x00007ffb8d430000 - 0x00007ffb8d438000 	C:\Windows\System32\PSAPI.DLL
0x00007ffb79140000 - 0x00007ffb7914b000 	C:\Program Files\Java\jdk-22\bin\le.dll
0x00007ffb79130000 - 0x00007ffb7913e000 	C:\Program Files\Java\jdk-22\bin\sunmscapi.dll
0x00007ffb8bc50000 - 0x00007ffb8bdb6000 	C:\Windows\System32\CRYPT32.dll
0x00007ffb8ad60000 - 0x00007ffb8ad8d000 	C:\Windows\SYSTEM32\ncrypt.dll
0x00007ffb8ad20000 - 0x00007ffb8ad57000 	C:\Windows\SYSTEM32\NTASN1.dll
0x00007ffb8ac50000 - 0x00007ffb8ac6b000 	C:\Windows\SYSTEM32\CRYPTSP.dll
0x00007ffb8a400000 - 0x00007ffb8a435000 	C:\Windows\system32\rsaenh.dll
0x00007ffb8a9a0000 - 0x00007ffb8a9c8000 	C:\Windows\SYSTEM32\USERENV.dll
0x00007ffb8ac30000 - 0x00007ffb8ac3c000 	C:\Windows\SYSTEM32\CRYPTBASE.dll
0x00007ffb79120000 - 0x00007ffb79129000 	C:\Program Files\Java\jdk-22\bin\extnet.dll
0x00007ffb6e8c0000 - 0x00007ffb6e8c8000 	C:\Windows\system32\wshunix.dll

dbghelp: loaded successfully - version: 4.0.5 - missing functions: none
symbol engine: initialized successfully - sym options: 0x614 - pdb path: .;C:\Program Files\Java\jdk-22\bin;C:\Windows\SYSTEM32;C:\Windows\WinSxS\amd64_microsoft.windows.common-controls_6595b64144ccf1df_6.0.22621.3672_none_2713b9d173822955;C:\Program Files\Java\jdk-22\bin\server

VM Arguments:
jvm_args: -XX:+ShowCodeDetailsInExceptionMessages -agentlib:jdwp=transport=dt_socket,suspend=y,address=localhost:59171 -javaagent:C:\Users\n.ivanov\Downloads\eclipse-jee-2024-09-R-win32-x86_64\eclipse\configuration\org.eclipse.osgi\446\0\.cp\lib\javaagent-shaded.jar -Dfile.encoding=UTF-8 -Dstdout.encoding=UTF-8 -Dstderr.encoding=UTF-8 
java_command: app.HangManApp
java_class_path (initial): C:\Users\n.ivanov\Desktop\hangman-niki-ivanov\target\classes;C:\Users\n.ivanov\apache-tomcat-10.1.26\lib\annotations-api.jar;C:\Users\n.ivanov\apache-tomcat-10.1.26\lib\catalina-ant.jar;C:\Users\n.ivanov\apache-tomcat-10.1.26\lib\catalina-ha.jar;C:\Users\n.ivanov\apache-tomcat-10.1.26\lib\catalina-ssi.jar;C:\Users\n.ivanov\apache-tomcat-10.1.26\lib\catalina-storeconfig.jar;C:\Users\n.ivanov\apache-tomcat-10.1.26\lib\catalina-tribes.jar;C:\Users\n.ivanov\apache-tomcat-10.1.26\lib\catalina.jar;C:\Users\n.ivanov\apache-tomcat-10.1.26\lib\ecj-4.27.jar;C:\Users\n.ivanov\apache-tomcat-10.1.26\lib\el-api.jar;C:\Users\n.ivanov\apache-tomcat-10.1.26\lib\jakartaee-migration-1.0.8-shaded.jar;C:\Users\n.ivanov\apache-tomcat-10.1.26\lib\jasper-el.jar;C:\Users\n.ivanov\apache-tomcat-10.1.26\lib\jasper.jar;C:\Users\n.ivanov\apache-tomcat-10.1.26\lib\jaspic-api.jar;C:\Users\n.ivanov\apache-tomcat-10.1.26\lib\jsp-api.jar;C:\Users\n.ivanov\apache-tomcat-10.1.26\lib\servlet-api.jar;C:\Users\n.ivanov\apache-tomcat-10.1.26\lib\tomcat-api.jar;C:\Users\n.ivanov\apache-tomcat-10.1.26\lib\tomcat-coyote-ffm.jar;C:\Users\n.ivanov\apache-tomcat-10.1.26\lib\tomcat-coyote.jar;C:\Users\n.ivanov\apache-tomcat-10.1.26\lib\tomcat-dbcp.jar;C:\Users\n.ivanov\apache-tomcat-10.1.26\lib\tomcat-i18n-cs.jar;C:\Users\n.ivanov\apache-tomcat-10.1.26\lib\tomcat-i18n-de.jar;C:\Users\n.ivanov\apache-tomcat-10.1.26\lib\tomcat-i18n-es.jar;C:\Users\n.ivanov\apache-tomcat-10.1.26\lib\tomcat-i18n-fr.jar;C:\Users\n.ivanov\apache-tomcat-10.1.26\lib\tomcat-i18n-ja.jar;C:\Users\n.ivanov\apache-tomcat-10.1.26\lib\tomcat-i18n-ko.jar;C:\Users\n.ivanov\apache-tomcat-10.1.26\lib\tomcat-i18n-pt-BR.jar;C:\Users\n.ivanov\apache-tomcat-10.1.26\lib\tomcat-i18n-ru.jar;C:\Users\n.ivanov\apache-tomcat-10.1.26\lib\tomcat-i18n-zh-CN.jar;C:\Users\n.ivanov\apache-tomcat-10.1.26\lib\tomcat-jdbc.jar;C:\Users\n.ivanov\apache-tomcat-10.1.26\lib\tomcat-jni.jar;C:\Users\n.ivanov\apache-tomcat-10.1.26\lib\tomcat-util-scan.jar;C:\Users\n.ivanov\apache-tomcat-10.1.26\lib\tomcat-util.jar;C:\Users\n.ivanov\apache-tomcat-10.1.26\lib\tomcat-websocket.jar;C:\Users\n.ivanov\apache-tomcat-10.1.26\lib\websocket-api.jar;C:\Users\n.ivanov\apache-tomcat-10.1.26\lib\websocket-client-api.jar;C:\Users\n.ivanov\.m2\repository\org\springframework\spring-core\6.1.12\spring-core-6.1.12.jar;C:\Users\n.ivanov\.m2\repository\org\springframework\spring-jcl\6.1.12\spring-jcl-6.1.12.jar;C:\Users\n.ivanov\.m2\repository\net\bytebuddy\byte-buddy\1.15.1\byte-buddy-1.15.1.jar;C:\Users\n.ivanov\.m2\repository\javax\servlet\javax.servlet-api\4.0.1\javax.servlet-api-4.0.1.jar;C:\Users\n.ivanov\.m2\repository\org\seleniumhq\selenium\selenium-java\4.24.0\selenium-java-4.24.0.jar;C:\Users\n.ivanov\.m2\repository\org\seleniumhq\selenium\selenium-api\4.24.0\selenium-api-4.24.0.jar;C:\Users\n.ivanov\.m2\repository\org\jspecify\jspecify\1.0.0\jspecify-1.0.0.jar;C:\Users\n.ivanov\.m2\repository\org\seleniumhq\selenium\selenium-chrome-driver\4.24.0\selenium-chrome-driver-4.24.0.jar;C:\Users\n.ivanov\.m2\repository\com\google\auto\service\auto-service-annotations\1.1.1\auto-service-annotations-1.1.1.jar;C:\Users\n.ivanov\.m2\repository\org\seleniumhq\selenium\selenium-chromium-driver\4.24.0\selenium-chromium-driver-4.24.0.jar;C:\Users\n.ivanov\.m2\repository\org\seleniumhq\selenium\selenium-json\4.24.0\selenium-json-4.24.0.jar;C:\Users\n.ivanov\.m2\repository\org\seleniumhq\selenium\selenium-manager\4.24.0\selenium-manager-4.24.0.jar;C:\Users\n.ivanov\.m2\repository\org\seleniumhq\selenium\selenium-devtools-v126\4.24.0\selenium-devtools-v126-4.24.0.jar;C:\Users\n.ivanov\.m2\repository\org\seleniumhq\selenium\selenium-devtools-v127\4.24.0\selenium-devtools-v127-4.24.0.jar;C:\Users\n.ivanov\.m2\repository\org\seleniumhq\selenium\selenium-devtools-v128\4.24.0\selenium-devtools-v128-4.24.0.jar;C:\Users\n.ivanov\.m2\repository\org\seleniumhq\selenium\selenium-devtools-v85\4.24.0\selenium-devtools-v85-4.24.0.jar;C:\Users\n.ivanov\.m2\repository\org\seleniumhq\selenium\selenium-edge-driver\4.24.0\selenium-edge-driver-4.24.0.jar;C:\Users\n.ivanov\.m2\repository\org\seleniumhq\selenium\selenium-firefox-driver\4.24.0\selenium-firefox-driver-4.24.0.jar;C:\Users\n.ivanov\.m2\repository\org\seleniumhq\selenium\selenium-http\4.24.0\selenium-http-4.24.0.jar;C:\Users\n.ivanov\.m2\repository\dev\failsafe\failsafe\3.3.2\failsafe-3.3.2.jar;C:\Users\n.ivanov\.m2\repository\org\seleniumhq\selenium\selenium-ie-driver\4.24.0\selenium-ie-driver-4.24.0.jar;C:\Users\n.ivanov\.m2\repository\org\seleniumhq\selenium\selenium-remote-driver\4.24.0\selenium-remote-driver-4.24.0.jar;C:\Users\n.ivanov\.m2\repository\com\google\guava\guava\33.3.0-jre\guava-33.3.0-jre.jar;C:\Users\n.ivanov\.m2\repository\com\google\guava\failureaccess\1.0.2\failureaccess-1.0.2.jar;C:\Users\n.ivanov\.m2\repository\com\google\guava\listenablefuture\9999.0-empty-to-avoid-conflict-with-guava\listenablefuture-9999.0-empty-to-avoid-conflict-with-guava.jar;C:\Users\n.ivanov\.m2\repository\com\google\code\findbugs\jsr305\3.0.2\jsr305-3.0.2.jar;C:\Users\n.ivanov\.m2\repository\com\google\errorprone\error_prone_annotations\2.28.0\error_prone_annotations-2.28.0.jar;C:\Users\n.ivanov\.m2\repository\com\google\j2objc\j2objc-annotations\3.0.0\j2objc-annotations-3.0.0.jar;C:\Users\n.ivanov\.m2\repository\io\opentelemetry\semconv\opentelemetry-semconv\1.25.0-alpha\opentelemetry-semconv-1.25.0-alpha.jar;C:\Users\n.ivanov\.m2\repository\io\opentelemetry\opentelemetry-api\1.41.0\opentelemetry-api-1.41.0.jar;C:\Users\n.ivanov\.m2\repository\io\opentelemetry\opentelemetry-context\1.41.0\opentelemetry-context-1.41.0.jar;C:\Users\n.ivanov\.m2\repository\io\opentelemetry\opentelemetry-exporter-logging\1.41.0\opentelemetry-exporter-logging-1.41.0.jar;C:\Users\n.ivanov\.m2\repository\io\opentelemetry\opentelemetry-sdk-common\1.41.0\opentelemetry-sdk-common-1.41.0.jar;C:\Users\n.ivanov\.m2\repository\io\opentelemetry\opentelemetry-sdk-extension-autoconfigure-spi\1.41.0\opentelemetry-sdk-extension-autoconfigure-spi-1.41.0.jar;C:\Users\n.ivanov\.m2\repository\io\opentelemetry\opentelemetry-sdk-extension-autoconfigure\1.41.0\opentelemetry-sdk-extension-autoconfigure-1.41.0.jar;C:\Users\n.ivanov\.m2\repository\io\opentelemetry\opentelemetry-api-incubator\1.41.0-alpha\opentelemetry-api-incubator-1.41.0-alpha.jar;C:\Users\n.ivanov\.m2\repository\io\opentelemetry\opentelemetry-sdk-trace\1.41.0\opentelemetry-sdk-trace-1.41.0.jar;C:\Users\n.ivanov\.m2\repository\io\opentelemetry\opentelemetry-sdk\1.41.0\opentelemetry-sdk-1.41.0.jar;C:\Users\n.ivanov\.m2\repository\io\opentelemetry\opentelemetry-sdk-metrics\1.41.0\opentelemetry-sdk-metrics-1.41.0.jar;C:\Users\n.ivanov\.m2\repository\io\opentelemetry\opentelemetry-sdk-logs\1.41.0\opentelemetry-sdk-logs-1.41.0.jar;C:\Users\n.ivanov\.m2\repository\org\seleniumhq\selenium\selenium-os\4.24.0\selenium-os-4.24.0.jar;C:\Users\n.ivanov\.m2\repository\org\apache\commons\commons-exec\1.4.0\commons-exec-1.4.0.jar;C:\Users\n.ivanov\.m2\repository\org\seleniumhq\selenium\selenium-safari-driver\4.24.0\selenium-safari-driver-4.24.0.jar;C:\Users\n.ivanov\.m2\repository\org\seleniumhq\selenium\selenium-support\4.24.0\selenium-support-4.24.0.jar;C:\Users\n.ivanov\.m2\repository\jakarta\servlet\jakarta.servlet-api\6.1.0\jakarta.servlet-api-6.1.0.jar;C:\Users\n.ivanov\.m2\repository\com\fasterxml\jackson\core\jackson-databind\2.17.2\jackson-databind-2.17.2.jar;C:\Users\n.ivanov\.m2\repository\com\fasterxml\jackson\core\jackson-annotations\2.17.2\jackson-annotations-2.17.2.jar;C:\Users\n.ivanov\.m2\repository\com\fasterxml\jackson\core\jackson-core\2.17.2\jackson-core-2.17.2.jar;C:\Users\n.ivanov\.m2\repository\org\springframework\spring-context\6.1.12\spring-context-6.1.12.jar;C:\Users\n.ivanov\.m2\repository\org\springframework\spring-aop\6.1.12\spring-aop-6.1.12.jar;C:\Users\n.ivanov\.m2\repository\org\springframework\spring-beans\6.1.12\spring-beans-6.1.12.jar;C:\Users\n.ivanov\.m2\repository\org\springframework\spring-expression\6.1.12\spring-expression-6.1.12.jar;C:\Users\n.ivanov\.m2\repository\io\micrometer\micrometer-observation\1.12.9\micrometer-observation-1.12.9.jar;C:\Users\n.ivanov\.m2\repository\io\micrometer\micrometer-commons\1.12.9\micrometer-commons-1.12.9.jar;C:\Users\n.ivanov\.m2\repository\org\springframework\boot\spring-boot-starter-web\3.3.4\spring-boot-starter-web-3.3.4.jar;C:\Users\n.ivanov\.m2\repository\org\springframework\boot\spring-boot-starter\3.3.4\spring-boot-starter-3.3.4.jar;C:\Users\n.ivanov\.m2\repository\org\springframework\boot\spring-boot-starter-logging\3.3.4\spring-boot-starter-logging-3.3.4.jar;C:\Users\n.ivanov\.m2\repository\org\slf4j\jul-to-slf4j\2.0.16\jul-to-slf4j-2.0.16.jar;C:\Users\n.ivanov\.m2\repository\jakarta\annotation\jakarta.annotation-api\2.1.1\jakarta.annotation-api-2.1.1.jar;C:\Users\n.ivanov\.m2\repository\org\yaml\snakeyaml\2.2\snakeyaml-2.2.jar;C:\Users\n.ivanov\.m2\repository\org\springframework\boot\spring-boot-starter-json\3.3.4\spring-boot-starter-json-3.3.4.jar;C:\Users\n.ivanov\.m2\repository\com\fasterxml\jackson\datatype\jackson-datatype-jdk8\2.17.2\jackson-datatype-jdk8-2.17.2.jar;C:\Users\n.ivanov\.m2\repository\com\fasterxml\jackson\datatype\jackson-datatype-jsr310\2.17.2\jackson-datatype-jsr310-2.17.2.jar;C:\Users\n.ivanov\.m2\repository\com\fasterxml\jackson\module\jackson-module-parameter-names\2.17.2\jackson-module-parameter-names-2.17.2.jar;C:\Users\n.ivanov\.m2\repository\org\springframework\boot\spring-boot-starter-tomcat\3.3.4\spring-boot-starter-tomcat-3.3.4.jar;C:\Users\n.ivanov\.m2\repository\org\apache\tomcat\embed\tomcat-embed-websocket\10.1.30\tomcat-embed-websocket-10.1.30.jar;C:\Users\n.ivanov\.m2\repository\org\springframework\spring-web\6.1.13\spring-web-6.1.13.jar;C:\Users\n.ivanov\.m2\repository\org\springframework\spring-webmvc\6.1.13\spring-webmvc-6.1.13.jar;C:\Users\n.ivanov\.m2\repository\jakarta\xml\bind\jakarta.xml.bind-api\4.0.2\jakarta.xml.bind-api-4.0.2.jar;C:\Users\n.ivanov\.m2\repository\jakarta\activation\jakarta.activation-api\2.1.3\jakarta.activation-api-2.1.3.jar;C:\Users\n.ivanov\.m2\repository\org\apache\tomcat\embed\tomcat-embed-jasper\11.0.0-M26\tomcat-embed-jasper-11.0.0-M26.jar;C:\Users\n.ivanov\.m2\repository\org\apache\tomcat\embed\tomcat-embed-core\11.0.0-M26\tomcat-embed-core-11.0.0-M26.jar;C:\Users\n.ivanov\.m2\repository\org\apache\tomcat\tomcat-annotations-api\11.0.0-M26\tomcat-annotations-api-11.0.0-M26.jar;C:\Users\n.ivanov\.m2\repository\org\apache\tomcat\embed\tomcat-embed-el\11.0.0-M26\tomcat-embed-el-11.0.0-M26.jar;C:\Users\n.ivanov\.m2\repository\org\eclipse\jdt\ecj\3.38.0\ecj-3.38.0.jar;C:\Users\n.ivanov\.m2\repository\org\springframework\boot\spring-boot-devtools\3.3.4\spring-boot-devtools-3.3.4.jar;C:\Users\n.ivanov\.m2\repository\org\springframework\boot\spring-boot\3.3.4\spring-boot-3.3.4.jar;C:\Users\n.ivanov\.m2\repository\org\springframework\boot\spring-boot-autoconfigure\3.3.4\spring-boot-autoconfigure-3.3.4.jar;C:\Users\n.ivanov\.m2\repository\org\springframework\boot\spring-boot-starter-data-jpa\3.3.4\spring-boot-starter-data-jpa-3.3.4.jar;C:\Users\n.ivanov\.m2\repository\org\springframework\boot\spring-boot-starter-aop\3.3.4\spring-boot-starter-aop-3.3.4.jar;C:\Users\n.ivanov\.m2\repository\org\aspectj\aspectjweaver\1.9.22.1\aspectjweaver-1.9.22.1.jar;C:\Users\n.ivanov\.m2\repository\org\springframework\boot\spring-boot-starter-jdbc\3.3.4\spring-boot-starter-jdbc-3.3.4.jar;C:\Users\n.ivanov\.m2\repository\com\zaxxer\HikariCP\5.1.0\HikariCP-5.1.0.jar;C:\Users\n.ivanov\.m2\repository\org\springframework\spring-jdbc\6.1.13\spring-jdbc-6.1.13.jar;C:\Users\n.ivanov\.m2\repository\org\hibernate\orm\hibernate-core\6.5.3.Final\hibernate-core-6.5.3.Final.jar;C:\Users\n.ivanov\.m2\repository\jakarta\persistence\jakarta.persistence-api\3.1.0\jakarta.persistence-api-3.1.0.jar;C:\Users\n.ivanov\.m2\repository\jakarta\transaction\jakarta.transaction-api\2.0.1\jakarta.transaction-api-2.0.1.jar;C:\Users\n.ivanov\.m2\repository\org\jboss\logging\jboss-logging\3.5.0.Final\jboss-logging-3.5.0.Final.jar;C:\Users\n.ivanov\.m2\repository\org\hibernate\common\hibernate-commons-annotations\6.0.6.Final\hibernate-commons-annotations-6.0.6.Final.jar;C:\Users\n.ivanov\.m2\repository\io\smallrye\jandex\3.1.2\jandex-3.1.2.jar;C:\Users\n.ivanov\.m2\repository\com\fasterxml\classmate\1.5.1\classmate-1.5.1.jar;C:\Users\n.ivanov\.m2\repository\org\glassfish\jaxb\jaxb-runtime\4.0.2\jaxb-runtime-4.0.2.jar;C:\Users\n.ivanov\.m2\repository\org\glassfish\jaxb\jaxb-core\4.0.2\jaxb-core-4.0.2.jar;C:\Users\n.ivanov\.m2\repository\org\eclipse\angus\angus-activation\2.0.0\angus-activation-2.0.0.jar;C:\Users\n.ivanov\.m2\repository\org\glassfish\jaxb\txw2\4.0.2\txw2-4.0.2.jar;C:\Users\n.ivanov\.m2\repository\com\sun\istack\istack-commons-runtime\4.1.1\istack-commons-runtime-4.1.1.jar;C:\Users\n.ivanov\.m2\repository\jakarta\inject\jakarta.inject-api\2.0.1\jakarta.inject-api-2.0.1.jar;C:\Users\n.ivanov\.m2\repository\org\antlr\antlr4-runtime\4.13.0\antlr4-runtime-4.13.0.jar;C:\Users\n.ivanov\.m2\repository\org\springframework\data\spring-data-jpa\3.3.4\spring-data-jpa-3.3.4.jar;C:\Users\n.ivanov\.m2\repository\org\springframework\data\spring-data-commons\3.3.4\spring-data-commons-3.3.4.jar;C:\Users\n.ivanov\.m2\repository\org\springframework\spring-orm\6.1.13\spring-orm-6.1.13.jar;C:\Users\n.ivanov\.m2\repository\org\springframework\spring-tx\6.1.13\spring-tx-6.1.13.jar;C:\Users\n.ivanov\.m2\repository\org\springframework\spring-aspects\6.1.13\spring-aspects-6.1.13.jar;C:\Users\n.ivanov\.m2\repository\org\mariadb\jdbc\mariadb-java-client\3.4.1\mariadb-java-client-3.4.1.jar;C:\Users\n.ivanov\.m2\repository\com\github\waffle\waffle-jna\3.3.0\waffle-jna-3.3.0.jar;C:\Users\n.ivanov\.m2\repository\net\java\dev\jna\jna\5.13.0\jna-5.13.0.jar;C:\Users\n.ivanov\.m2\repository\net\java\dev\jna\jna-platform\5.13.0\jna-platform-5.13.0.jar;C:\Users\n.ivanov\.m2\repository\org\slf4j\jcl-over-slf4j\2.0.7\jcl-over-slf4j-2.0.7.jar;C:\Users\n.ivanov\.m2\repository\com\github\ben-manes\caffeine\caffeine\2.9.3\caffeine-2.9.3.jar;C:\Users\n.ivanov\.m2\repository\org\checkerframework\checker-qual\3.32.0\checker-qual-3.32.0.jar;C:\Users\n.ivanov\.m2\repository\org\slf4j\slf4j-api\2.0.7\slf4j-api-2.0.7.jar;C:\Users\n.ivanov\.m2\repository\ch\qos\logback\logback-classic\1.5.11\logback-classic-1.5.11.jar;C:\Users\n.ivanov\.m2\repository\ch\qos\logback\logback-core\1.5.11\logback-core-1.5.11.jar
Launcher Type: SUN_STANDARD

[Global flags]
     intx CICompilerCount                          = 4                                         {product} {ergonomic}
     uint ConcGCThreads                            = 2                                         {product} {ergonomic}
     uint G1ConcRefinementThreads                  = 8                                         {product} {ergonomic}
   size_t G1HeapRegionSize                         = 2097152                                   {product} {ergonomic}
   size_t InitialHeapSize                          = 264241152                                 {product} {ergonomic}
   size_t MarkStackSize                            = 4194304                                   {product} {ergonomic}
   size_t MaxHeapSize                              = 4221566976                                {product} {ergonomic}
   size_t MaxNewSize                               = 2531262464                                {product} {ergonomic}
   size_t MinHeapDeltaBytes                        = 2097152                                   {product} {ergonomic}
   size_t MinHeapSize                              = 8388608                                   {product} {ergonomic}
    uintx NonNMethodCodeHeapSize                   = 5839372                                {pd product} {ergonomic}
    uintx NonProfiledCodeHeapSize                  = 122909434                              {pd product} {ergonomic}
    uintx ProfiledCodeHeapSize                     = 122909434                              {pd product} {ergonomic}
    uintx ReservedCodeCacheSize                    = 251658240                              {pd product} {ergonomic}
     bool SegmentedCodeCache                       = true                                      {product} {ergonomic}
     bool ShowCodeDetailsInExceptionMessages       = true                                   {manageable} {command line}
   size_t SoftMaxHeapSize                          = 4221566976                             {manageable} {ergonomic}
     bool UseCompressedOops                        = true                           {product lp64_product} {ergonomic}
     bool UseG1GC                                  = true                                      {product} {ergonomic}
     bool UseLargePagesIndividualAllocation        = false                                  {pd product} {ergonomic}

Logging:
Log output configuration:
 #0: stdout all=warning uptime,level,tags foldmultilines=false
 #1: stderr all=off uptime,level,tags foldmultilines=false

Environment Variables:
JAVA_HOME=C:\Program Files\Java\jdk-22
PATH=C:/Users/n.ivanov/Downloads/eclipse-jee-2024-09-R-win32-x86_64/eclipse//plugins/org.eclipse.justj.openjdk.hotspot.jre.full.win32.x86_64_21.0.4.v20240802-1551/jre/bin/server;C:/Users/n.ivanov/Downloads/eclipse-jee-2024-09-R-win32-x86_64/eclipse//plugins/org.eclipse.justj.openjdk.hotspot.jre.full.win32.x86_64_21.0.4.v20240802-1551/jre/bin;C:\Program Files\Common Files\Oracle\Java\javapath;C:\Windows\system32;C:\Windows;C:\Windows\System32\Wbem;C:\Windows\System32\WindowsPowerShell\v1.0\;C:\Windows\System32\OpenSSH\;C:\Program Files\TortoiseGit\bin;C:\Program Files\Git\cmd;C:\Program Files\Java\jdk-22\bin;C:\Program Files\nodejs\;C:\Program Files\Docker\Docker\resources\bin;C:\Users\n.ivanov\AppData\Local\Microsoft\WindowsApps;C:\Users\n.ivanov\AppData\Local\Programs\Microsoft VS Code\bin;C:\Users\n.ivanov\AppData\Roaming\npm;C:\Users\n.ivanov\Downloads\eclipse-jee-2024-09-R-win32-x86_64\eclipse;
USERNAME=n.ivanov
OS=Windows_NT
PROCESSOR_IDENTIFIER=Intel64 Family 6 Model 140 Stepping 1, GenuineIntel
TMP=C:\Users\NAE3D~1.IVA\AppData\Local\Temp
TEMP=C:\Users\NAE3D~1.IVA\AppData\Local\Temp




Periodic native trim disabled

---------------  S Y S T E M  ---------------

OS:
 Windows 11 , 64 bit Build 22621 (10.0.22621.3958)
OS uptime: 3 days 12:36 hours
Hyper-V role detected

CPU: total 8 (initial active 8) (4 cores per cpu, 2 threads per core) family 6 model 140 stepping 1 microcode 0xb6, cx8, cmov, fxsr, ht, mmx, 3dnowpref, sse, sse2, sse3, ssse3, sse4.1, sse4.2, popcnt, lzcnt, tsc, tscinvbit, avx, avx2, aes, erms, clmul, bmi1, bmi2, adx, avx512f, avx512dq, avx512cd, avx512bw, avx512vl, sha, fma, vzeroupper, avx512_vpopcntdq, avx512_vpclmulqdq, avx512_vaes, avx512_vnni, clflush, clflushopt, clwb, avx512_vbmi2, avx512_vbmi, hv, rdtscp, rdpid, fsrm, gfni, avx512_bitalg, f16c, cet_ibt, cet_ss, avx512_ifma
Processor Information for all 8 processors :
  Max Mhz: 2419, Current Mhz: 907, Mhz Limit: 895

Memory: 4k page, system-wide physical 16103M (7207M free)
TotalPageFile size 18535M (AvailPageFile size 5466M)
current process WorkingSet (physical memory assigned to process): 340M, peak: 426M
current process commit charge ("private bytes"): 375M, peak: 462M

vm_info: Java HotSpot(TM) 64-Bit Server VM (22.0.2+9-70) for windows-amd64 JRE (22.0.2+9-70), built on 2024-06-04T16:52:23Z by "mach5one" with MS VC++ 17.6 (VS2022)

END.
