#
# A fatal error has been detected by the Java Runtime Environment:
#
#  EXCEPTION_ACCESS_VIOLATION (0xc0000005) at pc=0x00000267592556c8, pid=6100, tid=2760
#
# JRE version: Java(TM) SE Runtime Environment (22.0.2+9) (build 22.0.2+9-70)
# Java VM: Java HotSpot(TM) 64-Bit Server VM (22.0.2+9-70, mixed mode, sharing, tiered, compressed oops, compressed class ptrs, g1 gc, windows-amd64)
# Problematic frame:
# j  java.lang.invoke.DirectMethodHandle$Holder.newInvokeSpecial(Ljava/lang/Object;Ljava/lang/Object;Ljava/lang/Object;)Ljava/lang/Object;+19 java.base@22.0.2
#
# No core dump will be written. Minidumps are not enabled by default on client versions of Windows
#
# If you would like to submit a bug report, please visit:
#   https://bugreport.java.com/bugreport/crash.jsp
#

---------------  S U M M A R Y ------------

Command Line: -XX:+ShowCodeDetailsInExceptionMessages -agentlib:jdwp=transport=dt_socket,suspend=y,address=localhost:59803 -javaagent:C:\Users\n.ivanov\Downloads\eclipse-jee-2024-09-R-win32-x86_64\eclipse\configuration\org.eclipse.osgi\446\0\.cp\lib\javaagent-shaded.jar -Dfile.encoding=UTF-8 -Dstdout.encoding=UTF-8 -Dstderr.encoding=UTF-8 app.HangManApp

Host: 11th Gen Intel(R) Core(TM) i5-1135G7 @ 2.40GHz, 8 cores, 15G,  Windows 11 , 64 bit Build 22621 (10.0.22621.3958)
Time: Mon Nov 11 18:58:11 2024 FLE Standard Time elapsed time: 5013.458794 seconds (0d 1h 23m 33s)

---------------  T H R E A D  ---------------

Current thread (0x0000026772314310):  JavaThread "restartedMain"        [_thread_in_Java, id=2760, stack(0x000000d0dc100000,0x000000d0dc200000) (1024K)]

Stack: [0x000000d0dc100000,0x000000d0dc200000],  sp=0x000000d0dc1fe470,  free space=1017k
Native frames: (J=compiled Java code, j=interpreted, Vv=VM code, C=native code)
C  0x00000267592556c8  (no source info available)

The last pc belongs to invokestatic (printed below).

siginfo: EXCEPTION_ACCESS_VIOLATION (0xc0000005), reading address 0xffffffffffffffff


Registers:
RAX=0x00000267417fcc78, RBX=0x000002674112d9f0, RCX=0x0000026700095298, RDX=0x0000000000000002
RSP=0x000000d0dc1fe470, RBP=0x000000d0dc1fe4d8, RSI=0x000002676ae63758, RDI=0x000002676989e350
R8 =0x0000000000000004, R9 =0x0000000000000004, R10=0x00007fff47b0c840, R11=0x00000267000998b0
R12=0x0000000000000000, R13=0xfffffffffffffff7, R14=0x000000d0dc1fe508, R15=0x0000026772314310
RIP=0x00000267592556c8, EFLAGS=0x0000000000010282


Register to memory mapping:

RAX=0x00000267417fcc78 is pointing into metadata
RBX={method} {0x000002674112d9f8} 'linkToSpecial' '(Ljava/lang/Object;Ljava/lang/Object;Ljava/lang/Object;Ljava/lang/invoke/MemberName;)V' in 'java/lang/invoke/MethodHandle'
RCX=0x0000026700095298 is pointing into metadata
RDX=0x0000000000000002 is an unknown value
RSP=0x000000d0dc1fe470 is pointing into the stack for thread: 0x0000026772314310
RBP=0x000000d0dc1fe4d8 is pointing into the stack for thread: 0x0000026772314310
RSI=0x000002676ae63758 points into unknown readable memory: 0x80001333725b967a | 7a 96 5b 72 33 13 00 80
RDI=0x000002676989e350 points into unknown readable memory: 0x0000002800000050 | 50 00 00 00 28 00 00 00
R8 =0x0000000000000004 is an unknown value
R9 =0x0000000000000004 is an unknown value
R10=0x00007fff47b0c840 jvm.dll
R11={method} {0x00000267000998b8} 'newInvokeSpecial' '(Ljava/lang/Object;Ljava/lang/Object;Ljava/lang/Object;)Ljava/lang/Object;' in 'java/lang/invoke/DirectMethodHandle$Holder'
R12=0x0 is null
R13=0xfffffffffffffff7 is an unknown value
R14=0x000000d0dc1fe508 is pointing into the stack for thread: 0x0000026772314310
R15=0x0000026772314310 is a thread

Top of Stack: (sp=0x000000d0dc1fe470)
0x000000d0dc1fe470:   0000026759239214 000000070c28cb78
0x000000d0dc1fe480:   000000070ba67360 000000070baa2f40
0x000000d0dc1fe490:   fffffffffffffff7 00000267006efcdb
0x000000d0dc1fe4a0:   0000000000000006 00000267000950d0
0x000000d0dc1fe4b0:   00000267417fcc70 0000000704abe7c0
0x000000d0dc1fe4c0:   00000267000998b0 0000000000000000
0x000000d0dc1fe4d0:   000000d0dc1fe510 00000000e185196f
0x000000d0dc1fe4e0:   000002675313bbef 000000070baa2c50
0x000000d0dc1fe4f0:   000000070baa2f40 000000070c28cb78
0x000000d0dc1fe500:   000000070ba67360 000000070baa2c80
0x000000d0dc1fe510:   000000070baa0c40 0000000704fcd1f8
0x000000d0dc1fe520:   0000000708abced8 0000000708abced8
0x000000d0dc1fe530:   000000070baa2ef8 000000070c28cb78
0x000000d0dc1fe540:   000000070ba67360 000000070baa2ea8
0x000000d0dc1fe550:   000000070ba67360 000000070baa2df0
0x000000d0dc1fe560:   000000070baa2c80 000000070c28cb78
0x000000d0dc1fe570:   000002675313ba84 00007fff472e2e77
0x000000d0dc1fe580:   00000000e185196f 0000026759f5bd6d
0x000000d0dc1fe590:   00000007e174ce6c 000000070baa0c40
0x000000d0dc1fe5a0:   0000000704fcd1f8 000000070baa2a78
0x000000d0dc1fe5b0:   0000000100000002 000000070baa2a78
0x000000d0dc1fe5c0:   000000070baa2f28 000000070baa2ef8
0x000000d0dc1fe5d0:   0000000000000001 0000000000000000
0x000000d0dc1fe5e0:   0000000000000001 00000007e185196f
0x000000d0dc1fe5f0:   0000026759f5b314 0000000000000001
0x000000d0dc1fe600:   0000000000000002 000002675a2a4624
0x000000d0dc1fe610:   000000070baa18f0 000000070baa13e0
0x000000d0dc1fe620:   000000070cd10ba8 0000000400000002
0x000000d0dc1fe630:   000000070baa1a50 0000000700000002
0x000000d0dc1fe640:   000000070baa2a78 000000070baa1af8
0x000000d0dc1fe650:   000000070baa0c40 0000000000000000
0x000000d0dc1fe660:   0000000704fcd1f8 000000070baa2a60 

Instructions: (pc=0x00000267592556c8)
0x00000267592555c8:   ff d0 48 83 c4 20 ff e0 49 83 7f 08 00 0f 84 05
0x00000267592555d8:   00 00 00 e9 20 b9 fd ff 4c 8b 6d c0 4c 8b 75 c8
0x00000267592555e8:   4e 8d 74 f5 00 c3 48 8b 4d d0 41 0f b7 55 01 48
0x00000267592555f8:   8b 49 30 6b d2 18 48 8d 4c 11 08 48 8b 19 48 8b
0x0000026759255608:   5b 08 48 8b 5b 08 48 8b 5b 18 80 bb 20 01 00 00
0x0000026759255618:   05 0f 84 0d 00 00 00 4c 3b bb 30 01 00 00 0f 85
0x0000026759255628:   63 fe ff ff 0f b6 51 15 48 8b 19 4c 89 6d c0 44
0x0000026759255638:   8b ea 0f b6 51 14 49 ba 40 c8 b0 47 ff 7f 00 00
0x0000026759255648:   49 8b 14 d2 52 41 8b d5 4c 8b 6d c0 48 8b 45 d8
0x0000026759255658:   48 85 c0 0f 84 12 00 00 00 48 83 40 08 01 48 83
0x0000026759255668:   58 08 00 48 83 c0 10 48 89 45 d8 48 8b 45 d8 48
0x0000026759255678:   85 c0 0f 84 3d 01 00 00 80 78 f0 0a 0f 85 33 01
0x0000026759255688:   00 00 48 83 c0 08 4c 8b 68 f8 41 83 ed 00 41 83
0x0000026759255698:   fd 02 0f 8c 12 01 00 00 4c 8b 6b 08 45 0f b7 6d
0x00000267592556a8:   2e 4c 2b 28 41 83 ed 01 4e 8b 6c ec 08 4d 85 ed
0x00000267592556b8:   75 0e f6 40 08 01 75 58 f0 48 83 48 08 01 eb 50
0x00000267592556c8:   45 8b 6d 08 49 ba 00 00 00 00 67 02 00 00 4d 03
0x00000267592556d8:   ea 4d 8b d5 4c 33 68 08 49 f7 c5 fc ff ff ff 74
0x00000267592556e8:   2f 41 f6 c5 02 75 29 48 83 78 08 00 74 1e 48 83
0x00000267592556f8:   78 08 01 74 17 4d 8b ea 4c 33 68 08 49 f7 c5 fc
0x0000026759255708:   ff ff ff 74 0b 48 83 48 08 02 eb 04 4c 89 68 08
0x0000026759255718:   48 83 c0 10 4c 8b 68 e8 41 83 ed 02 41 83 fd 02
0x0000026759255728:   0f 8c 84 00 00 00 4c 8b 6b 08 45 0f b7 6d 2e 4c
0x0000026759255738:   2b 28 41 83 ed 01 4e 8b 6c ec 08 4d 85 ed 75 0e
0x0000026759255748:   f6 40 08 01 75 58 f0 48 83 48 08 01 eb 50 45 8b
0x0000026759255758:   6d 08 49 ba 00 00 00 00 67 02 00 00 4d 03 ea 4d
0x0000026759255768:   8b d5 4c 33 68 08 49 f7 c5 fc ff ff ff 74 2f 41
0x0000026759255778:   f6 c5 02 75 29 48 83 78 08 00 74 1e 48 83 78 08
0x0000026759255788:   01 74 17 4d 8b ea 4c 33 68 08 49 f7 c5 fc ff ff
0x0000026759255798:   ff 74 0b 48 83 48 08 02 eb 04 4c 89 68 08 48 83
0x00000267592557a8:   c0 10 4c 8b 68 d8 41 83 ed 04 41 c1 e5 03 49 03
0x00000267592557b8:   c5 48 89 45 d8 4c 8d 6c 24 08 49 8b cd 48 2b cd 


Stack slot to memory mapping:

stack at sp + 0 slots: 0x0000026759239214 is at code_begin+3476 in an Interpreter codelet
return entry points  [0x0000026759238480, 0x000002675923a680]  8704 bytes
stack at sp + 1 slots: 0x000000070c28cb78 is an oop: service.PlayerService 
{0x000000070c28cb78} - klass: 'service/PlayerService'
 - ---- fields (total size 2 words):
 - private 'playerRepository' 'Lrepository/PlayerRepository;' @12  a 'jdk/proxy37/$Proxy466'{0x000000070c26dac8} (0xe184db59)
stack at sp + 2 slots: 0x000000070ba67360 is an oop: service.GameService 
{0x000000070ba67360} - klass: 'service/GameService'
 - ---- fields (total size 5 words):
 - private 'gameRepository' 'Lrepository/GameRepository;' @12  a 'jdk/proxy37/$Proxy467'{0x000000070c00fe58} (0xe1801fcb)
 - private 'playerService' 'Lservice/PlayerService;' @16  a 'service/PlayerService'{0x000000070c28cb78} (0xe185196f)
 - private 'wordService' 'Lservice/WordService;' @20  a 'service/WordService'{0x000000070bc70fc0} (0xe178e1f8)
 - private 'categoryservice' 'Lservice/CategoryService;' @24  a 'service/CategoryService'{0x000000070bc77750} (0xe178eeea)
 - private 'gamePlayerRepository' 'Lrepository/GamePlayerRepository;' @28  a 'jdk/proxy37/$Proxy470'{0x000000070bd6e008} (0xe17adc01)
 - private 'statisticService' 'Lservice/StatisticService;' @32  a 'service/StatisticService'{0x000000070ba4b1a8} (0xe1749635)
stack at sp + 3 slots: 0x000000070baa2f40 is an oop: controller.view.StatisticViewController 
{0x000000070baa2f40} - klass: 'controller/view/StatisticViewController'
 - ---- fields (total size 3 words):
 - private 'gameService' 'Lservice/GameService;' @12  null (0x00000000)
 - private 'playerService' 'Lservice/PlayerService;' @16  null (0x00000000)
stack at sp + 4 slots: 0xfffffffffffffff7 is an unknown value
stack at sp + 5 slots: 0x00000267006efcdb is pointing into metadata
stack at sp + 6 slots: 0x0000000000000006 is an unknown value
stack at sp + 7 slots: 0x00000267000950d0 is pointing into metadata

invokestatic  184 invokestatic  [0x0000026759255440, 0x00000267592557e0]  928 bytes
[MachCode]
  0x0000026759255440: 4883 ec08 | c5fa 1104 | 24eb 1f48 | 83ec 10c5 | fb11 0424 | eb14 4883 | ec10 4889 | 0424 48c7 
  0x0000026759255460: 4424 0800 | 0000 00eb | 0150 488b | 4dd0 410f | b755 0148 | 8b49 306b | d218 488d | 4c11 080f 
  0x0000026759255480: b659 1681 | fbb8 0000 | 000f 8474 | 0100 00bb | b800 0000 | e805 0000 | 00e9 5001 | 0000 488b 
  0x00000267592554a0: d348 8d44 | 2408 4c89 | 6dc0 498b | cfc5 f877 | 4989 afb0 | 0300 0049 | 8987 a003 | 0000 4883 
  0x00000267592554c0: ec20 40f6 | c40f 0f84 | 1900 0000 | 4883 ec08 | 48b8 90d1 | 2647 ff7f | 0000 ffd0 | 4883 c408 
  0x00000267592554e0: e90c 0000 | 0048 b890 | d126 47ff | 7f00 00ff | d048 83c4 | 2049 c787 | a003 0000 | 0000 0000 
  0x0000026759255500: 49c7 87b0 | 0300 0000 | 0000 0049 | c787 a803 | 0000 0000 | 0000 c5f8 | 7741 8b8f | 3405 0000 
  0x0000026759255520: f6c1 010f | 8442 0000 | 00f6 c102 | 0f85 3900 | 0000 4883 | ec20 40f6 | c40f 0f84 | 1900 0000 
  0x0000026759255540: 4883 ec08 | 48b8 c07b | 2647 ff7f | 0000 ffd0 | 4883 c408 | e90c 0000 | 0048 b8c0 | 7b26 47ff 
  0x0000026759255560: 7f00 00ff | d048 83c4 | 20ff e049 | 8b8f e005 | 0000 4885 | c90f 8455 | 0000 008b | 899c 0000 
  0x0000026759255580: 0083 f901 | 0f85 4600 | 0000 498b | 8fe0 0500 | 008b 89a0 | 0000 0048 | 83ec 2040 | f6c4 0f0f 
  0x00000267592555a0: 8419 0000 | 0048 83ec | 0848 b8b0 | 7b26 47ff | 7f00 00ff | d048 83c4 | 08e9 0c00 | 0000 48b8 
  0x00000267592555c0: b07b 2647 | ff7f 0000 | ffd0 4883 | c420 ffe0 | 4983 7f08 | 000f 8405 | 0000 00e9 | 20b9 fdff 
  0x00000267592555e0: 4c8b 6dc0 | 4c8b 75c8 | 4e8d 74f5 | 00c3 488b | 4dd0 410f | b755 0148 | 8b49 306b | d218 488d 
  0x0000026759255600: 4c11 0848 | 8b19 488b | 5b08 488b | 5b08 488b | 5b18 80bb | 2001 0000 | 050f 840d | 0000 004c 
  0x0000026759255620: 3bbb 3001 | 0000 0f85 | 63fe ffff | 0fb6 5115 | 488b 194c | 896d c044 | 8bea 0fb6 | 5114 49ba 
  0x0000026759255640: 40c8 b047 | ff7f 0000 | 498b 14d2 | 5241 8bd5 | 4c8b 6dc0 | 488b 45d8 | 4885 c00f | 8412 0000 
  0x0000026759255660: 0048 8340 | 0801 4883 | 5808 0048 | 83c0 1048 | 8945 d848 | 8b45 d848 | 85c0 0f84 | 3d01 0000 
  0x0000026759255680: 8078 f00a | 0f85 3301 | 0000 4883 | c008 4c8b | 68f8 4183 | ed00 4183 | fd02 0f8c | 1201 0000 
  0x00000267592556a0: 4c8b 6b08 | 450f b76d | 2e4c 2b28 | 4183 ed01 | 4e8b 6cec | 084d 85ed | 750e f640 | 0801 7558 
  0x00000267592556c0: f048 8348 | 0801 eb50 | 458b 6d08 | 49ba 0000 | 0000 6702 | 0000 4d03 | ea4d 8bd5 | 4c33 6808 
  0x00000267592556e0: 49f7 c5fc | ffff ff74 | 2f41 f6c5 | 0275 2948 | 8378 0800 | 741e 4883 | 7808 0174 | 174d 8bea 
  0x0000026759255700: 4c33 6808 | 49f7 c5fc | ffff ff74 | 0b48 8348 | 0802 eb04 | 4c89 6808 | 4883 c010 | 4c8b 68e8 
  0x0000026759255720: 4183 ed02 | 4183 fd02 | 0f8c 8400 | 0000 4c8b | 6b08 450f | b76d 2e4c | 2b28 4183 | ed01 4e8b 
  0x0000026759255740: 6cec 084d | 85ed 750e | f640 0801 | 7558 f048 | 8348 0801 | eb50 458b | 6d08 49ba | 0000 0000 
  0x0000026759255760: 6702 0000 | 4d03 ea4d | 8bd5 4c33 | 6808 49f7 | c5fc ffff | ff74 2f41 | f6c5 0275 | 2948 8378 
  0x0000026759255780: 0800 741e | 4883 7808 | 0174 174d | 8bea 4c33 | 6808 49f7 | c5fc ffff | ff74 0b48 | 8348 0802 
  0x00000267592557a0: eb04 4c89 | 6808 4883 | c010 4c8b | 68d8 4183 | ed04 41c1 | e503 4903 | c548 8945 | d84c 8d6c 
  0x00000267592557c0: 2408 498b | cd48 2bcd | 48c1 f903 | 4889 4df0 | 4180 bfe8 | 0500 0000 | 7403 ff63 | 38ff 6350 
[/MachCode]

---------------  P R O C E S S  ---------------

Threads class SMR info:
_java_thread_list=0x000002676cb953e0, length=23, elements={
0x00000267689326f0, 0x0000026768933700, 0x000002676893a5f0, 0x000002676893d500,
0x000002676893f3b0, 0x0000026768940220, 0x0000026768956fb0, 0x000002676895c770,
0x0000026745252cb0, 0x0000026745360790, 0x000002674540ff60, 0x00000267454105f0,
0x0000026745f86ec0, 0x000002676f21cb00, 0x000002676f21c470, 0x00000267718a2f80,
0x000002676f21e540, 0x0000026772314310, 0x0000026772316a70, 0x0000026772317790,
0x00000267723149a0, 0x0000026772318b40, 0x00000267723191d0
}

Java Threads: ( => current thread )
  0x00000267689326f0 JavaThread "Reference Handler"          daemon [_thread_blocked, id=18904, stack(0x000000d0dca00000,0x000000d0dcb00000) (1024K)]
  0x0000026768933700 JavaThread "Finalizer"                  daemon [_thread_blocked, id=3976, stack(0x000000d0dcb00000,0x000000d0dcc00000) (1024K)]
  0x000002676893a5f0 JavaThread "Signal Dispatcher"          daemon [_thread_blocked, id=2724, stack(0x000000d0dcc00000,0x000000d0dcd00000) (1024K)]
  0x000002676893d500 JavaThread "Attach Listener"            daemon [_thread_blocked, id=9156, stack(0x000000d0dcd00000,0x000000d0dce00000) (1024K)]
  0x000002676893f3b0 JavaThread "Service Thread"             daemon [_thread_blocked, id=4580, stack(0x000000d0dce00000,0x000000d0dcf00000) (1024K)]
  0x0000026768940220 JavaThread "Monitor Deflation Thread"   daemon [_thread_blocked, id=18036, stack(0x000000d0dcf00000,0x000000d0dd000000) (1024K)]
  0x0000026768956fb0 JavaThread "C2 CompilerThread0"         daemon [_thread_blocked, id=12836, stack(0x000000d0dd000000,0x000000d0dd100000) (1024K)]
  0x000002676895c770 JavaThread "C1 CompilerThread0"         daemon [_thread_blocked, id=11532, stack(0x000000d0dd100000,0x000000d0dd200000) (1024K)]
  0x0000026745252cb0 JavaThread "Common-Cleaner"             daemon [_thread_blocked, id=19816, stack(0x000000d0dd200000,0x000000d0dd300000) (1024K)]
  0x0000026745360790 JavaThread "JDWP Transport Listener: dt_socket" daemon [_thread_blocked, id=18664, stack(0x000000d0dd300000,0x000000d0dd400000) (1024K)]
  0x000002674540ff60 JavaThread "JDWP Event Helper Thread"   daemon [_thread_blocked, id=1436, stack(0x000000d0dd400000,0x000000d0dd500000) (1024K)]
  0x00000267454105f0 JavaThread "JDWP Command Reader"        daemon [_thread_in_native, id=9488, stack(0x000000d0dd500000,0x000000d0dd600000) (1024K)]
  0x0000026745f86ec0 JavaThread "Notification Thread"        daemon [_thread_blocked, id=9044, stack(0x000000d0dd700000,0x000000d0dd800000) (1024K)]
  0x000002676f21cb00 JavaThread "Live Reload Server"         daemon [_thread_in_native, id=1916, stack(0x000000d0dec00000,0x000000d0ded00000) (1024K)]
  0x000002676f21c470 JavaThread "DestroyJavaVM"                     [_thread_blocked, id=5916, stack(0x000000d0dc200000,0x000000d0dc300000) (1024K)]
  0x00000267718a2f80 JavaThread "PostgreSQL-JDBC-Cleaner"    daemon [_thread_blocked, id=22504, stack(0x000000d0de200000,0x000000d0de300000) (1024K)]
  0x000002676f21e540 JavaThread "Thread-131"                        [_thread_blocked, id=19892, stack(0x000000d0dbf00000,0x000000d0dc000000) (1024K)]
=>0x0000026772314310 JavaThread "restartedMain"                     [_thread_in_Java, id=2760, stack(0x000000d0dc100000,0x000000d0dc200000) (1024K)]
  0x0000026772316a70 JavaThread "Catalina-utility-1"                [_thread_blocked, id=6988, stack(0x000000d0dd800000,0x000000d0dd900000) (1024K)]
  0x0000026772317790 JavaThread "Catalina-utility-2"                [_thread_blocked, id=11780, stack(0x000000d0ddf00000,0x000000d0de000000) (1024K)]
  0x00000267723149a0 JavaThread "container-0"                       [_thread_blocked, id=11312, stack(0x000000d0de000000,0x000000d0de100000) (1024K)]
  0x0000026772318b40 JavaThread "HikariPool-34 housekeeper"  daemon [_thread_blocked, id=4800, stack(0x000000d0de400000,0x000000d0de500000) (1024K)]
  0x00000267723191d0 JavaThread "HikariPool-34 connection adder" daemon [_thread_blocked, id=1876, stack(0x000000d0dd600000,0x000000d0dd700000) (1024K)]
Total: 23

Other Threads:
  0x000002676891a980 VMThread "VM Thread"                           [id=720, stack(0x000000d0dc900000,0x000000d0dca00000) (1024K)] _threads_hazard_ptr=0x000002676cb953e0
  0x0000026768903000 WatcherThread "VM Periodic Task Thread"        [id=7532, stack(0x000000d0dc800000,0x000000d0dc900000) (1024K)]
  0x0000026749a333b0 WorkerThread "GC Thread#0"                     [id=19676, stack(0x000000d0dc300000,0x000000d0dc400000) (1024K)]
  0x00000267461e5f10 WorkerThread "GC Thread#1"                     [id=13016, stack(0x000000d0dd900000,0x000000d0dda00000) (1024K)]
  0x0000026746667ad0 WorkerThread "GC Thread#2"                     [id=3508, stack(0x000000d0dda00000,0x000000d0ddb00000) (1024K)]
  0x000002674606e7c0 WorkerThread "GC Thread#3"                     [id=8428, stack(0x000000d0ddb00000,0x000000d0ddc00000) (1024K)]
  0x000002674606eb70 WorkerThread "GC Thread#4"                     [id=22032, stack(0x000000d0ddc00000,0x000000d0ddd00000) (1024K)]
  0x0000026746575500 WorkerThread "GC Thread#5"                     [id=18624, stack(0x000000d0ddd00000,0x000000d0dde00000) (1024K)]
  0x00000267461a6380 WorkerThread "GC Thread#6"                     [id=3872, stack(0x000000d0dde00000,0x000000d0ddf00000) (1024K)]
  0x0000026746a81d40 WorkerThread "GC Thread#7"                     [id=20040, stack(0x000000d0de100000,0x000000d0de200000) (1024K)]
  0x0000026749a43f30 ConcurrentGCThread "G1 Main Marker"            [id=11328, stack(0x000000d0dc400000,0x000000d0dc500000) (1024K)]
  0x0000026749a44a40 WorkerThread "G1 Conc#0"                       [id=16948, stack(0x000000d0dc500000,0x000000d0dc600000) (1024K)]
  0x00000267467ca4a0 WorkerThread "G1 Conc#1"                       [id=12184, stack(0x000000d0de300000,0x000000d0de400000) (1024K)]
  0x00000267687d0bb0 ConcurrentGCThread "G1 Refine#0"               [id=15728, stack(0x000000d0dc600000,0x000000d0dc700000) (1024K)]
  0x00000267687d1730 ConcurrentGCThread "G1 Service"                [id=15416, stack(0x000000d0dc700000,0x000000d0dc800000) (1024K)]
Total: 15

Threads with active compile tasks:
Total: 0

VM state: synchronizing (normal execution)

VM Mutex/Monitor currently owned by a thread:  ([mutex/lock_event])
[0x00007fff47afcb80] Threads_lock - owner thread: 0x000002676891a980

Heap address: 0x0000000704600000, size: 4026 MB, Compressed Oops mode: Zero based, Oop shift amount: 3

CDS archive(s) mapped at: [0x0000026700000000-0x0000026700c60000-0x0000026700c60000), size 12976128, SharedBaseAddress: 0x0000026700000000, ArchiveRelocationMode: 1.
Compressed class space mapped at: 0x0000026701000000-0x0000026741000000, reserved size: 1073741824
Narrow klass base: 0x0000026700000000, Narrow klass shift: 0, Narrow klass range: 0x41000000

GC Precious Log:
 CardTable entry size: 512
 Card Set container configuration: InlinePtr #cards 4 size 8 Array Of Cards #cards 16 size 48 Howl #buckets 8 coarsen threshold 3686 Howl Bitmap #cards 512 size 80 coarsen threshold 460 Card regions per heap region 1 cards per card region 4096
 CPUs: 8 total, 8 available
 Memory: 16103M
 Large Page Support: Disabled
 NUMA Support: Disabled
 Compressed Oops: Enabled (Zero based)
 Heap Region Size: 2M
 Heap Min Capacity: 8M
 Heap Initial Capacity: 252M
 Heap Max Capacity: 4026M
 Pre-touch: Disabled
 Parallel Workers: 8
 Concurrent Workers: 2
 Concurrent Refinement Workers: 8
 Periodic GC: Disabled

Heap:
 garbage-first heap   total reserved 4122624K, committed 143360K, used 78702K [0x0000000704600000, 0x0000000800000000)
  region size 2048K, 16 young (32768K), 3 survivors (6144K)
 Metaspace       used 115937K, committed 117312K, reserved 1179648K
  class space    used 14268K, committed 14976K, reserved 1048576K

Heap Regions: E=young(eden), S=young(survivor), O=old, HS=humongous(starts), HC=humongous(continues), CS=collection set, F=free, TAMS=top-at-mark-start, PB=parsable bottom
|   0|0x0000000704600000, 0x0000000704800000, 0x0000000704800000|100%| O|  |TAMS 0x0000000704600000| PB 0x0000000704600000| Untracked |  0
|   1|0x0000000704800000, 0x0000000704a00000, 0x0000000704a00000|100%| O|  |TAMS 0x0000000704800000| PB 0x0000000704800000| Untracked |  0
|   2|0x0000000704a00000, 0x0000000704bfffd8, 0x0000000704c00000| 99%| O|  |TAMS 0x0000000704a00000| PB 0x0000000704a00000| Untracked |  0
|   3|0x0000000704c00000, 0x0000000704e00000, 0x0000000704e00000|100%| O|  |TAMS 0x0000000704c00000| PB 0x0000000704c00000| Untracked |  0
|   4|0x0000000704e00000, 0x0000000704ffff78, 0x0000000705000000| 99%| O|  |TAMS 0x0000000704e00000| PB 0x0000000704e00000| Untracked |  0
|   5|0x0000000705000000, 0x00000007051fffc8, 0x0000000705200000| 99%| O|  |TAMS 0x0000000705000000| PB 0x0000000705000000| Untracked |  0
|   6|0x0000000705200000, 0x00000007053ffff0, 0x0000000705400000| 99%| O|  |TAMS 0x0000000705200000| PB 0x0000000705200000| Untracked |  0
|   7|0x0000000705400000, 0x00000007055ffff0, 0x0000000705600000| 99%| O|  |TAMS 0x0000000705400000| PB 0x0000000705400000| Untracked |  0
|   8|0x0000000705600000, 0x00000007057ffff0, 0x0000000705800000| 99%| O|  |TAMS 0x0000000705600000| PB 0x0000000705600000| Untracked |  0
|   9|0x0000000705800000, 0x00000007059fffe8, 0x0000000705a00000| 99%| O|  |TAMS 0x0000000705800000| PB 0x0000000705800000| Untracked |  0
|  10|0x0000000705a00000, 0x0000000705bfffe0, 0x0000000705c00000| 99%| O|  |TAMS 0x0000000705a00000| PB 0x0000000705a00000| Untracked |  0
|  11|0x0000000705c00000, 0x0000000705dfffb8, 0x0000000705e00000| 99%| O|  |TAMS 0x0000000705c00000| PB 0x0000000705c00000| Untracked |  0
|  12|0x0000000705e00000, 0x0000000705fffff0, 0x0000000706000000| 99%| O|  |TAMS 0x0000000705e00000| PB 0x0000000705e00000| Untracked |  0
|  13|0x0000000706000000, 0x0000000706200000, 0x0000000706200000|100%| O|  |TAMS 0x0000000706000000| PB 0x0000000706000000| Untracked |  0
|  14|0x0000000706200000, 0x00000007063fffd8, 0x0000000706400000| 99%| O|  |TAMS 0x0000000706200000| PB 0x0000000706200000| Untracked |  0
|  15|0x0000000706400000, 0x00000007065ffff0, 0x0000000706600000| 99%| O|  |TAMS 0x0000000706400000| PB 0x0000000706400000| Untracked |  0
|  16|0x0000000706600000, 0x0000000706800000, 0x0000000706800000|100%| O|  |TAMS 0x0000000706600000| PB 0x0000000706600000| Untracked |  0
|  17|0x0000000706800000, 0x00000007069ffff0, 0x0000000706a00000| 99%| O|  |TAMS 0x0000000706800000| PB 0x0000000706800000| Untracked |  0
|  18|0x0000000706a00000, 0x0000000706bfffe8, 0x0000000706c00000| 99%| O|  |TAMS 0x0000000706a00000| PB 0x0000000706a00000| Untracked |  0
|  19|0x0000000706c00000, 0x0000000706e00000, 0x0000000706e00000|100%| O|  |TAMS 0x0000000706c00000| PB 0x0000000706c00000| Untracked |  0
|  20|0x0000000706e00000, 0x0000000706ffffc0, 0x0000000707000000| 99%| O|  |TAMS 0x0000000706e00000| PB 0x0000000706e00000| Untracked |  0
|  21|0x0000000707000000, 0x00000007070f8788, 0x0000000707200000| 48%| O|  |TAMS 0x0000000707000000| PB 0x0000000707000000| Untracked |  0
|  22|0x0000000707200000, 0x00000007073fffa8, 0x0000000707400000| 99%| O|  |TAMS 0x0000000707200000| PB 0x0000000707200000| Untracked |  0
|  23|0x0000000707400000, 0x000000070756d848, 0x0000000707600000| 71%| O|  |TAMS 0x0000000707400000| PB 0x0000000707400000| Untracked |  0
|  24|0x0000000707600000, 0x0000000707654bb0, 0x0000000707800000| 16%| O|  |TAMS 0x0000000707600000| PB 0x0000000707600000| Untracked |  0
|  25|0x0000000707800000, 0x0000000707841058, 0x0000000707a00000| 12%| O|  |TAMS 0x0000000707800000| PB 0x0000000707800000| Untracked |  0
|  26|0x0000000707a00000, 0x0000000707a00000, 0x0000000707c00000|  0%| F|  |TAMS 0x0000000707a00000| PB 0x0000000707a00000| Untracked |  0
|  27|0x0000000707c00000, 0x0000000707cefcf0, 0x0000000707e00000| 46%| O|  |TAMS 0x0000000707c00000| PB 0x0000000707c00000| Untracked |  0
|  28|0x0000000707e00000, 0x0000000707e00000, 0x0000000708000000|  0%| F|  |TAMS 0x0000000707e00000| PB 0x0000000707e00000| Untracked |  0
|  29|0x0000000708000000, 0x0000000708000000, 0x0000000708200000|  0%| F|  |TAMS 0x0000000708000000| PB 0x0000000708000000| Untracked |  0
|  30|0x0000000708200000, 0x0000000708200000, 0x0000000708400000|  0%| F|  |TAMS 0x0000000708200000| PB 0x0000000708200000| Untracked |  0
|  31|0x0000000708400000, 0x0000000708400000, 0x0000000708600000|  0%| F|  |TAMS 0x0000000708400000| PB 0x0000000708400000| Untracked |  0
|  32|0x0000000708600000, 0x00000007086f0540, 0x0000000708800000| 46%| S|CS|TAMS 0x0000000708600000| PB 0x0000000708600000| Complete |  0
|  33|0x0000000708800000, 0x0000000708a00000, 0x0000000708a00000|100%| S|CS|TAMS 0x0000000708800000| PB 0x0000000708800000| Complete |  0
|  34|0x0000000708a00000, 0x0000000708c00000, 0x0000000708c00000|100%| S|CS|TAMS 0x0000000708a00000| PB 0x0000000708a00000| Complete |  0
|  35|0x0000000708c00000, 0x0000000708c00000, 0x0000000708e00000|  0%| F|  |TAMS 0x0000000708c00000| PB 0x0000000708c00000| Untracked |  0
|  36|0x0000000708e00000, 0x0000000708e00000, 0x0000000709000000|  0%| F|  |TAMS 0x0000000708e00000| PB 0x0000000708e00000| Untracked |  0
|  37|0x0000000709000000, 0x0000000709000000, 0x0000000709200000|  0%| F|  |TAMS 0x0000000709000000| PB 0x0000000709000000| Untracked |  0
|  38|0x0000000709200000, 0x0000000709200000, 0x0000000709400000|  0%| F|  |TAMS 0x0000000709200000| PB 0x0000000709200000| Untracked |  0
|  39|0x0000000709400000, 0x0000000709400000, 0x0000000709600000|  0%| F|  |TAMS 0x0000000709400000| PB 0x0000000709400000| Untracked |  0
|  40|0x0000000709600000, 0x0000000709600000, 0x0000000709800000|  0%| F|  |TAMS 0x0000000709600000| PB 0x0000000709600000| Untracked |  0
|  41|0x0000000709800000, 0x0000000709800000, 0x0000000709a00000|  0%| F|  |TAMS 0x0000000709800000| PB 0x0000000709800000| Untracked |  0
|  42|0x0000000709a00000, 0x0000000709a00000, 0x0000000709c00000|  0%| F|  |TAMS 0x0000000709a00000| PB 0x0000000709a00000| Untracked |  0
|  43|0x0000000709c00000, 0x0000000709c00000, 0x0000000709e00000|  0%| F|  |TAMS 0x0000000709c00000| PB 0x0000000709c00000| Untracked |  0
|  44|0x0000000709e00000, 0x0000000709e00000, 0x000000070a000000|  0%| F|  |TAMS 0x0000000709e00000| PB 0x0000000709e00000| Untracked |  0
|  45|0x000000070a000000, 0x000000070a000000, 0x000000070a200000|  0%| F|  |TAMS 0x000000070a000000| PB 0x000000070a000000| Untracked |  0
|  46|0x000000070a200000, 0x000000070a200000, 0x000000070a400000|  0%| F|  |TAMS 0x000000070a200000| PB 0x000000070a200000| Untracked |  0
|  47|0x000000070a400000, 0x000000070a400000, 0x000000070a600000|  0%| F|  |TAMS 0x000000070a400000| PB 0x000000070a400000| Untracked |  0
|  48|0x000000070a600000, 0x000000070a600000, 0x000000070a800000|  0%| F|  |TAMS 0x000000070a600000| PB 0x000000070a600000| Untracked |  0
|  49|0x000000070a800000, 0x000000070a800000, 0x000000070aa00000|  0%| F|  |TAMS 0x000000070a800000| PB 0x000000070a800000| Untracked |  0
|  50|0x000000070aa00000, 0x000000070aa00000, 0x000000070ac00000|  0%| F|  |TAMS 0x000000070aa00000| PB 0x000000070aa00000| Untracked |  0
|  51|0x000000070ac00000, 0x000000070ac00000, 0x000000070ae00000|  0%| F|  |TAMS 0x000000070ac00000| PB 0x000000070ac00000| Untracked |  0
|  52|0x000000070ae00000, 0x000000070ae00000, 0x000000070b000000|  0%| F|  |TAMS 0x000000070ae00000| PB 0x000000070ae00000| Untracked |  0
|  53|0x000000070b000000, 0x000000070b000000, 0x000000070b200000|  0%| F|  |TAMS 0x000000070b000000| PB 0x000000070b000000| Untracked |  0
|  54|0x000000070b200000, 0x000000070b200000, 0x000000070b400000|  0%| F|  |TAMS 0x000000070b200000| PB 0x000000070b200000| Untracked |  0
|  55|0x000000070b400000, 0x000000070b400000, 0x000000070b600000|  0%| F|  |TAMS 0x000000070b400000| PB 0x000000070b400000| Untracked |  0
|  56|0x000000070b600000, 0x000000070b600000, 0x000000070b800000|  0%| F|  |TAMS 0x000000070b600000| PB 0x000000070b600000| Untracked |  0
|  57|0x000000070b800000, 0x000000070b81c960, 0x000000070ba00000|  5%| E|  |TAMS 0x000000070b800000| PB 0x000000070b800000| Complete |  0
|  58|0x000000070ba00000, 0x000000070bc00000, 0x000000070bc00000|100%| E|CS|TAMS 0x000000070ba00000| PB 0x000000070ba00000| Complete |  0
|  59|0x000000070bc00000, 0x000000070be00000, 0x000000070be00000|100%| E|CS|TAMS 0x000000070bc00000| PB 0x000000070bc00000| Complete |  0
|  60|0x000000070be00000, 0x000000070c000000, 0x000000070c000000|100%| E|CS|TAMS 0x000000070be00000| PB 0x000000070be00000| Complete |  0
|  61|0x000000070c000000, 0x000000070c200000, 0x000000070c200000|100%| E|CS|TAMS 0x000000070c000000| PB 0x000000070c000000| Complete |  0
|  62|0x000000070c200000, 0x000000070c400000, 0x000000070c400000|100%| E|CS|TAMS 0x000000070c200000| PB 0x000000070c200000| Complete |  0
|  63|0x000000070c400000, 0x000000070c600000, 0x000000070c600000|100%| E|CS|TAMS 0x000000070c400000| PB 0x000000070c400000| Complete |  0
|  64|0x000000070c600000, 0x000000070c800000, 0x000000070c800000|100%| E|CS|TAMS 0x000000070c600000| PB 0x000000070c600000| Complete |  0
|  67|0x000000070cc00000, 0x000000070ce00000, 0x000000070ce00000|100%| E|CS|TAMS 0x000000070cc00000| PB 0x000000070cc00000| Complete |  0
|  68|0x000000070ce00000, 0x000000070d000000, 0x000000070d000000|100%| E|CS|TAMS 0x000000070ce00000| PB 0x000000070ce00000| Complete |  0
|  69|0x000000070d000000, 0x000000070d200000, 0x000000070d200000|100%| E|CS|TAMS 0x000000070d000000| PB 0x000000070d000000| Complete |  0
| 125|0x0000000714000000, 0x0000000714200000, 0x0000000714200000|100%| E|CS|TAMS 0x0000000714000000| PB 0x0000000714000000| Complete |  0
|2012|0x00000007ffe00000, 0x0000000800000000, 0x0000000800000000|100%| E|CS|TAMS 0x00000007ffe00000| PB 0x00000007ffe00000| Complete |  0

Card table byte_map: [0x0000026761810000,0x0000026761ff0000] _byte_map_base: 0x000002675dfed000

Marking Bits: (CMBitMap*) 0x0000026749a33ac0
 Bits: [0x0000026761ff0000, 0x0000026765ed8000)

Polling page: 0x0000026747930000

Metaspace:

Usage:
  Non-class:     99.29 MB used.
      Class:     13.93 MB used.
       Both:    113.22 MB used.

Virtual space:
  Non-class space:      128.00 MB reserved,      99.94 MB ( 78%) committed,  2 nodes.
      Class space:        1.00 GB reserved,      14.62 MB (  1%) committed,  1 nodes.
             Both:        1.12 GB reserved,     114.56 MB ( 10%) committed. 

Chunk freelists:
   Non-Class:  12.00 MB
       Class:  1.34 MB
        Both:  13.34 MB

MaxMetaspaceSize: unlimited
CompressedClassSpaceSize: 1.00 GB
Initial GC threshold: 21.00 MB
Current GC threshold: 190.00 MB
CDS: on
 - commit_granule_bytes: 65536.
 - commit_granule_words: 8192.
 - virtual_space_node_default_size: 8388608.
 - enlarge_chunks_in_place: 1.
 - use_allocation_guard: 0.


Internal statistics:

num_allocs_failed_limit: 12.
num_arena_births: 2172.
num_arena_deaths: 488.
num_vsnodes_births: 3.
num_vsnodes_deaths: 0.
num_space_committed: 1833.
num_space_uncommitted: 0.
num_chunks_returned_to_freelist: 554.
num_chunks_taken_from_freelist: 7257.
num_chunk_merges: 124.
num_chunk_splits: 4651.
num_chunks_enlarged: 3433.
num_inconsistent_stats: 0.

CodeHeap 'non-profiled nmethods': size=120000Kb used=17352Kb max_used=17352Kb free=102647Kb
 bounds [0x00000267597d0000, 0x000002675a8d0000, 0x0000026760d00000]
CodeHeap 'profiled nmethods': size=120000Kb used=29423Kb max_used=29445Kb free=90576Kb
 bounds [0x0000026751d00000, 0x00000267539f0000, 0x0000026759230000]
CodeHeap 'non-nmethods': size=5760Kb used=2052Kb max_used=2143Kb free=3707Kb
 bounds [0x0000026759230000, 0x00000267594a0000, 0x00000267597d0000]
 total_blobs=14768 nmethods=13993 adapters=678
 compilation: enabled
              stopped_count=0, restarted_count=0
 full_count=0

Compilation events (20 events):
Event: 5008.108 Thread 0x000002676895c770 24909       3       org.postgresql.jdbc.PgResultSetMetaData::populateFieldsWithMetadata (101 bytes)
Event: 5008.108 Thread 0x000002676895c770 nmethod 24909 0x0000026752810690 code [0x0000026752810880, 0x0000026752810ee0]
Event: 5008.139 Thread 0x000002676895a560 24910       4       java.lang.invoke.DirectMethodHandle$Holder::invokeStatic (21 bytes)
Event: 5008.139 Thread 0x0000026768956fb0 24911       4       java.lang.invoke.DelegatingMethodHandle$Holder::reinvoke_L (20 bytes)
Event: 5008.142 Thread 0x000002676895a560 nmethod 24910 0x000002675a8be910 code [0x000002675a8beaa0, 0x000002675a8beba8]
Event: 5008.142 Thread 0x0000026768956fb0 nmethod 24911 0x000002675a8bed10 code [0x000002675a8beec0, 0x000002675a8bf018]
Event: 5008.151 Thread 0x0000026768956fb0 24912   !   4       org.hibernate.service.internal.AbstractServiceRegistryImpl::applyInjections (86 bytes)
Event: 5008.159 Thread 0x000002676895c770 24914       3       java.net.URI$Parser::parseHostname (224 bytes)
Event: 5008.161 Thread 0x000002676895c770 nmethod 24914 0x0000026752431010 code [0x0000026752431460, 0x0000026752433538]
Event: 5008.161 Thread 0x000002676895c770 24913   !   3       java.net.URI$Parser::parseIPv4Address (63 bytes)
Event: 5008.161 Thread 0x000002676895c770 nmethod 24913 0x000002675247a210 code [0x000002675247a440, 0x000002675247ac78]
Event: 5008.164 Thread 0x0000026768956fb0 nmethod 24912 0x000002675a8bf190 code [0x000002675a8bf3e0, 0x000002675a8c00e8]
Event: 5008.168 Thread 0x0000026768956fb0 24915   !   4       jdk.proxy2.$Proxy144::annotationType (29 bytes)
Event: 5008.168 Thread 0x0000026768956fb0 nmethod 24915 0x000002675a8c0910 code [0x000002675a8c0aa0, 0x000002675a8c0b80]
Event: 5008.174 Thread 0x0000026768956fb0 24916       4       java.util.concurrent.atomic.AtomicReference::<init> (10 bytes)
Event: 5008.175 Thread 0x0000026768956fb0 nmethod 24916 0x000002675a8c0c90 code [0x000002675a8c0e00, 0x000002675a8c0f70]
Event: 5008.251 Thread 0x0000026768956fb0 24917       4       org.postgresql.PGProperty::getBoolean (9 bytes)
Event: 5008.259 Thread 0x0000026768956fb0 nmethod 24917 0x000002675a8c1010 code [0x000002675a8c1220, 0x000002675a8c1b48]
Event: 5008.493 Thread 0x000002676895c770 24918       3       ch.qos.logback.classic.Logger::debug (16 bytes)
Event: 5008.493 Thread 0x000002676895c770 nmethod 24918 0x0000026753368e90 code [0x0000026753369040, 0x00000267533691d0]

GC Heap History (20 events):
Event: 4575.270 GC heap before
{Heap before GC invocations=130 (full 29):
 garbage-first heap   total reserved 4122624K, committed 118784K, used 96549K [0x0000000704600000, 0x0000000800000000)
  region size 2048K, 25 young (51200K), 3 survivors (6144K)
 Metaspace       used 113055K, committed 114432K, reserved 1179648K
  class space    used 14024K, committed 14720K, reserved 1048576K
}
Event: 4575.275 GC heap after
{Heap after GC invocations=131 (full 29):
 garbage-first heap   total reserved 4122624K, committed 118784K, used 54740K [0x0000000704600000, 0x0000000800000000)
  region size 2048K, 4 young (8192K), 4 survivors (8192K)
 Metaspace       used 113055K, committed 114432K, reserved 1179648K
  class space    used 14024K, committed 14720K, reserved 1048576K
}
Event: 4577.824 GC heap before
{Heap before GC invocations=131 (full 29):
 garbage-first heap   total reserved 4122624K, committed 118784K, used 71124K [0x0000000704600000, 0x0000000800000000)
  region size 2048K, 13 young (26624K), 4 survivors (8192K)
 Metaspace       used 113065K, committed 114432K, reserved 1179648K
  class space    used 14024K, committed 14720K, reserved 1048576K
}
Event: 4577.890 GC heap after
{Heap after GC invocations=132 (full 30):
 garbage-first heap   total reserved 4122624K, committed 118784K, used 47634K [0x0000000704600000, 0x0000000800000000)
  region size 2048K, 0 young (0K), 0 survivors (0K)
 Metaspace       used 113062K, committed 114432K, reserved 1179648K
  class space    used 14024K, committed 14720K, reserved 1048576K
}
Event: 4578.213 GC heap before
{Heap before GC invocations=132 (full 30):
 garbage-first heap   total reserved 4122624K, committed 118784K, used 100882K [0x0000000704600000, 0x0000000800000000)
  region size 2048K, 27 young (55296K), 0 survivors (0K)
 Metaspace       used 113293K, committed 114688K, reserved 1179648K
  class space    used 14048K, committed 14720K, reserved 1048576K
}
Event: 4578.216 GC heap after
{Heap after GC invocations=133 (full 30):
 garbage-first heap   total reserved 4122624K, committed 143360K, used 52142K [0x0000000704600000, 0x0000000800000000)
  region size 2048K, 3 young (6144K), 3 survivors (6144K)
 Metaspace       used 113293K, committed 114688K, reserved 1179648K
  class space    used 14048K, committed 14720K, reserved 1048576K
}
Event: 4585.612 GC heap before
{Heap before GC invocations=133 (full 30):
 garbage-first heap   total reserved 4122624K, committed 143360K, used 119726K [0x0000000704600000, 0x0000000800000000)
  region size 2048K, 37 young (75776K), 3 survivors (6144K)
 Metaspace       used 113808K, committed 115200K, reserved 1179648K
  class space    used 14082K, committed 14784K, reserved 1048576K
}
Event: 4585.622 GC heap after
{Heap after GC invocations=134 (full 30):
 garbage-first heap   total reserved 4122624K, committed 143360K, used 55826K [0x0000000704600000, 0x0000000800000000)
  region size 2048K, 4 young (8192K), 4 survivors (8192K)
 Metaspace       used 113808K, committed 115200K, reserved 1179648K
  class space    used 14082K, committed 14784K, reserved 1048576K
}
Event: 4880.605 GC heap before
{Heap before GC invocations=134 (full 30):
 garbage-first heap   total reserved 4122624K, committed 143360K, used 76306K [0x0000000704600000, 0x0000000800000000)
  region size 2048K, 15 young (30720K), 4 survivors (8192K)
 Metaspace       used 113866K, committed 115264K, reserved 1179648K
  class space    used 14083K, committed 14784K, reserved 1048576K
}
Event: 4880.676 GC heap after
{Heap after GC invocations=135 (full 31):
 garbage-first heap   total reserved 4122624K, committed 143360K, used 49685K [0x0000000704600000, 0x0000000800000000)
  region size 2048K, 0 young (0K), 0 survivors (0K)
 Metaspace       used 113864K, committed 115264K, reserved 1179648K
  class space    used 14082K, committed 14784K, reserved 1048576K
}
Event: 4881.163 GC heap before
{Heap before GC invocations=135 (full 31):
 garbage-first heap   total reserved 4122624K, committed 143360K, used 117269K [0x0000000704600000, 0x0000000800000000)
  region size 2048K, 34 young (69632K), 0 survivors (0K)
 Metaspace       used 114149K, committed 115520K, reserved 1179648K
  class space    used 14109K, committed 14784K, reserved 1048576K
}
Event: 4881.167 GC heap after
{Heap after GC invocations=136 (full 31):
 garbage-first heap   total reserved 4122624K, committed 143360K, used 54621K [0x0000000704600000, 0x0000000800000000)
  region size 2048K, 3 young (6144K), 3 survivors (6144K)
 Metaspace       used 114149K, committed 115520K, reserved 1179648K
  class space    used 14109K, committed 14784K, reserved 1048576K
}
Event: 4986.579 GC heap before
{Heap before GC invocations=136 (full 31):
 garbage-first heap   total reserved 4122624K, committed 143360K, used 105821K [0x0000000704600000, 0x0000000800000000)
  region size 2048K, 29 young (59392K), 3 survivors (6144K)
 Metaspace       used 114734K, committed 116096K, reserved 1179648K
  class space    used 14150K, committed 14848K, reserved 1048576K
}
Event: 4986.646 GC heap after
{Heap after GC invocations=137 (full 32):
 garbage-first heap   total reserved 4122624K, committed 143360K, used 48557K [0x0000000704600000, 0x0000000800000000)
  region size 2048K, 0 young (0K), 0 survivors (0K)
 Metaspace       used 114731K, committed 116096K, reserved 1179648K
  class space    used 14149K, committed 14848K, reserved 1048576K
}
Event: 4987.135 GC heap before
{Heap before GC invocations=137 (full 32):
 garbage-first heap   total reserved 4122624K, committed 143360K, used 120237K [0x0000000704600000, 0x0000000800000000)
  region size 2048K, 36 young (73728K), 0 survivors (0K)
 Metaspace       used 114938K, committed 116288K, reserved 1179648K
  class space    used 14176K, committed 14848K, reserved 1048576K
}
Event: 4987.139 GC heap after
{Heap after GC invocations=138 (full 32):
 garbage-first heap   total reserved 4122624K, committed 143360K, used 53890K [0x0000000704600000, 0x0000000800000000)
  region size 2048K, 3 young (6144K), 3 survivors (6144K)
 Metaspace       used 114938K, committed 116288K, reserved 1179648K
  class space    used 14176K, committed 14848K, reserved 1048576K
}
Event: 5007.358 GC heap before
{Heap before GC invocations=138 (full 32):
 garbage-first heap   total reserved 4122624K, committed 143360K, used 96898K [0x0000000704600000, 0x0000000800000000)
  region size 2048K, 25 young (51200K), 3 survivors (6144K)
 Metaspace       used 115328K, committed 116736K, reserved 1179648K
  class space    used 14209K, committed 14912K, reserved 1048576K
}
Event: 5007.431 GC heap after
{Heap after GC invocations=139 (full 33):
 garbage-first heap   total reserved 4122624K, committed 143360K, used 49069K [0x0000000704600000, 0x0000000800000000)
  region size 2048K, 0 young (0K), 0 survivors (0K)
 Metaspace       used 115325K, committed 116736K, reserved 1179648K
  class space    used 14208K, committed 14912K, reserved 1048576K
}
Event: 5008.015 GC heap before
{Heap before GC invocations=139 (full 33):
 garbage-first heap   total reserved 4122624K, committed 143360K, used 118701K [0x0000000704600000, 0x0000000800000000)
  region size 2048K, 35 young (71680K), 0 survivors (0K)
 Metaspace       used 115554K, committed 116928K, reserved 1179648K
  class space    used 14235K, committed 14912K, reserved 1048576K
}
Event: 5008.019 GC heap after
{Heap after GC invocations=140 (full 33):
 garbage-first heap   total reserved 4122624K, committed 143360K, used 54126K [0x0000000704600000, 0x0000000800000000)
  region size 2048K, 3 young (6144K), 3 survivors (6144K)
 Metaspace       used 115554K, committed 116928K, reserved 1179648K
  class space    used 14235K, committed 14912K, reserved 1048576K
}

Dll operation events (14 events):
Event: 0.010 Loaded shared library C:\Program Files\Java\jdk-22\bin\java.dll
Event: 0.039 Loaded shared library C:\Program Files\Java\jdk-22\bin\jsvml.dll
Event: 0.213 Loaded shared library C:\Program Files\Java\jdk-22\bin\zip.dll
Event: 0.215 Loaded shared library C:\Program Files\Java\jdk-22\bin\instrument.dll
Event: 0.219 Loaded shared library C:\Program Files\Java\jdk-22\bin\net.dll
Event: 0.220 Loaded shared library C:\Program Files\Java\jdk-22\bin\nio.dll
Event: 0.222 Loaded shared library C:\Program Files\Java\jdk-22\bin\zip.dll
Event: 0.362 Loaded shared library C:\Program Files\Java\jdk-22\bin\jimage.dll
Event: 0.399 Loaded shared library C:\Program Files\Java\jdk-22\bin\verify.dll
Event: 0.711 Loaded shared library C:\Program Files\Java\jdk-22\bin\management.dll
Event: 0.714 Loaded shared library C:\Program Files\Java\jdk-22\bin\management_ext.dll
Event: 1.278 Loaded shared library C:\Program Files\Java\jdk-22\bin\le.dll
Event: 2.006 Loaded shared library C:\Program Files\Java\jdk-22\bin\sunmscapi.dll
Event: 4.476 Loaded shared library C:\Program Files\Java\jdk-22\bin\extnet.dll

Deoptimization events (20 events):
Event: 5008.194 Thread 0x0000026772314310 Uncommon trap: trap_request=0xffffff97 fr.pc=0x000002675a13a068 relative=0x0000000000002448
Event: 5008.194 Thread 0x0000026772314310 Uncommon trap: reason=unhandled action=none pc=0x000002675a13a068 method=java.net.URLClassLoader.findClass(Ljava/lang/String;)Ljava/lang/Class; @ 44 c2
Event: 5008.194 Thread 0x0000026772314310 DEOPT PACKING pc=0x000002675a13a068 sp=0x000000d0dc1fb900
Event: 5008.194 Thread 0x0000026772314310 DEOPT UNPACKING pc=0x0000026759287da2 sp=0x000000d0dc1fb7f0 mode 2
Event: 5008.196 Thread 0x0000026772314310 DEOPT PACKING pc=0x00000267535a1554 sp=0x000000d0dc1fc530
Event: 5008.196 Thread 0x0000026772314310 DEOPT UNPACKING pc=0x00000267592888e2 sp=0x000000d0dc1fb9e0 mode 1
Event: 5008.196 Thread 0x0000026772314310 DEOPT PACKING pc=0x000002675995a7fc sp=0x000000d0dc1fc660
Event: 5008.196 Thread 0x0000026772314310 DEOPT UNPACKING pc=0x00000267592888e2 sp=0x000000d0dc1fba40 mode 1
Event: 5008.196 Thread 0x0000026772314310 DEOPT PACKING pc=0x0000026752f5ece4 sp=0x000000d0dc1fc6e0
Event: 5008.196 Thread 0x0000026772314310 DEOPT UNPACKING pc=0x00000267592888e2 sp=0x000000d0dc1fbbb8 mode 1
Event: 5008.199 Thread 0x0000026772314310 Uncommon trap: trap_request=0xffffff97 fr.pc=0x000002675a13a068 relative=0x0000000000002448
Event: 5008.199 Thread 0x0000026772314310 Uncommon trap: reason=unhandled action=none pc=0x000002675a13a068 method=java.net.URLClassLoader.findClass(Ljava/lang/String;)Ljava/lang/Class; @ 44 c2
Event: 5008.199 Thread 0x0000026772314310 DEOPT PACKING pc=0x000002675a13a068 sp=0x000000d0dc1f8df0
Event: 5008.199 Thread 0x0000026772314310 DEOPT UNPACKING pc=0x0000026759287da2 sp=0x000000d0dc1f8ce0 mode 2
Event: 5008.204 Thread 0x0000026772314310 Uncommon trap: trap_request=0xffffff97 fr.pc=0x000002675a13a068 relative=0x0000000000002448
Event: 5008.204 Thread 0x0000026772314310 Uncommon trap: reason=unhandled action=none pc=0x000002675a13a068 method=java.net.URLClassLoader.findClass(Ljava/lang/String;)Ljava/lang/Class; @ 44 c2
Event: 5008.204 Thread 0x0000026772314310 DEOPT PACKING pc=0x000002675a13a068 sp=0x000000d0dc1fdcd0
Event: 5008.204 Thread 0x0000026772314310 DEOPT UNPACKING pc=0x0000026759287da2 sp=0x000000d0dc1fdbc0 mode 2
Event: 5013.355 Thread 0x0000026772314310 DEOPT PACKING pc=0x0000026759b1b028 sp=0x000000d0dc1fe4c0
Event: 5013.355 Thread 0x0000026772314310 DEOPT UNPACKING pc=0x00000267592888e2 sp=0x000000d0dc1fd938 mode 0

Classes loaded (20 events):
Event: 2788.270 Loading class java/util/stream/ReduceOps$4ReducingSink
Event: 2788.270 Loading class java/util/stream/ReduceOps$4ReducingSink done
Event: 2788.307 Loading class java/lang/package-info
Event: 2788.307 Loading class java/lang/package-info done
Event: 2788.315 Loading class java/util/package-info
Event: 2788.315 Loading class java/util/package-info done
Event: 3683.383 Loading class java/util/stream/ReferencePipeline$4
Event: 3683.383 Loading class java/util/stream/ReferencePipeline$4 done
Event: 3683.383 Loading class java/util/function/IntBinaryOperator
Event: 3683.383 Loading class java/util/function/IntBinaryOperator done
Event: 3683.384 Loading class java/util/stream/ReduceOps$7
Event: 3683.385 Loading class java/util/stream/ReduceOps$7 done
Event: 3683.385 Loading class java/util/stream/ReduceOps$6ReducingSink
Event: 3683.386 Loading class java/util/stream/ReduceOps$6ReducingSink done
Event: 3683.386 Loading class java/util/stream/ReferencePipeline$4$1
Event: 3683.386 Loading class java/util/stream/ReferencePipeline$4$1 done
Event: 3683.389 Loading class java/lang/Throwable$WrappedPrintWriter
Event: 3683.389 Loading class java/lang/Throwable$PrintStreamOrWriter
Event: 3683.389 Loading class java/lang/Throwable$PrintStreamOrWriter done
Event: 3683.389 Loading class java/lang/Throwable$WrappedPrintWriter done

Classes unloaded (20 events):
Event: 4375.557 Thread 0x000002676891a980 Unloading class 0x0000026701be1c00 'java/lang/invoke/LambdaForm$MH+0x0000026701be1c00'
Event: 4375.557 Thread 0x000002676891a980 Unloading class 0x00000267013fa800 'java/lang/invoke/LambdaForm$MH+0x00000267013fa800'
Event: 4375.557 Thread 0x000002676891a980 Unloading class 0x00000267013f7000 'java/lang/invoke/LambdaForm$MH+0x00000267013f7000'
Event: 4375.557 Thread 0x000002676891a980 Unloading class 0x00000267013f3400 'java/lang/invoke/LambdaForm$MH+0x00000267013f3400'
Event: 4456.037 Thread 0x000002676891a980 Unloading class 0x0000026701b0e000 'org/apache/catalina/loader/JdbcLeakPrevention'
Event: 4456.037 Thread 0x000002676891a980 Unloading class 0x0000026701c28c00 'java/lang/invoke/LambdaForm$MH+0x0000026701c28c00'
Event: 4456.037 Thread 0x000002676891a980 Unloading class 0x0000026701c28800 'java/lang/invoke/LambdaForm$MH+0x0000026701c28800'
Event: 4456.037 Thread 0x000002676891a980 Unloading class 0x0000026701c28400 'java/lang/invoke/LambdaForm$MH+0x0000026701c28400'
Event: 4456.037 Thread 0x000002676891a980 Unloading class 0x0000026701c28000 'java/lang/invoke/LambdaForm$MH+0x0000026701c28000'
Event: 4456.037 Thread 0x000002676891a980 Unloading class 0x0000026701c21c00 'java/lang/invoke/LambdaForm$MH+0x0000026701c21c00'
Event: 4533.231 Thread 0x000002676891a980 Unloading class 0x0000026701510400 'org/apache/catalina/loader/JdbcLeakPrevention'
Event: 4533.231 Thread 0x000002676891a980 Unloading class 0x0000026701c3dc00 'java/lang/invoke/LambdaForm$MH+0x0000026701c3dc00'
Event: 4533.231 Thread 0x000002676891a980 Unloading class 0x0000026701c3d800 'java/lang/invoke/LambdaForm$MH+0x0000026701c3d800'
Event: 4533.231 Thread 0x000002676891a980 Unloading class 0x0000026701c3d400 'java/lang/invoke/LambdaForm$MH+0x0000026701c3d400'
Event: 4533.231 Thread 0x000002676891a980 Unloading class 0x0000026701c3d000 'java/lang/invoke/LambdaForm$MH+0x0000026701c3d000'
Event: 4574.527 Thread 0x000002676891a980 Unloading class 0x0000026701e41800 'org/apache/catalina/loader/JdbcLeakPrevention'
Event: 4577.844 Thread 0x000002676891a980 Unloading class 0x0000026701e51800 'org/apache/catalina/loader/JdbcLeakPrevention'
Event: 4880.625 Thread 0x000002676891a980 Unloading class 0x0000026701e61000 'org/apache/catalina/loader/JdbcLeakPrevention'
Event: 4986.599 Thread 0x000002676891a980 Unloading class 0x0000026701e75000 'org/apache/catalina/loader/JdbcLeakPrevention'
Event: 5007.379 Thread 0x000002676891a980 Unloading class 0x0000026701e89000 'org/apache/catalina/loader/JdbcLeakPrevention'

Classes redefined (20 events):
Event: 2357.833 Thread 0x000002676891a980 redefined class name=controller.api.PlayerAPIController, count=3
Event: 2357.833 Thread 0x000002676891a980 redefined class name=controller.api.PlayerAPIController, count=4
Event: 2357.833 Thread 0x000002676891a980 redefined class name=controller.api.PlayerAPIController, count=6
Event: 2357.833 Thread 0x000002676891a980 redefined class name=controller.api.PlayerAPIController, count=6
Event: 2357.833 Thread 0x000002676891a980 redefined class name=controller.api.PlayerAPIController, count=5
Event: 2357.833 Thread 0x000002676891a980 redefined class name=controller.api.PlayerAPIController, count=6
Event: 2357.833 Thread 0x000002676891a980 redefined class name=controller.api.PlayerAPIController, count=6
Event: 2357.833 Thread 0x000002676891a980 redefined class name=controller.api.PlayerAPIController, count=6
Event: 2380.156 Thread 0x000002676891a980 redefined class name=controller.api.PlayerAPIController, count=1
Event: 2380.156 Thread 0x000002676891a980 redefined class name=controller.api.PlayerAPIController, count=2
Event: 2380.156 Thread 0x000002676891a980 redefined class name=controller.api.PlayerAPIController, count=3
Event: 2380.156 Thread 0x000002676891a980 redefined class name=controller.api.PlayerAPIController, count=4
Event: 2380.156 Thread 0x000002676891a980 redefined class name=controller.api.PlayerAPIController, count=5
Event: 2380.156 Thread 0x000002676891a980 redefined class name=controller.api.PlayerAPIController, count=7
Event: 2380.156 Thread 0x000002676891a980 redefined class name=controller.api.PlayerAPIController, count=7
Event: 2380.156 Thread 0x000002676891a980 redefined class name=controller.api.PlayerAPIController, count=6
Event: 2380.156 Thread 0x000002676891a980 redefined class name=controller.api.PlayerAPIController, count=7
Event: 2380.156 Thread 0x000002676891a980 redefined class name=controller.api.PlayerAPIController, count=7
Event: 2380.156 Thread 0x000002676891a980 redefined class name=controller.api.PlayerAPIController, count=7
Event: 5013.410 Thread 0x000002676891a980 redefined class name=controller.view.StatisticViewController, count=1

Internal exceptions (20 events):
Event: 4881.396 Thread 0x000002677189ede0 Exception <a 'java/io/FileNotFoundException'{0x000000070b917a40}> (0x000000070b917a40) 
thrown [s\open\src\hotspot\share\prims\jni.cpp, line 520]
Event: 4986.579 Thread 0x00000267718a4330 Exception <a 'java/lang/InterruptedException'{0x0000000709f6c528}: sleep interrupted> (0x0000000709f6c528) 
thrown [s\open\src\hotspot\share\prims\jvm.cpp, line 3093]
Event: 4986.658 Thread 0x00000267723149a0 Exception <a 'sun/nio/fs/WindowsException'{0x00000007ffe92950}> (0x00000007ffe92950) 
thrown [s\open\src\hotspot\share\prims\jni.cpp, line 520]
Event: 4986.878 Thread 0x00000267723149a0 Exception <a 'java/lang/NoClassDefFoundError'{0x000000070b1d1ad0}: liquibase/integration/spring/SpringLiquibase> (0x000000070b1d1ad0) 
thrown [s\open\src\hotspot\share\oops\constantPool.cpp, line 872]
Event: 4986.883 Thread 0x00000267723149a0 Exception <a 'java/lang/NoClassDefFoundError'{0x000000070ae364e8}: org/jooq/DSLContext> (0x000000070ae364e8) 
thrown [s\open\src\hotspot\share\oops\constantPool.cpp, line 872]
Event: 4986.885 Thread 0x00000267723149a0 Exception <a 'java/lang/NoClassDefFoundError'{0x000000070ae41218}: org/springframework/batch/core/repository/JobRepository> (0x000000070ae41218) 
thrown [s\open\src\hotspot\share\oops\constantPool.cpp, line 872]
Event: 4986.887 Thread 0x00000267723149a0 Exception <a 'java/lang/NoClassDefFoundError'{0x000000070ae41870}: org/quartz/Scheduler> (0x000000070ae41870) 
thrown [s\open\src\hotspot\share\oops\constantPool.cpp, line 872]
Event: 4986.888 Thread 0x00000267723149a0 Exception <a 'java/lang/NoClassDefFoundError'{0x000000070ae41ef0}: org/springframework/session/jdbc/JdbcIndexedSessionRepository> (0x000000070ae41ef0) 
thrown [s\open\src\hotspot\share\oops\constantPool.cpp, line 872]
Event: 4986.929 Thread 0x00000267723149a0 Exception <a 'java/io/FileNotFoundException'{0x000000070a476e78}> (0x000000070a476e78) 
thrown [s\open\src\hotspot\share\prims\jni.cpp, line 520]
Event: 4986.971 Thread 0x00000267723149a0 Exception <a 'java/io/FileNotFoundException'{0x0000000709648290}> (0x0000000709648290) 
thrown [s\open\src\hotspot\share\prims\jni.cpp, line 520]
Event: 4987.346 Thread 0x00000267723149a0 Exception <a 'java/io/FileNotFoundException'{0x000000070bd22930}> (0x000000070bd22930) 
thrown [s\open\src\hotspot\share\prims\jni.cpp, line 520]
Event: 5007.358 Thread 0x0000026772317790 Exception <a 'java/lang/InterruptedException'{0x000000070a682ae0}: sleep interrupted> (0x000000070a682ae0) 
thrown [s\open\src\hotspot\share\prims\jvm.cpp, line 3093]
Event: 5007.445 Thread 0x0000026772314310 Exception <a 'sun/nio/fs/WindowsException'{0x00000007ffe9a6d0}> (0x00000007ffe9a6d0) 
thrown [s\open\src\hotspot\share\prims\jni.cpp, line 520]
Event: 5007.660 Thread 0x0000026772314310 Exception <a 'java/lang/NoClassDefFoundError'{0x000000070b1f3770}: liquibase/integration/spring/SpringLiquibase> (0x000000070b1f3770) 
thrown [s\open\src\hotspot\share\oops\constantPool.cpp, line 872]
Event: 5007.664 Thread 0x0000026772314310 Exception <a 'java/lang/NoClassDefFoundError'{0x000000070ae580e0}: org/jooq/DSLContext> (0x000000070ae580e0) 
thrown [s\open\src\hotspot\share\oops\constantPool.cpp, line 872]
Event: 5007.665 Thread 0x0000026772314310 Exception <a 'java/lang/NoClassDefFoundError'{0x000000070ae62e40}: org/springframework/batch/core/repository/JobRepository> (0x000000070ae62e40) 
thrown [s\open\src\hotspot\share\oops\constantPool.cpp, line 872]
Event: 5007.666 Thread 0x0000026772314310 Exception <a 'java/lang/NoClassDefFoundError'{0x000000070ae63498}: org/quartz/Scheduler> (0x000000070ae63498) 
thrown [s\open\src\hotspot\share\oops\constantPool.cpp, line 872]
Event: 5007.667 Thread 0x0000026772314310 Exception <a 'java/lang/NoClassDefFoundError'{0x000000070ae63b18}: org/springframework/session/jdbc/JdbcIndexedSessionRepository> (0x000000070ae63b18) 
thrown [s\open\src\hotspot\share\oops\constantPool.cpp, line 872]
Event: 5007.704 Thread 0x0000026772314310 Exception <a 'java/io/FileNotFoundException'{0x000000070a499378}> (0x000000070a499378) 
thrown [s\open\src\hotspot\share\prims\jni.cpp, line 520]
Event: 5007.741 Thread 0x0000026772314310 Exception <a 'java/io/FileNotFoundException'{0x0000000709668978}> (0x0000000709668978) 
thrown [s\open\src\hotspot\share\prims\jni.cpp, line 520]

ZGC Phase Switch (0 events):
No events

VM Operations (20 events):
Event: 5008.318 Executing VM operation: get/set locals
Event: 5008.318 Executing VM operation: get/set locals done
Event: 5008.319 Executing VM operation: get/set locals
Event: 5008.319 Executing VM operation: get/set locals done
Event: 5008.320 Executing VM operation: get/set locals
Event: 5008.320 Executing VM operation: get/set locals done
Event: 5008.320 Executing VM operation: get/set locals
Event: 5008.320 Executing VM operation: get/set locals done
Event: 5008.320 Executing VM operation: get/set locals
Event: 5008.320 Executing VM operation: get/set locals done
Event: 5008.321 Executing VM operation: get/set locals
Event: 5008.321 Executing VM operation: get/set locals done
Event: 5013.355 Executing VM operation: ChangeSingleStep
Event: 5013.355 Executing VM operation: ChangeSingleStep done
Event: 5013.355 Executing VM operation: ChangeSingleStep
Event: 5013.355 Executing VM operation: ChangeSingleStep done
Event: 5013.380 Executing VM operation: RedefineClasses
Event: 5013.453 Executing VM operation: RedefineClasses done
Event: 5013.455 Executing VM operation: ChangeSingleStep
Event: 5013.455 Executing VM operation: ChangeSingleStep done

Memory protections (0 events):
No events

Nmethod flushes (20 events):
Event: 5007.400 Thread 0x000002676891a980 flushing  nmethod 0x0000026752e07490
Event: 5007.400 Thread 0x000002676891a980 flushing  nmethod 0x000002675a7e1b10
Event: 5007.400 Thread 0x000002676891a980 flushing  nmethod 0x0000026751f15a90
Event: 5007.400 Thread 0x000002676891a980 flushing  nmethod 0x0000026752084b90
Event: 5007.400 Thread 0x000002676891a980 flushing  nmethod 0x0000026752d0e410
Event: 5007.400 Thread 0x000002676891a980 flushing  nmethod 0x0000026752d73290
Event: 5007.400 Thread 0x000002676891a980 flushing  nmethod 0x000002675a862f10
Event: 5007.400 Thread 0x000002676891a980 flushing  nmethod 0x0000026751e0bb90
Event: 5007.400 Thread 0x000002676891a980 flushing  nmethod 0x00000267523ac190
Event: 5007.400 Thread 0x000002676891a980 flushing  nmethod 0x000002675256e690
Event: 5007.400 Thread 0x000002676891a980 flushing  nmethod 0x0000026752a90310
Event: 5007.400 Thread 0x000002676891a980 flushing  nmethod 0x0000026752f6d410
Event: 5007.400 Thread 0x000002676891a980 flushing  nmethod 0x0000026751d66790
Event: 5007.400 Thread 0x000002676891a980 flushing  nmethod 0x0000026752430890
Event: 5007.400 Thread 0x000002676891a980 flushing  nmethod 0x0000026752444790
Event: 5007.400 Thread 0x000002676891a980 flushing  nmethod 0x00000267527ca290
Event: 5007.400 Thread 0x000002676891a980 flushing  nmethod 0x0000026752c74710
Event: 5007.400 Thread 0x000002676891a980 flushing  nmethod 0x0000026752c76510
Event: 5007.400 Thread 0x000002676891a980 flushing  nmethod 0x0000026752caa310
Event: 5007.400 Thread 0x000002676891a980 flushing  nmethod 0x0000026752cade10

Events (20 events):
Event: 5007.354 Thread 0x000002676f21e540 Thread added: 0x000002676f21d190
Event: 5007.354 Thread 0x00000267723135f0 Thread exited: 0x00000267723135f0
Event: 5007.355 Thread 0x000002676f21d190 Thread exited: 0x000002676f21d190
Event: 5007.358 Thread 0x0000026772317790 Thread exited: 0x0000026772317790
Event: 5007.432 Thread 0x000002676f21e540 Thread added: 0x00000267723135f0
Event: 5007.432 Thread 0x0000026772319ef0 Thread exited: 0x0000026772319ef0
Event: 5007.432 Thread 0x000002677231a580 Thread exited: 0x000002677231a580
Event: 5007.432 Thread 0x00000267723135f0 Thread exited: 0x00000267723135f0
Event: 5007.432 Thread 0x000002676f21e540 Thread added: 0x0000026772314310
Event: 5007.488 Thread 0x0000026772314310 Thread added: 0x00000267723135f0
Event: 5007.508 Thread 0x00000267723135f0 Thread exited: 0x00000267723135f0
Event: 5007.683 Thread 0x0000026768956fb0 Thread added: 0x000002676895a560
Event: 5007.742 Thread 0x0000026772314310 Thread added: 0x0000026772316a70
Event: 5007.742 Thread 0x0000026772314310 Thread added: 0x0000026772317790
Event: 5007.742 Thread 0x0000026772314310 Thread added: 0x00000267723149a0
Event: 5007.913 Thread 0x0000026772314310 Thread added: 0x0000026772318b40
Event: 5007.923 Thread 0x000002676895a560 Thread exited: 0x000002676895a560
Event: 5007.931 Thread 0x0000026772314310 Thread added: 0x00000267723191d0
Event: 5008.051 Thread 0x000002676895c770 Thread added: 0x000002676895a560
Event: 5008.251 Thread 0x000002676895a560 Thread exited: 0x000002676895a560


Dynamic libraries:
0x00007ff626240000 - 0x00007ff626250000 	C:\Program Files\Java\jdk-22\bin\javaw.exe
0x00007fff96830000 - 0x00007fff96a47000 	C:\Windows\SYSTEM32\ntdll.dll
0x00007fff94d30000 - 0x00007fff94df4000 	C:\Windows\System32\KERNEL32.DLL
0x00007fff93b70000 - 0x00007fff93f27000 	C:\Windows\System32\KERNELBASE.dll
0x00007fff93f30000 - 0x00007fff94041000 	C:\Windows\System32\ucrtbase.dll
0x00007fff81910000 - 0x00007fff81927000 	C:\Program Files\Java\jdk-22\bin\jli.dll
0x00007fff81760000 - 0x00007fff8177b000 	C:\Program Files\Java\jdk-22\bin\VCRUNTIME140.dll
0x00007fff960a0000 - 0x00007fff9624f000 	C:\Windows\System32\USER32.dll
0x00007fff943c0000 - 0x00007fff943e6000 	C:\Windows\System32\win32u.dll
0x00007fff7f0d0000 - 0x00007fff7f363000 	C:\Windows\WinSxS\amd64_microsoft.windows.common-controls_6595b64144ccf1df_6.0.22621.3672_none_2713b9d173822955\COMCTL32.dll
0x00007fff94a30000 - 0x00007fff94a59000 	C:\Windows\System32\GDI32.dll
0x00007fff94560000 - 0x00007fff94607000 	C:\Windows\System32\msvcrt.dll
0x00007fff942a0000 - 0x00007fff943b8000 	C:\Windows\System32\gdi32full.dll
0x00007fff94050000 - 0x00007fff940ea000 	C:\Windows\System32\msvcp_win.dll
0x00007fff95f70000 - 0x00007fff95fa1000 	C:\Windows\System32\IMM32.DLL
0x00007fff8afa0000 - 0x00007fff8afac000 	C:\Program Files\Java\jdk-22\bin\vcruntime140_1.dll
0x00007fff7fdc0000 - 0x00007fff7fe4e000 	C:\Program Files\Java\jdk-22\bin\msvcp140.dll
0x00007fff46e90000 - 0x00007fff47bd9000 	C:\Program Files\Java\jdk-22\bin\server\jvm.dll
0x00007fff94630000 - 0x00007fff946e2000 	C:\Windows\System32\ADVAPI32.dll
0x00007fff95280000 - 0x00007fff95328000 	C:\Windows\System32\sechost.dll
0x00007fff93b40000 - 0x00007fff93b68000 	C:\Windows\System32\bcrypt.dll
0x00007fff94b90000 - 0x00007fff94ca4000 	C:\Windows\System32\RPCRT4.dll
0x00007fff94860000 - 0x00007fff948d1000 	C:\Windows\System32\WS2_32.dll
0x00007fff929b0000 - 0x00007fff929fd000 	C:\Windows\SYSTEM32\POWRPROF.dll
0x00007fff8a160000 - 0x00007fff8a194000 	C:\Windows\SYSTEM32\WINMM.dll
0x00007fff8dfc0000 - 0x00007fff8dfca000 	C:\Windows\SYSTEM32\VERSION.dll
0x00007fff92990000 - 0x00007fff929a3000 	C:\Windows\SYSTEM32\UMPDC.dll
0x00007fff92c40000 - 0x00007fff92c58000 	C:\Windows\SYSTEM32\kernel.appcore.dll
0x00007fff8af60000 - 0x00007fff8af6a000 	C:\Program Files\Java\jdk-22\bin\jimage.dll
0x00007fff91260000 - 0x00007fff91492000 	C:\Windows\SYSTEM32\DBGHELP.DLL
0x00007fff96460000 - 0x00007fff967ee000 	C:\Windows\System32\combase.dll
0x00007fff94940000 - 0x00007fff94a17000 	C:\Windows\System32\OLEAUT32.dll
0x00007fff6dfe0000 - 0x00007fff6e012000 	C:\Windows\SYSTEM32\dbgcore.DLL
0x00007fff94160000 - 0x00007fff941db000 	C:\Windows\System32\bcryptPrimitives.dll
0x00007fff810a0000 - 0x00007fff810dc000 	C:\Program Files\Java\jdk-22\bin\jdwp.dll
0x00007fff8a2f0000 - 0x00007fff8a2ff000 	C:\Program Files\Java\jdk-22\bin\instrument.dll
0x00007fff812f0000 - 0x00007fff8130e000 	C:\Program Files\Java\jdk-22\bin\java.dll
0x00007fff95700000 - 0x00007fff95f69000 	C:\Windows\System32\SHELL32.dll
0x00007fff96250000 - 0x00007fff963f5000 	C:\Windows\System32\ole32.dll
0x00007fff919c0000 - 0x00007fff922bf000 	C:\Windows\SYSTEM32\windows.storage.dll
0x00007fff91880000 - 0x00007fff919bf000 	C:\Windows\SYSTEM32\wintypes.dll
0x00007fff94a80000 - 0x00007fff94b79000 	C:\Windows\System32\SHCORE.dll
0x00007fff96400000 - 0x00007fff9645e000 	C:\Windows\System32\shlwapi.dll
0x00007fff93a70000 - 0x00007fff93a97000 	C:\Windows\SYSTEM32\profapi.dll
0x00007fff6bad0000 - 0x00007fff6bba7000 	C:\Program Files\Java\jdk-22\bin\jsvml.dll
0x00007fff89fa0000 - 0x00007fff89fac000 	C:\Program Files\Java\jdk-22\bin\dt_socket.dll
0x00007fff923e0000 - 0x00007fff9240d000 	C:\Windows\SYSTEM32\IPHLPAPI.DLL
0x00007fff930a0000 - 0x00007fff93109000 	C:\Windows\system32\mswsock.dll
0x00007fff92410000 - 0x00007fff92512000 	C:\Windows\SYSTEM32\DNSAPI.dll
0x00007fff94850000 - 0x00007fff94859000 	C:\Windows\System32\NSI.dll
0x00007fff8a130000 - 0x00007fff8a13a000 	C:\Windows\System32\rasadhlp.dll
0x00007fff8b710000 - 0x00007fff8b793000 	C:\Windows\System32\fwpuclnt.dll
0x00007fff81280000 - 0x00007fff81297000 	C:\Program Files\Java\jdk-22\bin\zip.dll
0x00007fff89aa0000 - 0x00007fff89ab0000 	C:\Program Files\Java\jdk-22\bin\net.dll
0x00007fff80f50000 - 0x00007fff80f66000 	C:\Program Files\Java\jdk-22\bin\nio.dll
0x00007fff89960000 - 0x00007fff89970000 	C:\Program Files\Java\jdk-22\bin\verify.dll
0x00007fff89840000 - 0x00007fff8984a000 	C:\Program Files\Java\jdk-22\bin\management.dll
0x00007fff897d0000 - 0x00007fff897db000 	C:\Program Files\Java\jdk-22\bin\management_ext.dll
0x00007fff94b80000 - 0x00007fff94b88000 	C:\Windows\System32\PSAPI.DLL
0x00007fff891d0000 - 0x00007fff891db000 	C:\Program Files\Java\jdk-22\bin\le.dll
0x00007fff81750000 - 0x00007fff8175e000 	C:\Program Files\Java\jdk-22\bin\sunmscapi.dll
0x00007fff943f0000 - 0x00007fff94556000 	C:\Windows\System32\CRYPT32.dll
0x00007fff93500000 - 0x00007fff9352d000 	C:\Windows\SYSTEM32\ncrypt.dll
0x00007fff934c0000 - 0x00007fff934f7000 	C:\Windows\SYSTEM32\NTASN1.dll
0x00007fff933f0000 - 0x00007fff9340b000 	C:\Windows\SYSTEM32\CRYPTSP.dll
0x00007fff92ba0000 - 0x00007fff92bd5000 	C:\Windows\system32\rsaenh.dll
0x00007fff93140000 - 0x00007fff93168000 	C:\Windows\SYSTEM32\USERENV.dll
0x00007fff933d0000 - 0x00007fff933dc000 	C:\Windows\SYSTEM32\CRYPTBASE.dll
0x00007fff81330000 - 0x00007fff81339000 	C:\Program Files\Java\jdk-22\bin\extnet.dll
0x00007fff7f400000 - 0x00007fff7f408000 	C:\Windows\system32\wshunix.dll

dbghelp: loaded successfully - version: 4.0.5 - missing functions: none
symbol engine: initialized successfully - sym options: 0x614 - pdb path: .;C:\Program Files\Java\jdk-22\bin;C:\Windows\SYSTEM32;C:\Windows\WinSxS\amd64_microsoft.windows.common-controls_6595b64144ccf1df_6.0.22621.3672_none_2713b9d173822955;C:\Program Files\Java\jdk-22\bin\server

VM Arguments:
jvm_args: -XX:+ShowCodeDetailsInExceptionMessages -agentlib:jdwp=transport=dt_socket,suspend=y,address=localhost:59803 -javaagent:C:\Users\n.ivanov\Downloads\eclipse-jee-2024-09-R-win32-x86_64\eclipse\configuration\org.eclipse.osgi\446\0\.cp\lib\javaagent-shaded.jar -Dfile.encoding=UTF-8 -Dstdout.encoding=UTF-8 -Dstderr.encoding=UTF-8 
java_command: app.HangManApp
java_class_path (initial): C:\Users\n.ivanov\Desktop\hangman-niki-ivanov\target\classes;C:\Users\n.ivanov\apache-tomcat-10.1.26\lib\annotations-api.jar;C:\Users\n.ivanov\apache-tomcat-10.1.26\lib\catalina-ant.jar;C:\Users\n.ivanov\apache-tomcat-10.1.26\lib\catalina-ha.jar;C:\Users\n.ivanov\apache-tomcat-10.1.26\lib\catalina-ssi.jar;C:\Users\n.ivanov\apache-tomcat-10.1.26\lib\catalina-storeconfig.jar;C:\Users\n.ivanov\apache-tomcat-10.1.26\lib\catalina-tribes.jar;C:\Users\n.ivanov\apache-tomcat-10.1.26\lib\catalina.jar;C:\Users\n.ivanov\apache-tomcat-10.1.26\lib\ecj-4.27.jar;C:\Users\n.ivanov\apache-tomcat-10.1.26\lib\el-api.jar;C:\Users\n.ivanov\apache-tomcat-10.1.26\lib\jakartaee-migration-1.0.8-shaded.jar;C:\Users\n.ivanov\apache-tomcat-10.1.26\lib\jasper-el.jar;C:\Users\n.ivanov\apache-tomcat-10.1.26\lib\jasper.jar;C:\Users\n.ivanov\apache-tomcat-10.1.26\lib\jaspic-api.jar;C:\Users\n.ivanov\apache-tomcat-10.1.26\lib\jsp-api.jar;C:\Users\n.ivanov\apache-tomcat-10.1.26\lib\servlet-api.jar;C:\Users\n.ivanov\apache-tomcat-10.1.26\lib\tomcat-api.jar;C:\Users\n.ivanov\apache-tomcat-10.1.26\lib\tomcat-coyote-ffm.jar;C:\Users\n.ivanov\apache-tomcat-10.1.26\lib\tomcat-coyote.jar;C:\Users\n.ivanov\apache-tomcat-10.1.26\lib\tomcat-dbcp.jar;C:\Users\n.ivanov\apache-tomcat-10.1.26\lib\tomcat-i18n-cs.jar;C:\Users\n.ivanov\apache-tomcat-10.1.26\lib\tomcat-i18n-de.jar;C:\Users\n.ivanov\apache-tomcat-10.1.26\lib\tomcat-i18n-es.jar;C:\Users\n.ivanov\apache-tomcat-10.1.26\lib\tomcat-i18n-fr.jar;C:\Users\n.ivanov\apache-tomcat-10.1.26\lib\tomcat-i18n-ja.jar;C:\Users\n.ivanov\apache-tomcat-10.1.26\lib\tomcat-i18n-ko.jar;C:\Users\n.ivanov\apache-tomcat-10.1.26\lib\tomcat-i18n-pt-BR.jar;C:\Users\n.ivanov\apache-tomcat-10.1.26\lib\tomcat-i18n-ru.jar;C:\Users\n.ivanov\apache-tomcat-10.1.26\lib\tomcat-i18n-zh-CN.jar;C:\Users\n.ivanov\apache-tomcat-10.1.26\lib\tomcat-jdbc.jar;C:\Users\n.ivanov\apache-tomcat-10.1.26\lib\tomcat-jni.jar;C:\Users\n.ivanov\apache-tomcat-10.1.26\lib\tomcat-util-scan.jar;C:\Users\n.ivanov\apache-tomcat-10.1.26\lib\tomcat-util.jar;C:\Users\n.ivanov\apache-tomcat-10.1.26\lib\tomcat-websocket.jar;C:\Users\n.ivanov\apache-tomcat-10.1.26\lib\websocket-api.jar;C:\Users\n.ivanov\apache-tomcat-10.1.26\lib\websocket-client-api.jar;C:\Users\n.ivanov\.m2\repository\org\springframework\spring-core\6.1.12\spring-core-6.1.12.jar;C:\Users\n.ivanov\.m2\repository\org\springframework\spring-jcl\6.1.12\spring-jcl-6.1.12.jar;C:\Users\n.ivanov\.m2\repository\net\bytebuddy\byte-buddy\1.15.1\byte-buddy-1.15.1.jar;C:\Users\n.ivanov\.m2\repository\javax\servlet\javax.servlet-api\4.0.1\javax.servlet-api-4.0.1.jar;C:\Users\n.ivanov\.m2\repository\org\seleniumhq\selenium\selenium-java\4.24.0\selenium-java-4.24.0.jar;C:\Users\n.ivanov\.m2\repository\org\seleniumhq\selenium\selenium-api\4.24.0\selenium-api-4.24.0.jar;C:\Users\n.ivanov\.m2\repository\org\jspecify\jspecify\1.0.0\jspecify-1.0.0.jar;C:\Users\n.ivanov\.m2\repository\org\seleniumhq\selenium\selenium-chrome-driver\4.24.0\selenium-chrome-driver-4.24.0.jar;C:\Users\n.ivanov\.m2\repository\com\google\auto\service\auto-service-annotations\1.1.1\auto-service-annotations-1.1.1.jar;C:\Users\n.ivanov\.m2\repository\org\seleniumhq\selenium\selenium-chromium-driver\4.24.0\selenium-chromium-driver-4.24.0.jar;C:\Users\n.ivanov\.m2\repository\org\seleniumhq\selenium\selenium-json\4.24.0\selenium-json-4.24.0.jar;C:\Users\n.ivanov\.m2\repository\org\seleniumhq\selenium\selenium-manager\4.24.0\selenium-manager-4.24.0.jar;C:\Users\n.ivanov\.m2\repository\org\seleniumhq\selenium\selenium-devtools-v126\4.24.0\selenium-devtools-v126-4.24.0.jar;C:\Users\n.ivanov\.m2\repository\org\seleniumhq\selenium\selenium-devtools-v127\4.24.0\selenium-devtools-v127-4.24.0.jar;C:\Users\n.ivanov\.m2\repository\org\seleniumhq\selenium\selenium-devtools-v128\4.24.0\selenium-devtools-v128-4.24.0.jar;C:\Users\n.ivanov\.m2\repository\org\seleniumhq\selenium\selenium-devtools-v85\4.24.0\selenium-devtools-v85-4.24.0.jar;C:\Users\n.ivanov\.m2\repository\org\seleniumhq\selenium\selenium-edge-driver\4.24.0\selenium-edge-driver-4.24.0.jar;C:\Users\n.ivanov\.m2\repository\org\seleniumhq\selenium\selenium-firefox-driver\4.24.0\selenium-firefox-driver-4.24.0.jar;C:\Users\n.ivanov\.m2\repository\org\seleniumhq\selenium\selenium-http\4.24.0\selenium-http-4.24.0.jar;C:\Users\n.ivanov\.m2\repository\dev\failsafe\failsafe\3.3.2\failsafe-3.3.2.jar;C:\Users\n.ivanov\.m2\repository\org\seleniumhq\selenium\selenium-ie-driver\4.24.0\selenium-ie-driver-4.24.0.jar;C:\Users\n.ivanov\.m2\repository\org\seleniumhq\selenium\selenium-remote-driver\4.24.0\selenium-remote-driver-4.24.0.jar;C:\Users\n.ivanov\.m2\repository\com\google\guava\guava\33.3.0-jre\guava-33.3.0-jre.jar;C:\Users\n.ivanov\.m2\repository\com\google\guava\failureaccess\1.0.2\failureaccess-1.0.2.jar;C:\Users\n.ivanov\.m2\repository\com\google\guava\listenablefuture\9999.0-empty-to-avoid-conflict-with-guava\listenablefuture-9999.0-empty-to-avoid-conflict-with-guava.jar;C:\Users\n.ivanov\.m2\repository\com\google\code\findbugs\jsr305\3.0.2\jsr305-3.0.2.jar;C:\Users\n.ivanov\.m2\repository\com\google\errorprone\error_prone_annotations\2.28.0\error_prone_annotations-2.28.0.jar;C:\Users\n.ivanov\.m2\repository\com\google\j2objc\j2objc-annotations\3.0.0\j2objc-annotations-3.0.0.jar;C:\Users\n.ivanov\.m2\repository\io\opentelemetry\semconv\opentelemetry-semconv\1.25.0-alpha\opentelemetry-semconv-1.25.0-alpha.jar;C:\Users\n.ivanov\.m2\repository\io\opentelemetry\opentelemetry-api\1.41.0\opentelemetry-api-1.41.0.jar;C:\Users\n.ivanov\.m2\repository\io\opentelemetry\opentelemetry-context\1.41.0\opentelemetry-context-1.41.0.jar;C:\Users\n.ivanov\.m2\repository\io\opentelemetry\opentelemetry-exporter-logging\1.41.0\opentelemetry-exporter-logging-1.41.0.jar;C:\Users\n.ivanov\.m2\repository\io\opentelemetry\opentelemetry-sdk-common\1.41.0\opentelemetry-sdk-common-1.41.0.jar;C:\Users\n.ivanov\.m2\repository\io\opentelemetry\opentelemetry-sdk-extension-autoconfigure-spi\1.41.0\opentelemetry-sdk-extension-autoconfigure-spi-1.41.0.jar;C:\Users\n.ivanov\.m2\repository\io\opentelemetry\opentelemetry-sdk-extension-autoconfigure\1.41.0\opentelemetry-sdk-extension-autoconfigure-1.41.0.jar;C:\Users\n.ivanov\.m2\repository\io\opentelemetry\opentelemetry-api-incubator\1.41.0-alpha\opentelemetry-api-incubator-1.41.0-alpha.jar;C:\Users\n.ivanov\.m2\repository\io\opentelemetry\opentelemetry-sdk-trace\1.41.0\opentelemetry-sdk-trace-1.41.0.jar;C:\Users\n.ivanov\.m2\repository\io\opentelemetry\opentelemetry-sdk\1.41.0\opentelemetry-sdk-1.41.0.jar;C:\Users\n.ivanov\.m2\repository\io\opentelemetry\opentelemetry-sdk-metrics\1.41.0\opentelemetry-sdk-metrics-1.41.0.jar;C:\Users\n.ivanov\.m2\repository\io\opentelemetry\opentelemetry-sdk-logs\1.41.0\opentelemetry-sdk-logs-1.41.0.jar;C:\Users\n.ivanov\.m2\repository\org\seleniumhq\selenium\selenium-os\4.24.0\selenium-os-4.24.0.jar;C:\Users\n.ivanov\.m2\repository\org\apache\commons\commons-exec\1.4.0\commons-exec-1.4.0.jar;C:\Users\n.ivanov\.m2\repository\org\seleniumhq\selenium\selenium-safari-driver\4.24.0\selenium-safari-driver-4.24.0.jar;C:\Users\n.ivanov\.m2\repository\org\seleniumhq\selenium\selenium-support\4.24.0\selenium-support-4.24.0.jar;C:\Users\n.ivanov\.m2\repository\jakarta\servlet\jakarta.servlet-api\6.1.0\jakarta.servlet-api-6.1.0.jar;C:\Users\n.ivanov\.m2\repository\com\fasterxml\jackson\core\jackson-databind\2.17.2\jackson-databind-2.17.2.jar;C:\Users\n.ivanov\.m2\repository\com\fasterxml\jackson\core\jackson-annotations\2.17.2\jackson-annotations-2.17.2.jar;C:\Users\n.ivanov\.m2\repository\com\fasterxml\jackson\core\jackson-core\2.17.2\jackson-core-2.17.2.jar;C:\Users\n.ivanov\.m2\repository\org\springframework\spring-context\6.1.12\spring-context-6.1.12.jar;C:\Users\n.ivanov\.m2\repository\org\springframework\spring-aop\6.1.12\spring-aop-6.1.12.jar;C:\Users\n.ivanov\.m2\repository\org\springframework\spring-beans\6.1.12\spring-beans-6.1.12.jar;C:\Users\n.ivanov\.m2\repository\org\springframework\spring-expression\6.1.12\spring-expression-6.1.12.jar;C:\Users\n.ivanov\.m2\repository\io\micrometer\micrometer-observation\1.12.9\micrometer-observation-1.12.9.jar;C:\Users\n.ivanov\.m2\repository\io\micrometer\micrometer-commons\1.12.9\micrometer-commons-1.12.9.jar;C:\Users\n.ivanov\.m2\repository\org\springframework\boot\spring-boot-starter-web\3.3.4\spring-boot-starter-web-3.3.4.jar;C:\Users\n.ivanov\.m2\repository\org\springframework\boot\spring-boot-starter\3.3.4\spring-boot-starter-3.3.4.jar;C:\Users\n.ivanov\.m2\repository\org\springframework\boot\spring-boot-starter-logging\3.3.4\spring-boot-starter-logging-3.3.4.jar;C:\Users\n.ivanov\.m2\repository\org\slf4j\jul-to-slf4j\2.0.16\jul-to-slf4j-2.0.16.jar;C:\Users\n.ivanov\.m2\repository\jakarta\annotation\jakarta.annotation-api\2.1.1\jakarta.annotation-api-2.1.1.jar;C:\Users\n.ivanov\.m2\repository\org\yaml\snakeyaml\2.2\snakeyaml-2.2.jar;C:\Users\n.ivanov\.m2\repository\org\springframework\boot\spring-boot-starter-json\3.3.4\spring-boot-starter-json-3.3.4.jar;C:\Users\n.ivanov\.m2\repository\com\fasterxml\jackson\datatype\jackson-datatype-jdk8\2.17.2\jackson-datatype-jdk8-2.17.2.jar;C:\Users\n.ivanov\.m2\repository\com\fasterxml\jackson\module\jackson-module-parameter-names\2.17.2\jackson-module-parameter-names-2.17.2.jar;C:\Users\n.ivanov\.m2\repository\org\springframework\boot\spring-boot-starter-tomcat\3.3.4\spring-boot-starter-tomcat-3.3.4.jar;C:\Users\n.ivanov\.m2\repository\org\apache\tomcat\embed\tomcat-embed-websocket\10.1.30\tomcat-embed-websocket-10.1.30.jar;C:\Users\n.ivanov\.m2\repository\org\springframework\spring-web\6.1.13\spring-web-6.1.13.jar;C:\Users\n.ivanov\.m2\repository\org\springframework\spring-webmvc\6.1.13\spring-webmvc-6.1.13.jar;C:\Users\n.ivanov\.m2\repository\org\apache\tomcat\embed\tomcat-embed-jasper\11.0.0-M26\tomcat-embed-jasper-11.0.0-M26.jar;C:\Users\n.ivanov\.m2\repository\org\apache\tomcat\embed\tomcat-embed-core\11.0.0-M26\tomcat-embed-core-11.0.0-M26.jar;C:\Users\n.ivanov\.m2\repository\org\apache\tomcat\tomcat-annotations-api\11.0.0-M26\tomcat-annotations-api-11.0.0-M26.jar;C:\Users\n.ivanov\.m2\repository\org\apache\tomcat\embed\tomcat-embed-el\11.0.0-M26\tomcat-embed-el-11.0.0-M26.jar;C:\Users\n.ivanov\.m2\repository\org\eclipse\jdt\ecj\3.38.0\ecj-3.38.0.jar;C:\Users\n.ivanov\.m2\repository\org\springframework\boot\spring-boot-devtools\3.3.4\spring-boot-devtools-3.3.4.jar;C:\Users\n.ivanov\.m2\repository\org\springframework\boot\spring-boot\3.3.4\spring-boot-3.3.4.jar;C:\Users\n.ivanov\.m2\repository\org\springframework\boot\spring-boot-autoconfigure\3.3.4\spring-boot-autoconfigure-3.3.4.jar;C:\Users\n.ivanov\.m2\repository\org\springframework\boot\spring-boot-starter-data-jpa\3.3.4\spring-boot-starter-data-jpa-3.3.4.jar;C:\Users\n.ivanov\.m2\repository\org\springframework\boot\spring-boot-starter-aop\3.3.4\spring-boot-starter-aop-3.3.4.jar;C:\Users\n.ivanov\.m2\repository\org\aspectj\aspectjweaver\1.9.22.1\aspectjweaver-1.9.22.1.jar;C:\Users\n.ivanov\.m2\repository\org\springframework\boot\spring-boot-starter-jdbc\3.3.4\spring-boot-starter-jdbc-3.3.4.jar;C:\Users\n.ivanov\.m2\repository\com\zaxxer\HikariCP\5.1.0\HikariCP-5.1.0.jar;C:\Users\n.ivanov\.m2\repository\org\springframework\spring-jdbc\6.1.13\spring-jdbc-6.1.13.jar;C:\Users\n.ivanov\.m2\repository\org\hibernate\orm\hibernate-core\6.5.3.Final\hibernate-core-6.5.3.Final.jar;C:\Users\n.ivanov\.m2\repository\jakarta\persistence\jakarta.persistence-api\3.1.0\jakarta.persistence-api-3.1.0.jar;C:\Users\n.ivanov\.m2\repository\jakarta\transaction\jakarta.transaction-api\2.0.1\jakarta.transaction-api-2.0.1.jar;C:\Users\n.ivanov\.m2\repository\org\hibernate\common\hibernate-commons-annotations\6.0.6.Final\hibernate-commons-annotations-6.0.6.Final.jar;C:\Users\n.ivanov\.m2\repository\io\smallrye\jandex\3.1.2\jandex-3.1.2.jar;C:\Users\n.ivanov\.m2\repository\jakarta\inject\jakarta.inject-api\2.0.1\jakarta.inject-api-2.0.1.jar;C:\Users\n.ivanov\.m2\repository\org\antlr\antlr4-runtime\4.13.0\antlr4-runtime-4.13.0.jar;C:\Users\n.ivanov\.m2\repository\org\springframework\data\spring-data-jpa\3.3.4\spring-data-jpa-3.3.4.jar;C:\Users\n.ivanov\.m2\repository\org\springframework\data\spring-data-commons\3.3.4\spring-data-commons-3.3.4.jar;C:\Users\n.ivanov\.m2\repository\org\springframework\spring-orm\6.1.13\spring-orm-6.1.13.jar;C:\Users\n.ivanov\.m2\repository\org\springframework\spring-tx\6.1.13\spring-tx-6.1.13.jar;C:\Users\n.ivanov\.m2\repository\org\springframework\spring-aspects\6.1.13\spring-aspects-6.1.13.jar;C:\Users\n.ivanov\.m2\repository\org\mariadb\jdbc\mariadb-java-client\3.4.1\mariadb-java-client-3.4.1.jar;C:\Users\n.ivanov\.m2\repository\com\github\waffle\waffle-jna\3.3.0\waffle-jna-3.3.0.jar;C:\Users\n.ivanov\.m2\repository\net\java\dev\jna\jna\5.13.0\jna-5.13.0.jar;C:\Users\n.ivanov\.m2\repository\net\java\dev\jna\jna-platform\5.13.0\jna-platform-5.13.0.jar;C:\Users\n.ivanov\.m2\repository\org\slf4j\jcl-over-slf4j\2.0.7\jcl-over-slf4j-2.0.7.jar;C:\Users\n.ivanov\.m2\repository\com\github\ben-manes\caffeine\caffeine\2.9.3\caffeine-2.9.3.jar;C:\Users\n.ivanov\.m2\repository\org\postgresql\postgresql\42.7.4\postgresql-42.7.4.jar;C:\Users\n.ivanov\.m2\repository\org\checkerframework\checker-qual\3.42.0\checker-qual-3.42.0.jar;C:\Users\n.ivanov\.m2\repository\org\flywaydb\flyway-core\10.20.0\flyway-core-10.20.0.jar;C:\Users\n.ivanov\.m2\repository\com\fasterxml\jackson\dataformat\jackson-dataformat-toml\2.15.2\jackson-dataformat-toml-2.15.2.jar;C:\Users\n.ivanov\.m2\repository\com\fasterxml\jackson\datatype\jackson-datatype-jsr310\2.15.2\jackson-datatype-jsr310-2.15.2.jar;C:\Users\n.ivanov\.m2\repository\org\flywaydb\flyway-database-postgresql\10.20.0\flyway-database-postgresql-10.20.0.jar;C:\Users\n.ivanov\.m2\repository\org\slf4j\slf4j-api\2.0.7\slf4j-api-2.0.7.jar;C:\Users\n.ivanov\.m2\repository\ch\qos\logback\logback-classic\1.5.11\logback-classic-1.5.11.jar;C:\Users\n.ivanov\.m2\repository\org\projectlombok\lombok\1.16.18\lombok-1.16.18.jar;C:\Users\n.ivanov\.m2\repository\ch\qos\logback\logback-core\1.5.11\logback-core-1.5.11.jar;C:\Users\n.ivanov\.m2\repository\org\springdoc\springdoc-openapi-starter-webmvc-ui\2.6.0\springdoc-openapi-starter-webmvc-ui-2.6.0.jar;C:\Users\n.ivanov\.m2\repository\org\springdoc\springdoc-openapi-starter-webmvc-api\2.6.0\springdoc-openapi-starter-webmvc-api-2.6.0.jar;C:\Users\n.ivanov\.m2\repository\org\springdoc\springdoc-openapi-starter-common\2.6.0\springdoc-openapi-starter-common-2.6.0.jar;C:\Users\n.ivanov\.m2\repository\io\swagger\core\v3\swagger-core-jakarta\2.2.22\swagger-core-jakarta-2.2.22.jar;C:\Users\n.ivanov\.m2\repository\org\apache\commons\commons-lang3\3.14.0\commons-lang3-3.14.0.jar;C:\Users\n.ivanov\.m2\repository\io\swagger\core\v3\swagger-annotations-jakarta\2.2.22\swagger-annotations-jakarta-2.2.22.jar;C:\Users\n.ivanov\.m2\repository\io\swagger\core\v3\swagger-models-jakarta\2.2.22\swagger-models-jakarta-2.2.22.jar;C:\Users\n.ivanov\.m2\repository\com\fasterxml\jackson\dataformat\jackson-dataformat-yaml\2.16.2\jackson-dataformat-yaml-2.16.2.jar;C:\Users\n.ivanov\.m2\repository\org\webjars\swagger-ui\5.17.14\swagger-ui-5.17.14.jar;C:\Users\n.ivanov\.m2\repository\org\hibernate\validator\hibernate-validator\8.0.1.Final\hibernate-validator-8.0.1.Final.jar;C:\Users\n.ivanov\.m2\repository\jakarta\validation\jakarta.validation-api\3.0.2\jakarta.validation-api-3.0.2.jar;C:\Users\n.ivanov\.m2\repository\org\jboss\logging\jboss-logging\3.4.3.Final\jboss-logging-3.4.3.Final.jar;C:\Users\n.ivanov\.m2\repository\com\fasterxml\classmate\1.5.1\classmate-1.5.1.jar;C:\Users\n.ivanov\.m2\repository\org\springframework\ws\spring-ws-core\4.0.11\spring-ws-core-4.0.11.jar;C:\Users\n.ivanov\.m2\repository\org\springframework\ws\spring-xml\4.0.11\spring-xml-4.0.11.jar;C:\Users\n.ivanov\.m2\repository\org\springframework\spring-oxm\6.0.16\spring-oxm-6.0.16.jar;C:\Users\n.ivanov\.m2\repository\jakarta\xml\soap\jakarta.xml.soap-api\3.0.0\jakarta.xml.soap-api-3.0.0.jar;C:\Users\n.ivanov\.m2\repository\com\sun\xml\messaging\saaj\saaj-impl\2.0.1\saaj-impl-2.0.1.jar;C:\Users\n.ivanov\.m2\repository\org\jvnet\staxex\stax-ex\2.0.1\stax-ex-2.0.1.jar;C:\Users\n.ivanov\.m2\repository\org\springframework\ws\spring-ws-support\4.0.11\spring-ws-support-4.0.11.jar;C:\Users\n.ivanov\.m2\repository\org\springframework\spring-jms\6.0.16\spring-jms-6.0.16.jar;C:\Users\n.ivanov\.m2\repository\org\springframework\spring-messaging\6.0.16\spring-messaging-6.0.16.jar;C:\Users\n.ivanov\.m2\repository\jakarta\mail\jakarta.mail-api\2.1.0\jakarta.mail-api-2.1.0.jar;C:\Users\n.ivanov\.m2\repository\org\eclipse\angus\angus-mail\1.0.0\angus-mail-1.0.0.jar;C:\Users\n.ivanov\.m2\repository\org\eclipse\angus\angus-activation\1.0.0\angus-activation-1.0.0.jar;C:\Users\n.ivanov\.m2\repository\org\glassfish\jaxb\jaxb-runtime\4.0.5\jaxb-runtime-4.0.5.jar;C:\Users\n.ivanov\.m2\repository\org\glassfish\jaxb\jaxb-core\4.0.5\jaxb-core-4.0.5.jar;C:\Users\n.ivanov\.m2\repository\org\glassfish\jaxb\txw2\4.0.5\txw2-4.0.5.jar;C:\Users\n.ivanov\.m2\repository\com\sun\istack\istack-commons-runtime\4.1.2\istack-commons-runtime-4.1.2.jar;C:\Users\n.ivanov\.m2\repository\jakarta\xml\bind\jakarta.xml.bind-api\4.0.2\jakarta.xml.bind-api-4.0.2.jar;C:\Users\n.ivanov\.m2\repository\jakarta\activation\jakarta.activation-api\2.1.3\jakarta.activation-api-2.1.3.jar;C:\Users\n.ivanov\.m2\repository\wsdl4j\wsdl4j\1.6.2\wsdl4j-1.6.2.jar;C:\Users\n.ivanov\.m2\repository\org\springframework\boot\spring-boot-starter-web-services\3.3.3\spring-boot-starter-web-services-3.3.3.jar;C:\Users\n.ivanov\.m2\repository\jakarta\xml\ws\jakarta.xml.ws-api\4.0.2\jakarta.xml.ws-api-4.0.2.jar
Launcher Type: SUN_STANDARD

[Global flags]
     intx CICompilerCount                          = 4                                         {product} {ergonomic}
     uint ConcGCThreads                            = 2                                         {product} {ergonomic}
     uint G1ConcRefinementThreads                  = 8                                         {product} {ergonomic}
   size_t G1HeapRegionSize                         = 2097152                                   {product} {ergonomic}
   size_t InitialHeapSize                          = 264241152                                 {product} {ergonomic}
   size_t MarkStackSize                            = 4194304                                   {product} {ergonomic}
   size_t MaxHeapSize                              = 4221566976                                {product} {ergonomic}
   size_t MaxNewSize                               = 2531262464                                {product} {ergonomic}
   size_t MinHeapDeltaBytes                        = 2097152                                   {product} {ergonomic}
   size_t MinHeapSize                              = 8388608                                   {product} {ergonomic}
    uintx NonNMethodCodeHeapSize                   = 5839372                                {pd product} {ergonomic}
    uintx NonProfiledCodeHeapSize                  = 122909434                              {pd product} {ergonomic}
    uintx ProfiledCodeHeapSize                     = 122909434                              {pd product} {ergonomic}
    uintx ReservedCodeCacheSize                    = 251658240                              {pd product} {ergonomic}
     bool SegmentedCodeCache                       = true                                      {product} {ergonomic}
     bool ShowCodeDetailsInExceptionMessages       = true                                   {manageable} {command line}
   size_t SoftMaxHeapSize                          = 4221566976                             {manageable} {ergonomic}
     bool UseCompressedOops                        = true                           {product lp64_product} {ergonomic}
     bool UseG1GC                                  = true                                      {product} {ergonomic}
     bool UseLargePagesIndividualAllocation        = false                                  {pd product} {ergonomic}

Logging:
Log output configuration:
 #0: stdout all=warning uptime,level,tags foldmultilines=false
 #1: stderr all=off uptime,level,tags foldmultilines=false

Environment Variables:
JAVA_HOME=C:\Program Files\Java\jdk-22
PATH=C:/Users/n.ivanov/Downloads/eclipse-jee-2024-09-R-win32-x86_64/eclipse//plugins/org.eclipse.justj.openjdk.hotspot.jre.full.win32.x86_64_21.0.4.v20240802-1551/jre/bin/server;C:/Users/n.ivanov/Downloads/eclipse-jee-2024-09-R-win32-x86_64/eclipse//plugins/org.eclipse.justj.openjdk.hotspot.jre.full.win32.x86_64_21.0.4.v20240802-1551/jre/bin;C:\Program Files\Common Files\Oracle\Java\javapath;C:\Windows\system32;C:\Windows;C:\Windows\System32\Wbem;C:\Windows\System32\WindowsPowerShell\v1.0\;C:\Windows\System32\OpenSSH\;C:\Program Files\Git\cmd;C:\Program Files\Java\jdk-22\bin;C:\Program Files\nodejs\;C:\Program Files\Docker\Docker\resources\bin;C:\Program Files\TortoiseGit\bin;C:\Users\n.ivanov\AppData\Local\Microsoft\WindowsApps;C:\Users\n.ivanov\AppData\Local\Programs\Microsoft VS Code\bin;C:\Users\n.ivanov\AppData\Roaming\npm;C:\Users\n.ivanov\Downloads\eclipse-jee-2024-09-R-win32-x86_64\eclipse;
USERNAME=n.ivanov
OS=Windows_NT
PROCESSOR_IDENTIFIER=Intel64 Family 6 Model 140 Stepping 1, GenuineIntel
TMP=C:\Users\NAE3D~1.IVA\AppData\Local\Temp
TEMP=C:\Users\NAE3D~1.IVA\AppData\Local\Temp




Periodic native trim disabled

---------------  S Y S T E M  ---------------

OS:
 Windows 11 , 64 bit Build 22621 (10.0.22621.3958)
OS uptime: 5 days 1:07 hours
Hyper-V role detected

CPU: total 8 (initial active 8) (4 cores per cpu, 2 threads per core) family 6 model 140 stepping 1 microcode 0xb6, cx8, cmov, fxsr, ht, mmx, 3dnowpref, sse, sse2, sse3, ssse3, sse4.1, sse4.2, popcnt, lzcnt, tsc, tscinvbit, avx, avx2, aes, erms, clmul, bmi1, bmi2, adx, avx512f, avx512dq, avx512cd, avx512bw, avx512vl, sha, fma, vzeroupper, avx512_vpopcntdq, avx512_vpclmulqdq, avx512_vaes, avx512_vnni, clflush, clflushopt, clwb, avx512_vbmi2, avx512_vbmi, hv, rdtscp, rdpid, fsrm, gfni, avx512_bitalg, f16c, cet_ibt, cet_ss, avx512_ifma
Processor Information for all 8 processors :
  Max Mhz: 2419, Current Mhz: 907, Mhz Limit: 895

Memory: 4k page, system-wide physical 16103M (7131M free)
TotalPageFile size 18535M (AvailPageFile size 5472M)
current process WorkingSet (physical memory assigned to process): 490M, peak: 494M
current process commit charge ("private bytes"): 537M, peak: 550M

vm_info: Java HotSpot(TM) 64-Bit Server VM (22.0.2+9-70) for windows-amd64 JRE (22.0.2+9-70), built on 2024-06-04T16:52:23Z by "mach5one" with MS VC++ 17.6 (VS2022)

END.
